TN:
SF:src/App.tsx
FN:17,(anonymous_1)
FN:55,App
FNF:2
FNH:0
FNDA:0,(anonymous_1)
FNDA:0,App
DA:1,0
DA:2,0
DA:3,0
DA:4,0
DA:5,0
DA:6,0
DA:7,0
DA:8,0
DA:9,0
DA:10,0
DA:11,0
DA:12,0
DA:16,0
DA:17,0
DA:56,0
DA:85,0
LF:16
LH:0
BRF:0
BRH:0
end_of_record
TN:
SF:src/main.tsx
FNF:0
FNH:0
DA:1,0
DA:2,0
DA:3,0
DA:4,0
DA:7,0
DA:8,0
DA:9,0
DA:12,0
DA:14,0
LF:9
LH:0
BRDA:8,0,0,0
BRF:1
BRH:0
end_of_record
TN:
SF:src/api/baseApi.ts
FN:10,(anonymous_0)
FN:13,(anonymous_1)
FN:48,(anonymous_2)
FNF:3
FNH:0
FNDA:0,(anonymous_0)
FNDA:0,(anonymous_1)
FNDA:0,(anonymous_2)
DA:1,0
DA:10,0
DA:11,0
DA:14,0
DA:15,0
DA:16,0
DA:18,0
DA:19,0
DA:23,0
DA:26,0
DA:28,0
DA:31,0
DA:35,0
DA:48,0
DA:51,0
LF:15
LH:0
BRDA:12,0,0,0
BRDA:12,0,1,0
BRDA:15,1,0,0
BRDA:26,2,0,0
BRDA:26,3,0,0
BRDA:26,3,1,0
BRF:6
BRH:0
end_of_record
TN:
SF:src/api/capitalActivityApi.ts
FN:5,(anonymous_0)
FN:16,(anonymous_1)
FN:25,(anonymous_2)
FN:26,(anonymous_3)
FN:31,(anonymous_4)
FN:44,(anonymous_5)
FN:49,(anonymous_6)
FN:54,(anonymous_7)
FN:63,(anonymous_8)
FN:67,(anonymous_9)
FN:75,(anonymous_10)
FN:80,(anonymous_11)
FN:88,(anonymous_12)
FN:93,(anonymous_13)
FN:98,(anonymous_14)
FN:102,(anonymous_15)
FN:107,(anonymous_16)
FN:108,(anonymous_17)
FN:118,(anonymous_18)
FNF:19
FNH:0
FNDA:0,(anonymous_0)
FNDA:0,(anonymous_1)
FNDA:0,(anonymous_2)
FNDA:0,(anonymous_3)
FNDA:0,(anonymous_4)
FNDA:0,(anonymous_5)
FNDA:0,(anonymous_6)
FNDA:0,(anonymous_7)
FNDA:0,(anonymous_8)
FNDA:0,(anonymous_9)
FNDA:0,(anonymous_10)
FNDA:0,(anonymous_11)
FNDA:0,(anonymous_12)
FNDA:0,(anonymous_13)
FNDA:0,(anonymous_14)
FNDA:0,(anonymous_15)
FNDA:0,(anonymous_16)
FNDA:0,(anonymous_17)
FNDA:0,(anonymous_18)
DA:1,0
DA:4,0
DA:5,0
DA:16,0
DA:25,0
DA:26,0
DA:31,0
DA:44,0
DA:49,0
DA:54,0
DA:63,0
DA:67,0
DA:75,0
DA:80,0
DA:88,0
DA:93,0
DA:98,0
DA:102,0
DA:107,0
DA:108,0
DA:118,0
DA:128,0
LF:22
LH:0
BRDA:16,0,0,0
BRDA:16,1,0,0
BRF:2
BRH:0
end_of_record
TN:
SF:src/api/fundApi.ts
FN:5,(anonymous_0)
FN:14,(anonymous_1)
FN:23,(anonymous_2)
FN:24,(anonymous_3)
FN:29,(anonymous_4)
FN:39,(anonymous_5)
FN:44,(anonymous_6)
FN:49,(anonymous_7)
FN:58,(anonymous_8)
FN:59,(anonymous_9)
FN:68,(anonymous_10)
FN:72,(anonymous_11)
FNF:12
FNH:0
FNDA:0,(anonymous_0)
FNDA:0,(anonymous_1)
FNDA:0,(anonymous_2)
FNDA:0,(anonymous_3)
FNDA:0,(anonymous_4)
FNDA:0,(anonymous_5)
FNDA:0,(anonymous_6)
FNDA:0,(anonymous_7)
FNDA:0,(anonymous_8)
FNDA:0,(anonymous_9)
FNDA:0,(anonymous_10)
FNDA:0,(anonymous_11)
DA:1,0
DA:4,0
DA:5,0
DA:14,0
DA:23,0
DA:24,0
DA:29,0
DA:39,0
DA:44,0
DA:49,0
DA:58,0
DA:59,0
DA:68,0
DA:72,0
DA:78,0
LF:15
LH:0
BRDA:14,0,0,0
BRDA:14,1,0,0
BRDA:68,2,0,0
BRDA:68,3,0,0
BRF:4
BRH:0
end_of_record
TN:
SF:src/api/index.ts
FN:2,(anonymous_0)
FN:5,(anonymous_1)
FN:7,(anonymous_2)
FN:8,(anonymous_3)
FN:9,(anonymous_4)
FN:10,(anonymous_5)
FN:11,(anonymous_6)
FN:12,(anonymous_7)
FN:13,(anonymous_8)
FN:17,(anonymous_9)
FN:19,(anonymous_10)
FN:20,(anonymous_11)
FN:21,(anonymous_12)
FN:22,(anonymous_13)
FN:23,(anonymous_14)
FN:24,(anonymous_15)
FN:25,(anonymous_16)
FN:26,(anonymous_17)
FN:27,(anonymous_18)
FN:31,(anonymous_19)
FN:33,(anonymous_20)
FN:34,(anonymous_21)
FN:35,(anonymous_22)
FN:36,(anonymous_23)
FN:37,(anonymous_24)
FN:38,(anonymous_25)
FN:39,(anonymous_26)
FN:40,(anonymous_27)
FN:41,(anonymous_28)
FN:42,(anonymous_29)
FN:43,(anonymous_30)
FN:48,(anonymous_31)
FN:59,(anonymous_32)
FNF:33
FNH:0
FNDA:0,(anonymous_0)
FNDA:0,(anonymous_1)
FNDA:0,(anonymous_2)
FNDA:0,(anonymous_3)
FNDA:0,(anonymous_4)
FNDA:0,(anonymous_5)
FNDA:0,(anonymous_6)
FNDA:0,(anonymous_7)
FNDA:0,(anonymous_8)
FNDA:0,(anonymous_9)
FNDA:0,(anonymous_10)
FNDA:0,(anonymous_11)
FNDA:0,(anonymous_12)
FNDA:0,(anonymous_13)
FNDA:0,(anonymous_14)
FNDA:0,(anonymous_15)
FNDA:0,(anonymous_16)
FNDA:0,(anonymous_17)
FNDA:0,(anonymous_18)
FNDA:0,(anonymous_19)
FNDA:0,(anonymous_20)
FNDA:0,(anonymous_21)
FNDA:0,(anonymous_22)
FNDA:0,(anonymous_23)
FNDA:0,(anonymous_24)
FNDA:0,(anonymous_25)
FNDA:0,(anonymous_26)
FNDA:0,(anonymous_27)
FNDA:0,(anonymous_28)
FNDA:0,(anonymous_29)
FNDA:0,(anonymous_30)
FNDA:0,(anonymous_31)
FNDA:0,(anonymous_32)
DA:2,0
DA:5,0
DA:6,0
DA:7,0
DA:8,0
DA:9,0
DA:10,0
DA:11,0
DA:12,0
DA:13,0
DA:17,0
DA:18,0
DA:19,0
DA:20,0
DA:21,0
DA:22,0
DA:23,0
DA:24,0
DA:25,0
DA:26,0
DA:27,0
DA:31,0
DA:32,0
DA:33,0
DA:34,0
DA:35,0
DA:36,0
DA:37,0
DA:38,0
DA:39,0
DA:40,0
DA:41,0
DA:42,0
DA:43,0
DA:47,0
DA:50,0
DA:51,0
DA:53,0
DA:54,0
DA:59,0
DA:60,0
DA:61,0
DA:62,0
DA:64,0
DA:65,0
DA:67,0
DA:68,0
DA:70,0
DA:71,0
DA:73,0
DA:74,0
DA:76,0
DA:77,0
DA:79,0
DA:80,0
DA:82,0
DA:83,0
DA:86,0
DA:87,0
DA:89,0
LF:60
LH:0
BRDA:60,0,0,0
BRDA:61,1,0,0
BRDA:64,2,0,0
BRDA:67,3,0,0
BRDA:70,4,0,0
BRDA:73,5,0,0
BRDA:76,6,0,0
BRDA:79,7,0,0
BRDA:82,8,0,0
BRDA:86,9,0,0
BRF:10
BRH:0
end_of_record
TN:
SF:src/api/investorApi.ts
FN:5,(anonymous_0)
FN:14,(anonymous_1)
FN:23,(anonymous_2)
FN:24,(anonymous_3)
FN:29,(anonymous_4)
FN:39,(anonymous_5)
FN:44,(anonymous_6)
FN:49,(anonymous_7)
FN:62,(anonymous_8)
FN:67,(anonymous_9)
FN:76,(anonymous_10)
FN:81,(anonymous_11)
FN:90,(anonymous_12)
FN:94,(anonymous_13)
FN:99,(anonymous_14)
FN:100,(anonymous_15)
FNF:16
FNH:0
FNDA:0,(anonymous_0)
FNDA:0,(anonymous_1)
FNDA:0,(anonymous_2)
FNDA:0,(anonymous_3)
FNDA:0,(anonymous_4)
FNDA:0,(anonymous_5)
FNDA:0,(anonymous_6)
FNDA:0,(anonymous_7)
FNDA:0,(anonymous_8)
FNDA:0,(anonymous_9)
FNDA:0,(anonymous_10)
FNDA:0,(anonymous_11)
FNDA:0,(anonymous_12)
FNDA:0,(anonymous_13)
FNDA:0,(anonymous_14)
FNDA:0,(anonymous_15)
DA:1,0
DA:4,0
DA:5,0
DA:14,0
DA:23,0
DA:24,0
DA:29,0
DA:39,0
DA:44,0
DA:49,0
DA:62,0
DA:67,0
DA:76,0
DA:81,0
DA:90,0
DA:94,0
DA:99,0
DA:100,0
DA:106,0
LF:19
LH:0
BRDA:14,0,0,0
BRDA:14,1,0,0
BRDA:90,2,0,0
BRDA:90,3,0,0
BRF:4
BRH:0
end_of_record
TN:
SF:src/components/Auth/ForgotPassword.tsx
FN:4,(anonymous_1)
FNF:1
FNH:0
FNDA:0,(anonymous_1)
DA:1,0
DA:2,0
DA:4,0
DA:5,0
DA:13,0
LF:5
LH:0
BRF:0
BRH:0
end_of_record
TN:
SF:src/components/Auth/Login.tsx
FN:2,(anonymous_1)
FNF:1
FNH:0
FNDA:0,(anonymous_1)
DA:2,0
LF:1
LH:0
BRF:0
BRH:0
end_of_record
TN:
SF:src/components/Auth/LoginNew.tsx
FN:42,(anonymous_9)
FN:45,(anonymous_10)
FN:56,(anonymous_11)
FN:94,(anonymous_12)
FN:318,(anonymous_13)
FNF:5
FNH:0
FNDA:0,(anonymous_9)
FNDA:0,(anonymous_10)
FNDA:0,(anonymous_11)
FNDA:0,(anonymous_12)
FNDA:0,(anonymous_13)
DA:1,0
DA:2,0
DA:3,0
DA:4,0
DA:20,0
DA:26,0
DA:27,0
DA:30,0
DA:33,0
DA:42,0
DA:43,0
DA:44,0
DA:45,0
DA:47,0
DA:48,0
DA:50,0
DA:57,0
DA:59,0
DA:70,0
DA:76,0
DA:77,0
DA:80,0
DA:87,0
DA:89,0
DA:94,0
DA:95,0
DA:99,0
DA:100,0
DA:103,0
DA:318,0
DA:400,0
LF:31
LH:0
BRDA:99,0,0,0
BRDA:240,1,0,0
BRDA:240,1,1,0
BRDA:264,2,0,0
BRDA:264,2,1,0
BRDA:265,3,0,0
BRDA:265,3,1,0
BRDA:282,4,0,0
BRDA:282,4,1,0
BRDA:287,5,0,0
BRDA:287,5,1,0
BRDA:288,6,0,0
BRDA:288,6,1,0
BRDA:305,7,0,0
BRDA:305,7,1,0
BRDA:348,8,0,0
BRDA:348,8,1,0
BRDA:358,9,0,0
BRDA:358,9,1,0
BRF:19
BRH:0
end_of_record
TN:
SF:src/components/Auth/MFALogin.tsx
FN:43,(anonymous_10)
FN:63,(anonymous_11)
FN:108,(anonymous_12)
FN:114,(anonymous_13)
FNF:4
FNH:0
FNDA:0,(anonymous_10)
FNDA:0,(anonymous_11)
FNDA:0,(anonymous_12)
FNDA:0,(anonymous_13)
DA:1,0
DA:2,0
DA:14,0
DA:19,0
DA:20,0
DA:21,0
DA:22,0
DA:23,0
DA:24,0
DA:30,0
DA:43,0
DA:44,0
DA:45,0
DA:46,0
DA:47,0
DA:49,0
DA:50,0
DA:52,0
DA:64,0
DA:65,0
DA:67,0
DA:73,0
DA:76,0
DA:77,0
DA:80,0
DA:83,0
DA:88,0
DA:91,0
DA:92,0
DA:94,0
DA:96,0
DA:97,0
DA:98,0
DA:101,0
DA:103,0
DA:108,0
DA:109,0
DA:110,0
DA:111,0
DA:114,0
DA:115,0
DA:116,0
DA:117,0
DA:119,0
DA:120,0
DA:124,0
DA:236,0
LF:47
LH:0
BRDA:56,0,0,0
BRDA:56,0,1,0
BRDA:91,1,0,0
BRDA:91,1,1,0
BRDA:97,2,0,0
BRDA:97,2,1,0
BRDA:147,3,0,0
BRDA:147,3,1,0
BRDA:151,4,0,0
BRDA:151,4,1,0
BRDA:152,5,0,0
BRDA:152,5,1,0
BRDA:153,6,0,0
BRDA:153,6,1,0
BRDA:155,7,0,0
BRDA:155,7,1,0
BRDA:161,8,0,0
BRDA:161,8,1,0
BRDA:175,9,0,0
BRDA:175,9,1,0
BRDA:178,10,0,0
BRDA:178,10,1,0
BRDA:191,11,0,0
BRDA:191,11,1,0
BRDA:197,12,0,0
BRDA:197,12,1,0
BRF:26
BRH:0
end_of_record
TN:
SF:src/components/Auth/MFASetup.tsx
FN:50,(anonymous_10)
FN:61,(anonymous_11)
FN:65,(anonymous_12)
FN:77,(anonymous_13)
FN:100,(anonymous_14)
FN:123,(anonymous_15)
FN:142,(anonymous_16)
FN:148,(anonymous_17)
FN:271,(anonymous_18)
FN:335,(anonymous_19)
FN:424,(anonymous_20)
FN:440,(anonymous_21)
FN:458,(anonymous_22)
FNF:13
FNH:0
FNDA:0,(anonymous_10)
FNDA:0,(anonymous_11)
FNDA:0,(anonymous_12)
FNDA:0,(anonymous_13)
FNDA:0,(anonymous_14)
FNDA:0,(anonymous_15)
FNDA:0,(anonymous_16)
FNDA:0,(anonymous_17)
FNDA:0,(anonymous_18)
FNDA:0,(anonymous_19)
FNDA:0,(anonymous_20)
FNDA:0,(anonymous_21)
FNDA:0,(anonymous_22)
DA:1,0
DA:2,0
DA:25,0
DA:32,0
DA:33,0
DA:34,0
DA:35,0
DA:36,0
DA:43,0
DA:50,0
DA:51,0
DA:54,0
DA:55,0
DA:56,0
DA:57,0
DA:58,0
DA:59,0
DA:61,0
DA:62,0
DA:65,0
DA:66,0
DA:67,0
DA:68,0
DA:69,0
DA:70,0
DA:73,0
DA:77,0
DA:78,0
DA:79,0
DA:80,0
DA:81,0
DA:82,0
DA:83,0
DA:85,0
DA:86,0
DA:91,0
DA:95,0
DA:101,0
DA:102,0
DA:103,0
DA:108,0
DA:109,0
DA:110,0
DA:112,0
DA:113,0
DA:118,0
DA:123,0
DA:124,0
DA:125,0
DA:126,0
DA:127,0
DA:128,0
DA:129,0
DA:130,0
DA:132,0
DA:133,0
DA:138,0
DA:142,0
DA:143,0
DA:144,0
DA:145,0
DA:148,0
DA:149,0
DA:150,0
DA:151,0
DA:152,0
DA:153,0
DA:154,0
DA:155,0
DA:156,0
DA:157,0
DA:158,0
DA:159,0
DA:162,0
DA:181,0
DA:271,0
DA:335,0
DA:424,0
DA:441,0
DA:458,0
DA:467,0
LF:81
LH:0
BRDA:68,0,0,0
BRDA:87,1,0,0
BRDA:87,1,1,0
BRDA:105,2,0,0
BRDA:105,2,1,0
BRDA:114,3,0,0
BRDA:114,3,1,0
BRDA:134,4,0,0
BRDA:134,4,1,0
BRDA:215,5,0,0
BRDA:215,5,1,0
BRDA:236,6,0,0
BRDA:236,6,1,0
BRDA:254,7,0,0
BRDA:254,7,1,0
BRDA:256,8,0,0
BRDA:256,8,1,0
BRDA:299,9,0,0
BRDA:299,9,1,0
BRDA:300,10,0,0
BRDA:300,10,1,0
BRDA:308,11,0,0
BRDA:308,11,1,0
BRDA:311,12,0,0
BRDA:311,12,1,0
BRF:25
BRH:0
end_of_record
TN:
SF:src/components/Auth/RegistrationSuccess.tsx
FN:11,(anonymous_1)
FNF:1
FNH:0
FNDA:0,(anonymous_1)
DA:1,0
DA:2,0
DA:3,0
DA:11,0
DA:12,0
DA:159,0
LF:6
LH:0
BRF:0
BRH:0
end_of_record
TN:
SF:src/components/Auth/ResetPassword.tsx
FN:4,(anonymous_1)
FNF:1
FNH:0
FNDA:0,(anonymous_1)
DA:1,0
DA:2,0
DA:4,0
DA:5,0
DA:13,0
LF:5
LH:0
BRF:0
BRH:0
end_of_record
TN:
SF:src/components/Auth/SetupPassword.tsx
FN:30,(anonymous_9)
FN:48,(anonymous_10)
FN:54,(anonymous_11)
FN:67,(anonymous_12)
FN:91,(anonymous_13)
FN:92,(anonymous_14)
FN:95,(anonymous_15)
FN:99,(anonymous_16)
FN:110,(anonymous_17)
FN:124,(anonymous_18)
FN:130,(anonymous_19)
FN:180,(anonymous_20)
FN:189,(anonymous_21)
FN:289,(anonymous_22)
FN:298,(anonymous_23)
FN:319,(anonymous_24)
FNF:16
FNH:0
FNDA:0,(anonymous_9)
FNDA:0,(anonymous_10)
FNDA:0,(anonymous_11)
FNDA:0,(anonymous_12)
FNDA:0,(anonymous_13)
FNDA:0,(anonymous_14)
FNDA:0,(anonymous_15)
FNDA:0,(anonymous_16)
FNDA:0,(anonymous_17)
FNDA:0,(anonymous_18)
FNDA:0,(anonymous_19)
FNDA:0,(anonymous_20)
FNDA:0,(anonymous_21)
FNDA:0,(anonymous_22)
FNDA:0,(anonymous_23)
FNDA:0,(anonymous_24)
DA:1,0
DA:2,0
DA:3,0
DA:30,0
DA:31,0
DA:32,0
DA:33,0
DA:34,0
DA:36,0
DA:37,0
DA:38,0
DA:39,0
DA:41,0
DA:48,0
DA:49,0
DA:50,0
DA:54,0
DA:55,0
DA:63,0
DA:64,0
DA:67,0
DA:68,0
DA:69,0
DA:71,0
DA:72,0
DA:73,0
DA:74,0
DA:77,0
DA:78,0
DA:79,0
DA:80,0
DA:83,0
DA:84,0
DA:87,0
DA:88,0
DA:91,0
DA:92,0
DA:94,0
DA:95,0
DA:99,0
DA:100,0
DA:102,0
DA:104,0
DA:105,0
DA:107,0
DA:110,0
DA:113,0
DA:115,0
DA:116,0
DA:118,0
DA:122,0
DA:124,0
DA:125,0
DA:126,0
DA:127,0
DA:130,0
DA:131,0
DA:132,0
DA:133,0
DA:136,0
DA:180,0
DA:189,0
DA:289,0
DA:298,0
DA:319,0
DA:384,0
LF:66
LH:0
BRDA:49,0,0,0
BRDA:49,1,0,0
BRDA:49,1,1,0
BRDA:71,2,0,0
BRDA:71,2,1,0
BRDA:73,3,0,0
BRDA:77,4,0,0
BRDA:77,4,1,0
BRDA:79,5,0,0
BRDA:83,6,0,0
BRDA:94,7,0,0
BRDA:102,8,0,0
BRDA:125,9,0,0
BRDA:126,10,0,0
BRDA:131,11,0,0
BRDA:132,12,0,0
BRDA:148,13,0,0
BRDA:148,13,1,0
BRDA:178,14,0,0
BRDA:178,14,1,0
BRDA:182,15,0,0
BRDA:182,15,1,0
BRDA:191,16,0,0
BRDA:191,16,1,0
BRDA:198,17,0,0
BRDA:198,17,1,0
BRDA:203,18,0,0
BRDA:203,18,1,0
BRDA:208,19,0,0
BRDA:208,19,1,0
BRDA:209,20,0,0
BRDA:209,20,1,0
BRDA:226,21,0,0
BRDA:226,21,1,0
BRDA:231,22,0,0
BRDA:231,22,1,0
BRDA:236,23,0,0
BRDA:236,23,1,0
BRDA:241,24,0,0
BRDA:241,24,1,0
BRDA:246,25,0,0
BRDA:246,25,1,0
BRDA:251,26,0,0
BRDA:251,26,1,0
BRDA:256,27,0,0
BRDA:256,27,1,0
BRDA:261,28,0,0
BRDA:261,28,1,0
BRDA:266,29,0,0
BRDA:266,29,1,0
BRDA:271,30,0,0
BRDA:271,30,1,0
BRDA:287,31,0,0
BRDA:287,31,1,0
BRDA:291,32,0,0
BRDA:291,32,1,0
BRDA:300,33,0,0
BRDA:300,33,1,0
BRDA:307,34,0,0
BRDA:307,34,1,0
BRDA:327,35,0,0
BRDA:327,35,1,0
BRDA:348,36,0,0
BRDA:348,36,1,0
BRDA:362,37,0,0
BRDA:362,37,1,0
BRDA:365,38,0,0
BRDA:365,38,1,0
BRF:68
BRH:0
end_of_record
TN:
SF:src/components/Auth/SimpleLogin.tsx
FN:18,(anonymous_9)
FN:33,(anonymous_10)
FN:50,(anonymous_11)
FN:51,(anonymous_12)
FN:55,(anonymous_13)
FN:59,(anonymous_14)
FN:144,(anonymous_15)
FN:169,(anonymous_16)
FN:178,(anonymous_17)
FN:198,(anonymous_18)
FNF:10
FNH:0
FNDA:0,(anonymous_9)
FNDA:0,(anonymous_10)
FNDA:0,(anonymous_11)
FNDA:0,(anonymous_12)
FNDA:0,(anonymous_13)
FNDA:0,(anonymous_14)
FNDA:0,(anonymous_15)
FNDA:0,(anonymous_16)
FNDA:0,(anonymous_17)
FNDA:0,(anonymous_18)
DA:1,0
DA:2,0
DA:3,0
DA:18,0
DA:19,0
DA:20,0
DA:21,0
DA:23,0
DA:24,0
DA:25,0
DA:27,0
DA:33,0
DA:34,0
DA:36,0
DA:37,0
DA:38,0
DA:39,0
DA:42,0
DA:43,0
DA:46,0
DA:47,0
DA:50,0
DA:51,0
DA:54,0
DA:55,0
DA:59,0
DA:60,0
DA:62,0
DA:63,0
DA:66,0
DA:68,0
DA:69,0
DA:80,0
DA:81,0
DA:83,0
DA:84,0
DA:86,0
DA:87,0
DA:90,0
DA:92,0
DA:93,0
DA:96,0
DA:98,0
DA:102,0
DA:144,0
DA:169,0
DA:178,0
DA:198,0
DA:283,0
LF:49
LH:0
BRDA:36,0,0,0
BRDA:36,0,1,0
BRDA:38,1,0,0
BRDA:42,2,0,0
BRDA:54,3,0,0
BRDA:62,4,0,0
BRDA:69,5,0,0
BRDA:69,5,1,0
BRDA:80,6,0,0
BRDA:80,6,1,0
BRDA:83,7,0,0
BRDA:86,8,0,0
BRDA:93,9,0,0
BRDA:93,9,1,0
BRDA:119,10,0,0
BRDA:119,10,1,0
BRDA:146,11,0,0
BRDA:146,11,1,0
BRDA:151,12,0,0
BRDA:151,12,1,0
BRDA:166,13,0,0
BRDA:166,13,1,0
BRDA:171,14,0,0
BRDA:171,14,1,0
BRDA:180,15,0,0
BRDA:180,15,1,0
BRDA:187,16,0,0
BRDA:187,16,1,0
BRDA:216,17,0,0
BRDA:216,17,1,0
BRDA:233,18,0,0
BRDA:233,18,1,0
BRF:32
BRH:0
end_of_record
TN:
SF:src/components/Auth/UserRegistration.tsx
FN:35,(anonymous_9)
FN:54,(anonymous_10)
FN:69,(anonymous_11)
FN:94,(anonymous_12)
FN:121,(anonymous_13)
FN:122,(anonymous_14)
FN:125,(anonymous_15)
FN:129,(anonymous_16)
FN:135,(anonymous_17)
FN:140,(anonymous_18)
FN:178,(anonymous_19)
FN:184,(anonymous_20)
FN:243,(anonymous_21)
FN:262,(anonymous_22)
FN:282,(anonymous_23)
FN:300,(anonymous_24)
FN:353,(anonymous_25)
FN:362,(anonymous_26)
FN:460,(anonymous_27)
FN:469,(anonymous_28)
FN:491,(anonymous_29)
FN:515,(anonymous_30)
FNF:22
FNH:0
FNDA:0,(anonymous_9)
FNDA:0,(anonymous_10)
FNDA:0,(anonymous_11)
FNDA:0,(anonymous_12)
FNDA:0,(anonymous_13)
FNDA:0,(anonymous_14)
FNDA:0,(anonymous_15)
FNDA:0,(anonymous_16)
FNDA:0,(anonymous_17)
FNDA:0,(anonymous_18)
FNDA:0,(anonymous_19)
FNDA:0,(anonymous_20)
FNDA:0,(anonymous_21)
FNDA:0,(anonymous_22)
FNDA:0,(anonymous_23)
FNDA:0,(anonymous_24)
FNDA:0,(anonymous_25)
FNDA:0,(anonymous_26)
FNDA:0,(anonymous_27)
FNDA:0,(anonymous_28)
FNDA:0,(anonymous_29)
FNDA:0,(anonymous_30)
DA:1,0
DA:2,0
DA:3,0
DA:35,0
DA:36,0
DA:37,0
DA:38,0
DA:39,0
DA:40,0
DA:41,0
DA:43,0
DA:54,0
DA:55,0
DA:63,0
DA:64,0
DA:67,0
DA:69,0
DA:70,0
DA:72,0
DA:73,0
DA:76,0
DA:77,0
DA:80,0
DA:81,0
DA:82,0
DA:83,0
DA:86,0
DA:87,0
DA:90,0
DA:91,0
DA:94,0
DA:95,0
DA:97,0
DA:98,0
DA:99,0
DA:100,0
DA:103,0
DA:104,0
DA:105,0
DA:106,0
DA:109,0
DA:110,0
DA:113,0
DA:114,0
DA:117,0
DA:118,0
DA:121,0
DA:122,0
DA:124,0
DA:125,0
DA:129,0
DA:130,0
DA:131,0
DA:135,0
DA:136,0
DA:137,0
DA:140,0
DA:141,0
DA:143,0
DA:144,0
DA:147,0
DA:148,0
DA:149,0
DA:163,0
DA:164,0
DA:168,0
DA:169,0
DA:172,0
DA:174,0
DA:178,0
DA:179,0
DA:180,0
DA:181,0
DA:184,0
DA:185,0
DA:186,0
DA:187,0
DA:190,0
DA:243,0
DA:262,0
DA:282,0
DA:300,0
DA:353,0
DA:362,0
DA:460,0
DA:469,0
DA:491,0
DA:515,0
DA:599,0
LF:89
LH:0
BRDA:72,0,0,0
BRDA:76,1,0,0
BRDA:80,2,0,0
BRDA:80,2,1,0
BRDA:82,3,0,0
BRDA:86,4,0,0
BRDA:97,5,0,0
BRDA:97,5,1,0
BRDA:99,6,0,0
BRDA:103,7,0,0
BRDA:103,7,1,0
BRDA:105,8,0,0
BRDA:109,9,0,0
BRDA:113,10,0,0
BRDA:124,11,0,0
BRDA:130,12,0,0
BRDA:143,13,0,0
BRDA:149,14,0,0
BRDA:149,14,1,0
BRDA:163,15,0,0
BRDA:163,15,1,0
BRDA:169,16,0,0
BRDA:169,16,1,0
BRDA:179,17,0,0
BRDA:180,18,0,0
BRDA:185,19,0,0
BRDA:186,20,0,0
BRDA:210,21,0,0
BRDA:210,21,1,0
BRDA:212,22,0,0
BRDA:212,22,1,0
BRDA:215,23,0,0
BRDA:215,23,1,0
BRDA:218,24,0,0
BRDA:218,24,1,0
BRDA:229,25,0,0
BRDA:229,25,1,0
BRDA:245,26,0,0
BRDA:245,26,1,0
BRDA:249,27,0,0
BRDA:249,27,1,0
BRDA:264,28,0,0
BRDA:264,28,1,0
BRDA:268,29,0,0
BRDA:268,29,1,0
BRDA:284,30,0,0
BRDA:284,30,1,0
BRDA:288,31,0,0
BRDA:288,31,1,0
BRDA:302,32,0,0
BRDA:302,32,1,0
BRDA:314,33,0,0
BRDA:314,33,1,0
BRDA:339,34,0,0
BRDA:339,34,1,0
BRDA:351,35,0,0
BRDA:351,35,1,0
BRDA:355,36,0,0
BRDA:355,36,1,0
BRDA:364,37,0,0
BRDA:364,37,1,0
BRDA:371,38,0,0
BRDA:371,38,1,0
BRDA:376,39,0,0
BRDA:376,39,1,0
BRDA:381,40,0,0
BRDA:381,40,1,0
BRDA:382,41,0,0
BRDA:382,41,1,0
BRDA:397,42,0,0
BRDA:397,42,1,0
BRDA:402,43,0,0
BRDA:402,43,1,0
BRDA:407,44,0,0
BRDA:407,44,1,0
BRDA:412,45,0,0
BRDA:412,45,1,0
BRDA:417,46,0,0
BRDA:417,46,1,0
BRDA:422,47,0,0
BRDA:422,47,1,0
BRDA:427,48,0,0
BRDA:427,48,1,0
BRDA:432,49,0,0
BRDA:432,49,1,0
BRDA:437,50,0,0
BRDA:437,50,1,0
BRDA:442,51,0,0
BRDA:442,51,1,0
BRDA:458,52,0,0
BRDA:458,52,1,0
BRDA:462,53,0,0
BRDA:462,53,1,0
BRDA:471,54,0,0
BRDA:471,54,1,0
BRDA:478,55,0,0
BRDA:478,55,1,0
BRDA:503,56,0,0
BRDA:503,56,1,0
BRDA:527,57,0,0
BRDA:527,57,1,0
BRDA:550,58,0,0
BRDA:550,58,1,0
BRDA:570,59,0,0
BRDA:570,59,1,0
BRF:105
BRH:0
end_of_record
TN:
SF:src/components/CapitalActivities/CapitalActivityDetails.tsx
FN:4,(anonymous_1)
FNF:1
FNH:0
FNDA:0,(anonymous_1)
DA:1,0
DA:2,0
DA:4,0
DA:5,0
DA:12,0
LF:5
LH:0
BRF:0
BRH:0
end_of_record
TN:
SF:src/components/CapitalActivities/CapitalActivityForm.tsx
FN:57,(anonymous_9)
FN:85,(anonymous_10)
FN:86,(anonymous_11)
FN:129,(anonymous_12)
FN:131,(anonymous_13)
FN:143,(anonymous_14)
FN:148,(anonymous_15)
FN:183,(anonymous_16)
FN:212,(anonymous_17)
FN:223,(anonymous_18)
FN:245,(anonymous_19)
FN:289,(anonymous_20)
FN:295,(anonymous_21)
FN:311,(anonymous_22)
FN:329,(anonymous_23)
FN:348,(anonymous_24)
FN:377,(anonymous_25)
FN:395,(anonymous_26)
FN:423,(anonymous_27)
FN:443,(anonymous_28)
FN:458,(anonymous_29)
FN:478,(anonymous_30)
FNF:22
FNH:0
FNDA:0,(anonymous_9)
FNDA:0,(anonymous_10)
FNDA:0,(anonymous_11)
FNDA:0,(anonymous_12)
FNDA:0,(anonymous_13)
FNDA:0,(anonymous_14)
FNDA:0,(anonymous_15)
FNDA:0,(anonymous_16)
FNDA:0,(anonymous_17)
FNDA:0,(anonymous_18)
FNDA:0,(anonymous_19)
FNDA:0,(anonymous_20)
FNDA:0,(anonymous_21)
FNDA:0,(anonymous_22)
FNDA:0,(anonymous_23)
FNDA:0,(anonymous_24)
FNDA:0,(anonymous_25)
FNDA:0,(anonymous_26)
FNDA:0,(anonymous_27)
FNDA:0,(anonymous_28)
FNDA:0,(anonymous_29)
FNDA:0,(anonymous_30)
DA:1,0
DA:2,0
DA:3,0
DA:4,0
DA:57,0
DA:58,0
DA:59,0
DA:60,0
DA:63,0
DA:64,0
DA:65,0
DA:66,0
DA:68,0
DA:70,0
DA:83,0
DA:85,0
DA:86,0
DA:87,0
DA:88,0
DA:90,0
DA:92,0
DA:95,0
DA:96,0
DA:97,0
DA:98,0
DA:100,0
DA:114,0
DA:119,0
DA:121,0
DA:125,0
DA:129,0
DA:130,0
DA:131,0
DA:132,0
DA:133,0
DA:140,0
DA:141,0
DA:143,0
DA:148,0
DA:149,0
DA:151,0
DA:152,0
DA:155,0
DA:156,0
DA:159,0
DA:160,0
DA:163,0
DA:164,0
DA:167,0
DA:168,0
DA:171,0
DA:172,0
DA:175,0
DA:176,0
DA:179,0
DA:180,0
DA:183,0
DA:184,0
DA:186,0
DA:187,0
DA:190,0
DA:191,0
DA:193,0
DA:194,0
DA:195,0
DA:205,0
DA:206,0
DA:208,0
DA:211,0
DA:212,0
DA:213,0
DA:217,0
DA:219,0
DA:223,0
DA:224,0
DA:231,0
DA:233,0
DA:234,0
DA:241,0
DA:245,0
DA:289,0
DA:296,0
DA:311,0
DA:329,0
DA:348,0
DA:377,0
DA:395,0
DA:423,0
DA:443,0
DA:458,0
DA:478,0
DA:496,0
LF:92
LH:0
BRDA:92,0,0,0
BRDA:92,0,1,0
BRDA:95,1,0,0
BRDA:95,2,0,0
BRDA:95,2,1,0
BRDA:107,3,0,0
BRDA:107,3,1,0
BRDA:107,4,0,0
BRDA:107,4,1,0
BRDA:108,5,0,0
BRDA:108,5,1,0
BRDA:108,6,0,0
BRDA:108,6,1,0
BRDA:109,7,0,0
BRDA:109,7,1,0
BRDA:109,8,0,0
BRDA:109,8,1,0
BRDA:111,9,0,0
BRDA:111,9,1,0
BRDA:130,10,0,0
BRDA:130,11,0,0
BRDA:130,11,1,0
BRDA:130,11,2,0
BRDA:132,12,0,0
BRDA:151,13,0,0
BRDA:155,14,0,0
BRDA:159,15,0,0
BRDA:163,16,0,0
BRDA:167,17,0,0
BRDA:171,18,0,0
BRDA:175,19,0,0
BRDA:186,20,0,0
BRDA:205,21,0,0
BRDA:205,21,1,0
BRDA:217,22,0,0
BRDA:217,22,1,0
BRDA:233,23,0,0
BRDA:252,24,0,0
BRDA:252,24,1,0
BRDA:255,25,0,0
BRDA:255,25,1,0
BRDA:260,26,0,0
BRDA:260,26,1,0
BRDA:266,27,0,0
BRDA:266,27,1,0
BRDA:269,28,0,0
BRDA:269,28,1,0
BRDA:288,29,0,0
BRDA:288,29,1,0
BRDA:289,30,0,0
BRDA:289,30,1,0
BRDA:291,31,0,0
BRDA:291,31,1,0
BRDA:299,32,0,0
BRDA:299,32,1,0
BRDA:331,33,0,0
BRDA:331,33,1,0
BRDA:335,34,0,0
BRDA:335,34,1,0
BRDA:350,35,0,0
BRDA:350,35,1,0
BRDA:354,36,0,0
BRDA:354,36,1,0
BRDA:379,37,0,0
BRDA:379,37,1,0
BRDA:382,38,0,0
BRDA:382,38,1,0
BRDA:397,39,0,0
BRDA:397,39,1,0
BRDA:400,40,0,0
BRDA:400,40,1,0
BRDA:425,41,0,0
BRDA:425,41,1,0
BRDA:430,42,0,0
BRDA:430,42,1,0
BRDA:488,43,0,0
BRDA:488,43,1,0
BRDA:488,44,0,0
BRDA:488,44,1,0
BRF:79
BRH:0
end_of_record
TN:
SF:src/components/CapitalActivities/CapitalActivityList.tsx
FN:53,(anonymous_9)
FN:69,(anonymous_10)
FN:73,(anonymous_11)
FN:140,(anonymous_12)
FN:149,(anonymous_13)
FN:174,(anonymous_14)
FN:183,(anonymous_15)
FN:194,(anonymous_16)
FN:205,(anonymous_17)
FN:215,(anonymous_18)
FN:225,(anonymous_19)
FN:228,(anonymous_20)
FN:229,(anonymous_21)
FN:240,(anonymous_22)
FN:242,(anonymous_23)
FN:248,(anonymous_24)
FN:258,(anonymous_25)
FN:263,(anonymous_26)
FN:268,(anonymous_27)
FN:277,(anonymous_28)
FN:282,(anonymous_29)
FN:288,(anonymous_30)
FN:299,(anonymous_31)
FN:302,(anonymous_32)
FN:310,(anonymous_33)
FN:313,(anonymous_34)
FN:321,(anonymous_35)
FN:325,(anonymous_36)
FN:330,(anonymous_37)
FN:345,(anonymous_38)
FN:345,(anonymous_39)
FN:364,(anonymous_40)
FN:365,(anonymous_41)
FN:368,(anonymous_42)
FN:369,(anonymous_43)
FN:371,(anonymous_44)
FN:372,(anonymous_45)
FN:394,(anonymous_46)
FN:397,(anonymous_47)
FN:492,(anonymous_48)
FN:511,(anonymous_49)
FN:530,(anonymous_50)
FN:548,(anonymous_51)
FN:550,(anonymous_52)
FN:583,(anonymous_53)
FN:589,(anonymous_54)
FN:600,(anonymous_55)
FN:612,(anonymous_56)
FN:616,(anonymous_57)
FN:622,(anonymous_58)
FN:655,(anonymous_59)
FN:661,(anonymous_60)
FN:687,(anonymous_61)
FN:727,(anonymous_62)
FN:735,(anonymous_63)
FN:776,(anonymous_64)
FN:785,(anonymous_65)
FN:805,(anonymous_66)
FN:833,(anonymous_67)
FN:839,(anonymous_68)
FNF:60
FNH:0
FNDA:0,(anonymous_9)
FNDA:0,(anonymous_10)
FNDA:0,(anonymous_11)
FNDA:0,(anonymous_12)
FNDA:0,(anonymous_13)
FNDA:0,(anonymous_14)
FNDA:0,(anonymous_15)
FNDA:0,(anonymous_16)
FNDA:0,(anonymous_17)
FNDA:0,(anonymous_18)
FNDA:0,(anonymous_19)
FNDA:0,(anonymous_20)
FNDA:0,(anonymous_21)
FNDA:0,(anonymous_22)
FNDA:0,(anonymous_23)
FNDA:0,(anonymous_24)
FNDA:0,(anonymous_25)
FNDA:0,(anonymous_26)
FNDA:0,(anonymous_27)
FNDA:0,(anonymous_28)
FNDA:0,(anonymous_29)
FNDA:0,(anonymous_30)
FNDA:0,(anonymous_31)
FNDA:0,(anonymous_32)
FNDA:0,(anonymous_33)
FNDA:0,(anonymous_34)
FNDA:0,(anonymous_35)
FNDA:0,(anonymous_36)
FNDA:0,(anonymous_37)
FNDA:0,(anonymous_38)
FNDA:0,(anonymous_39)
FNDA:0,(anonymous_40)
FNDA:0,(anonymous_41)
FNDA:0,(anonymous_42)
FNDA:0,(anonymous_43)
FNDA:0,(anonymous_44)
FNDA:0,(anonymous_45)
FNDA:0,(anonymous_46)
FNDA:0,(anonymous_47)
FNDA:0,(anonymous_48)
FNDA:0,(anonymous_49)
FNDA:0,(anonymous_50)
FNDA:0,(anonymous_51)
FNDA:0,(anonymous_52)
FNDA:0,(anonymous_53)
FNDA:0,(anonymous_54)
FNDA:0,(anonymous_55)
FNDA:0,(anonymous_56)
FNDA:0,(anonymous_57)
FNDA:0,(anonymous_58)
FNDA:0,(anonymous_59)
FNDA:0,(anonymous_60)
FNDA:0,(anonymous_61)
FNDA:0,(anonymous_62)
FNDA:0,(anonymous_63)
FNDA:0,(anonymous_64)
FNDA:0,(anonymous_65)
FNDA:0,(anonymous_66)
FNDA:0,(anonymous_67)
FNDA:0,(anonymous_68)
DA:1,0
DA:2,0
DA:3,0
DA:4,0
DA:19,0
DA:53,0
DA:55,0
DA:56,0
DA:57,0
DA:58,0
DA:59,0
DA:60,0
DA:61,0
DA:62,0
DA:63,0
DA:64,0
DA:65,0
DA:66,0
DA:67,0
DA:69,0
DA:70,0
DA:73,0
DA:74,0
DA:75,0
DA:76,0
DA:77,0
DA:78,0
DA:80,0
DA:82,0
DA:135,0
DA:139,0
DA:141,0
DA:144,0
DA:145,0
DA:146,0
DA:147,0
DA:150,0
DA:151,0
DA:153,0
DA:154,0
DA:159,0
DA:160,0
DA:165,0
DA:166,0
DA:167,0
DA:168,0
DA:171,0
DA:174,0
DA:175,0
DA:183,0
DA:184,0
DA:185,0
DA:186,0
DA:187,0
DA:188,0
DA:189,0
DA:190,0
DA:194,0
DA:195,0
DA:196,0
DA:197,0
DA:198,0
DA:199,0
DA:200,0
DA:201,0
DA:205,0
DA:206,0
DA:207,0
DA:208,0
DA:209,0
DA:210,0
DA:211,0
DA:215,0
DA:216,0
DA:217,0
DA:218,0
DA:219,0
DA:220,0
DA:221,0
DA:225,0
DA:226,0
DA:227,0
DA:228,0
DA:229,0
DA:230,0
DA:231,0
DA:232,0
DA:234,0
DA:236,0
DA:240,0
DA:241,0
DA:242,0
DA:244,0
DA:248,0
DA:249,0
DA:250,0
DA:251,0
DA:253,0
DA:255,0
DA:258,0
DA:259,0
DA:261,0
DA:262,0
DA:263,0
DA:264,0
DA:267,0
DA:268,0
DA:269,0
DA:271,0
DA:273,0
DA:277,0
DA:278,0
DA:280,0
DA:281,0
DA:282,0
DA:283,0
DA:286,0
DA:288,0
DA:289,0
DA:291,0
DA:293,0
DA:295,0
DA:299,0
DA:300,0
DA:301,0
DA:302,0
DA:303,0
DA:306,0
DA:310,0
DA:311,0
DA:312,0
DA:313,0
DA:314,0
DA:317,0
DA:321,0
DA:322,0
DA:323,0
DA:324,0
DA:325,0
DA:328,0
DA:330,0
DA:345,0
DA:346,0
DA:347,0
DA:348,0
DA:349,0
DA:350,0
DA:351,0
DA:352,0
DA:353,0
DA:354,0
DA:356,0
DA:358,0
DA:363,0
DA:364,0
DA:365,0
DA:367,0
DA:368,0
DA:369,0
DA:371,0
DA:372,0
DA:375,0
DA:384,0
DA:391,0
DA:394,0
DA:397,0
DA:399,0
DA:400,0
DA:407,0
DA:408,0
DA:415,0
DA:492,0
DA:511,0
DA:530,0
DA:548,0
DA:551,0
DA:583,0
DA:589,0
DA:600,0
DA:612,0
DA:617,0
DA:623,0
DA:624,0
DA:625,0
DA:655,0
DA:662,0
DA:663,0
DA:665,0
DA:666,0
DA:688,0
DA:689,0
DA:691,0
DA:692,0
DA:728,0
DA:735,0
DA:776,0
DA:785,0
DA:805,0
DA:833,0
DA:839,0
DA:853,0
LF:201
LH:0
BRDA:78,0,0,0
BRDA:78,0,1,0
BRDA:80,1,0,0
BRDA:80,1,1,0
BRDA:141,2,0,0
BRDA:141,2,1,0
BRDA:141,2,2,0
BRDA:144,3,0,0
BRDA:144,3,1,0
BRDA:145,4,0,0
BRDA:145,4,1,0
BRDA:146,5,0,0
BRDA:146,5,1,0
BRDA:147,6,0,0
BRDA:147,6,1,0
BRDA:147,6,2,0
BRDA:147,6,3,0
BRDA:153,7,0,0
BRDA:153,8,0,0
BRDA:153,8,1,0
BRDA:154,9,0,0
BRDA:154,9,1,0
BRDA:159,10,0,0
BRDA:160,11,0,0
BRDA:160,11,1,0
BRDA:165,12,0,0
BRDA:165,13,0,0
BRDA:165,13,1,0
BRDA:168,14,0,0
BRDA:168,14,1,0
BRDA:184,15,0,0
BRDA:184,15,1,0
BRDA:184,15,2,0
BRDA:184,15,3,0
BRDA:184,15,4,0
BRDA:184,15,5,0
BRDA:195,16,0,0
BRDA:195,16,1,0
BRDA:195,16,2,0
BRDA:195,16,3,0
BRDA:195,16,4,0
BRDA:195,16,5,0
BRDA:206,17,0,0
BRDA:206,17,1,0
BRDA:206,17,2,0
BRDA:206,17,3,0
BRDA:206,17,4,0
BRDA:216,18,0,0
BRDA:216,18,1,0
BRDA:216,18,2,0
BRDA:216,18,3,0
BRDA:216,18,4,0
BRDA:241,19,0,0
BRDA:241,19,1,0
BRDA:250,20,0,0
BRDA:250,20,1,0
BRDA:259,21,0,0
BRDA:278,22,0,0
BRDA:289,23,0,0
BRDA:289,23,1,0
BRDA:303,24,0,0
BRDA:303,24,1,0
BRDA:314,25,0,0
BRDA:314,25,1,0
BRDA:324,26,0,0
BRDA:324,26,1,0
BRDA:364,27,0,0
BRDA:364,27,1,0
BRDA:368,28,0,0
BRDA:368,28,1,0
BRDA:371,29,0,0
BRDA:371,29,1,0
BRDA:399,30,0,0
BRDA:407,31,0,0
BRDA:427,32,0,0
BRDA:427,32,1,0
BRDA:484,33,0,0
BRDA:484,33,1,0
BRDA:488,34,0,0
BRDA:488,34,1,0
BRDA:492,35,0,0
BRDA:492,35,1,0
BRDA:508,36,0,0
BRDA:508,36,1,0
BRDA:654,37,0,0
BRDA:654,37,1,0
BRDA:662,38,0,0
BRDA:662,38,1,0
BRDA:663,39,0,0
BRDA:663,39,1,0
BRDA:672,40,0,0
BRDA:672,40,1,0
BRDA:674,41,0,0
BRDA:674,41,1,0
BRDA:688,42,0,0
BRDA:688,42,1,0
BRDA:689,43,0,0
BRDA:689,43,1,0
BRDA:698,44,0,0
BRDA:698,44,1,0
BRDA:700,45,0,0
BRDA:700,45,1,0
BRDA:720,46,0,0
BRDA:720,46,1,0
BRDA:729,47,0,0
BRDA:729,47,1,0
BRDA:757,48,0,0
BRDA:757,48,1,0
BRDA:774,49,0,0
BRDA:774,49,1,0
BRDA:783,50,0,0
BRDA:783,50,1,0
BRDA:821,51,0,0
BRDA:821,51,1,0
BRDA:839,52,0,0
BRDA:839,52,1,0
BRF:116
BRH:0
end_of_record
TN:
SF:src/components/CapitalActivities/CapitalCallWorkflow.tsx
FN:72,(anonymous_9)
FN:107,(anonymous_10)
FN:111,(anonymous_11)
FN:113,(anonymous_12)
FN:122,(anonymous_13)
FN:130,(anonymous_14)
FN:139,(anonymous_15)
FN:147,(anonymous_16)
FN:155,(anonymous_17)
FN:164,(anonymous_18)
FN:169,(anonymous_19)
FN:172,(anonymous_20)
FN:176,(anonymous_21)
FN:179,(anonymous_22)
FN:181,(anonymous_23)
FN:186,(anonymous_24)
FN:192,(anonymous_25)
FN:218,(anonymous_26)
FN:242,(anonymous_27)
FN:247,(anonymous_28)
FN:251,(anonymous_29)
FN:252,(anonymous_30)
FN:255,(anonymous_31)
FN:278,(anonymous_32)
FN:291,(anonymous_33)
FN:294,(anonymous_34)
FN:294,(anonymous_35)
FN:342,(anonymous_36)
FN:342,(anonymous_37)
FN:360,(anonymous_38)
FN:360,(anonymous_39)
FN:379,(anonymous_40)
FN:379,(anonymous_41)
FN:393,(anonymous_42)
FN:393,(anonymous_43)
FN:407,(anonymous_44)
FN:407,(anonymous_45)
FN:425,(anonymous_46)
FN:425,(anonymous_47)
FN:490,(anonymous_48)
FN:491,(anonymous_49)
FN:507,(anonymous_50)
FN:511,(anonymous_51)
FN:529,(anonymous_52)
FN:564,(anonymous_53)
FN:564,(anonymous_54)
FN:581,(anonymous_55)
FN:581,(anonymous_56)
FN:600,(anonymous_57)
FN:600,(anonymous_58)
FN:613,(anonymous_59)
FN:613,(anonymous_60)
FN:630,(anonymous_61)
FN:630,(anonymous_62)
FN:647,(anonymous_63)
FN:647,(anonymous_64)
FN:743,(anonymous_65)
FN:759,(anonymous_66)
FNF:58
FNH:0
FNDA:0,(anonymous_9)
FNDA:0,(anonymous_10)
FNDA:0,(anonymous_11)
FNDA:0,(anonymous_12)
FNDA:0,(anonymous_13)
FNDA:0,(anonymous_14)
FNDA:0,(anonymous_15)
FNDA:0,(anonymous_16)
FNDA:0,(anonymous_17)
FNDA:0,(anonymous_18)
FNDA:0,(anonymous_19)
FNDA:0,(anonymous_20)
FNDA:0,(anonymous_21)
FNDA:0,(anonymous_22)
FNDA:0,(anonymous_23)
FNDA:0,(anonymous_24)
FNDA:0,(anonymous_25)
FNDA:0,(anonymous_26)
FNDA:0,(anonymous_27)
FNDA:0,(anonymous_28)
FNDA:0,(anonymous_29)
FNDA:0,(anonymous_30)
FNDA:0,(anonymous_31)
FNDA:0,(anonymous_32)
FNDA:0,(anonymous_33)
FNDA:0,(anonymous_34)
FNDA:0,(anonymous_35)
FNDA:0,(anonymous_36)
FNDA:0,(anonymous_37)
FNDA:0,(anonymous_38)
FNDA:0,(anonymous_39)
FNDA:0,(anonymous_40)
FNDA:0,(anonymous_41)
FNDA:0,(anonymous_42)
FNDA:0,(anonymous_43)
FNDA:0,(anonymous_44)
FNDA:0,(anonymous_45)
FNDA:0,(anonymous_46)
FNDA:0,(anonymous_47)
FNDA:0,(anonymous_48)
FNDA:0,(anonymous_49)
FNDA:0,(anonymous_50)
FNDA:0,(anonymous_51)
FNDA:0,(anonymous_52)
FNDA:0,(anonymous_53)
FNDA:0,(anonymous_54)
FNDA:0,(anonymous_55)
FNDA:0,(anonymous_56)
FNDA:0,(anonymous_57)
FNDA:0,(anonymous_58)
FNDA:0,(anonymous_59)
FNDA:0,(anonymous_60)
FNDA:0,(anonymous_61)
FNDA:0,(anonymous_62)
FNDA:0,(anonymous_63)
FNDA:0,(anonymous_64)
FNDA:0,(anonymous_65)
FNDA:0,(anonymous_66)
DA:1,0
DA:2,0
DA:3,0
DA:4,0
DA:64,0
DA:72,0
DA:73,0
DA:74,0
DA:76,0
DA:77,0
DA:78,0
DA:79,0
DA:80,0
DA:81,0
DA:83,0
DA:105,0
DA:107,0
DA:108,0
DA:111,0
DA:112,0
DA:113,0
DA:114,0
DA:115,0
DA:116,0
DA:117,0
DA:122,0
DA:123,0
DA:124,0
DA:125,0
DA:126,0
DA:128,0
DA:129,0
DA:130,0
DA:133,0
DA:135,0
DA:139,0
DA:140,0
DA:141,0
DA:142,0
DA:144,0
DA:147,0
DA:155,0
DA:160,0
DA:164,0
DA:165,0
DA:166,0
DA:167,0
DA:169,0
DA:172,0
DA:173,0
DA:176,0
DA:177,0
DA:179,0
DA:181,0
DA:186,0
DA:192,0
DA:193,0
DA:195,0
DA:197,0
DA:198,0
DA:200,0
DA:203,0
DA:204,0
DA:206,0
DA:207,0
DA:209,0
DA:210,0
DA:212,0
DA:213,0
DA:215,0
DA:218,0
DA:219,0
DA:220,0
DA:221,0
DA:223,0
DA:226,0
DA:227,0
DA:229,0
DA:230,0
DA:232,0
DA:233,0
DA:235,0
DA:238,0
DA:239,0
DA:242,0
DA:243,0
DA:244,0
DA:245,0
DA:247,0
DA:251,0
DA:252,0
DA:255,0
DA:256,0
DA:258,0
DA:259,0
DA:260,0
DA:267,0
DA:268,0
DA:272,0
DA:274,0
DA:278,0
DA:279,0
DA:281,0
DA:292,0
DA:294,0
DA:325,0
DA:342,0
DA:360,0
DA:379,0
DA:393,0
DA:407,0
DA:425,0
DA:449,0
DA:491,0
DA:492,0
DA:508,0
DA:509,0
DA:510,0
DA:511,0
DA:529,0
DA:547,0
DA:564,0
DA:581,0
DA:600,0
DA:613,0
DA:630,0
DA:647,0
DA:660,0
DA:726,0
DA:730,0
DA:731,0
DA:738,0
DA:743,0
DA:760,0
DA:838,0
LF:135
LH:0
BRDA:84,0,0,0
BRDA:84,0,1,0
BRDA:112,1,0,0
BRDA:112,2,0,0
BRDA:112,2,1,0
BRDA:114,3,0,0
BRDA:114,3,1,0
BRDA:115,4,0,0
BRDA:126,5,0,0
BRDA:126,5,1,0
BRDA:128,6,0,0
BRDA:142,7,0,0
BRDA:142,7,1,0
BRDA:150,8,0,0
BRDA:150,8,1,0
BRDA:151,9,0,0
BRDA:151,9,1,0
BRDA:152,10,0,0
BRDA:152,10,1,0
BRDA:177,11,0,0
BRDA:177,12,0,0
BRDA:177,12,1,0
BRDA:183,13,0,0
BRDA:183,13,1,0
BRDA:195,14,0,0
BRDA:195,14,1,0
BRDA:195,14,2,0
BRDA:195,14,3,0
BRDA:197,15,0,0
BRDA:203,16,0,0
BRDA:206,17,0,0
BRDA:209,18,0,0
BRDA:212,19,0,0
BRDA:220,20,0,0
BRDA:226,21,0,0
BRDA:229,22,0,0
BRDA:232,23,0,0
BRDA:243,24,0,0
BRDA:244,25,0,0
BRDA:244,26,0,0
BRDA:244,26,1,0
BRDA:256,27,0,0
BRDA:272,28,0,0
BRDA:272,28,1,0
BRDA:279,29,0,0
BRDA:279,29,1,0
BRDA:279,29,2,0
BRDA:279,29,3,0
BRDA:279,29,4,0
BRDA:279,29,5,0
BRDA:296,30,0,0
BRDA:296,30,1,0
BRDA:305,31,0,0
BRDA:305,31,1,0
BRDA:306,32,0,0
BRDA:306,32,1,0
BRDA:307,33,0,0
BRDA:307,33,1,0
BRDA:310,34,0,0
BRDA:310,34,1,0
BRDA:318,35,0,0
BRDA:318,35,1,0
BRDA:344,36,0,0
BRDA:344,36,1,0
BRDA:348,37,0,0
BRDA:348,37,1,0
BRDA:362,38,0,0
BRDA:362,38,1,0
BRDA:367,39,0,0
BRDA:367,39,1,0
BRDA:409,40,0,0
BRDA:409,40,1,0
BRDA:413,41,0,0
BRDA:413,41,1,0
BRDA:427,42,0,0
BRDA:427,42,1,0
BRDA:431,43,0,0
BRDA:431,43,1,0
BRDA:495,44,0,0
BRDA:495,44,1,0
BRDA:540,45,0,0
BRDA:540,45,1,0
BRDA:566,46,0,0
BRDA:566,46,1,0
BRDA:569,47,0,0
BRDA:569,47,1,0
BRDA:583,48,0,0
BRDA:583,48,1,0
BRDA:586,49,0,0
BRDA:586,49,1,0
BRDA:717,50,0,0
BRDA:717,50,1,0
BRDA:730,51,0,0
BRDA:730,52,0,0
BRDA:730,52,1,0
BRDA:760,53,0,0
BRDA:760,53,1,0
BRDA:762,54,0,0
BRDA:762,54,1,0
BRDA:763,55,0,0
BRDA:763,55,1,0
BRDA:768,56,0,0
BRDA:768,56,1,0
BRDA:770,57,0,0
BRDA:770,57,1,0
BRDA:775,58,0,0
BRDA:775,58,1,0
BRDA:806,59,0,0
BRDA:806,59,1,0
BRDA:820,60,0,0
BRDA:820,60,1,0
BRF:111
BRH:0
end_of_record
TN:
SF:src/components/CapitalActivities/DistributionWorkflow.tsx
FN:59,(anonymous_9)
FN:98,(anonymous_10)
FN:102,(anonymous_11)
FN:104,(anonymous_12)
FN:110,(anonymous_13)
FN:125,(anonymous_14)
FN:131,(anonymous_15)
FN:141,(anonymous_16)
FN:147,(anonymous_17)
FN:162,(anonymous_18)
FN:164,(anonymous_19)
FN:178,(anonymous_20)
FN:193,(anonymous_21)
FN:194,(anonymous_22)
FN:196,(anonymous_23)
FN:205,(anonymous_24)
FN:208,(anonymous_25)
FN:231,(anonymous_26)
FN:239,(anonymous_27)
FN:251,(anonymous_28)
FN:253,(anonymous_29)
FN:257,(anonymous_30)
FN:258,(anonymous_31)
FN:261,(anonymous_32)
FN:282,(anonymous_33)
FN:301,(anonymous_34)
FN:301,(anonymous_35)
FN:307,(anonymous_36)
FN:322,(anonymous_37)
FN:322,(anonymous_38)
FN:338,(anonymous_39)
FN:338,(anonymous_40)
FN:357,(anonymous_41)
FN:357,(anonymous_42)
FN:369,(anonymous_43)
FN:369,(anonymous_44)
FN:381,(anonymous_45)
FN:381,(anonymous_46)
FN:410,(anonymous_47)
FN:410,(anonymous_48)
FN:509,(anonymous_49)
FN:525,(anonymous_50)
FNF:42
FNH:0
FNDA:0,(anonymous_9)
FNDA:0,(anonymous_10)
FNDA:0,(anonymous_11)
FNDA:0,(anonymous_12)
FNDA:0,(anonymous_13)
FNDA:0,(anonymous_14)
FNDA:0,(anonymous_15)
FNDA:0,(anonymous_16)
FNDA:0,(anonymous_17)
FNDA:0,(anonymous_18)
FNDA:0,(anonymous_19)
FNDA:0,(anonymous_20)
FNDA:0,(anonymous_21)
FNDA:0,(anonymous_22)
FNDA:0,(anonymous_23)
FNDA:0,(anonymous_24)
FNDA:0,(anonymous_25)
FNDA:0,(anonymous_26)
FNDA:0,(anonymous_27)
FNDA:0,(anonymous_28)
FNDA:0,(anonymous_29)
FNDA:0,(anonymous_30)
FNDA:0,(anonymous_31)
FNDA:0,(anonymous_32)
FNDA:0,(anonymous_33)
FNDA:0,(anonymous_34)
FNDA:0,(anonymous_35)
FNDA:0,(anonymous_36)
FNDA:0,(anonymous_37)
FNDA:0,(anonymous_38)
FNDA:0,(anonymous_39)
FNDA:0,(anonymous_40)
FNDA:0,(anonymous_41)
FNDA:0,(anonymous_42)
FNDA:0,(anonymous_43)
FNDA:0,(anonymous_44)
FNDA:0,(anonymous_45)
FNDA:0,(anonymous_46)
FNDA:0,(anonymous_47)
FNDA:0,(anonymous_48)
FNDA:0,(anonymous_49)
FNDA:0,(anonymous_50)
DA:1,0
DA:2,0
DA:3,0
DA:4,0
DA:51,0
DA:59,0
DA:60,0
DA:61,0
DA:63,0
DA:64,0
DA:65,0
DA:66,0
DA:67,0
DA:68,0
DA:70,0
DA:95,0
DA:96,0
DA:98,0
DA:99,0
DA:102,0
DA:103,0
DA:104,0
DA:105,0
DA:106,0
DA:110,0
DA:111,0
DA:112,0
DA:113,0
DA:117,0
DA:119,0
DA:121,0
DA:125,0
DA:126,0
DA:127,0
DA:128,0
DA:131,0
DA:141,0
DA:143,0
DA:147,0
DA:148,0
DA:150,0
DA:151,0
DA:152,0
DA:159,0
DA:162,0
DA:163,0
DA:164,0
DA:167,0
DA:168,0
DA:175,0
DA:178,0
DA:187,0
DA:189,0
DA:193,0
DA:194,0
DA:196,0
DA:197,0
DA:198,0
DA:205,0
DA:208,0
DA:209,0
DA:211,0
DA:213,0
DA:214,0
DA:216,0
DA:217,0
DA:219,0
DA:220,0
DA:222,0
DA:225,0
DA:226,0
DA:228,0
DA:231,0
DA:232,0
DA:233,0
DA:235,0
DA:238,0
DA:239,0
DA:240,0
DA:241,0
DA:244,0
DA:247,0
DA:248,0
DA:251,0
DA:252,0
DA:253,0
DA:257,0
DA:258,0
DA:261,0
DA:262,0
DA:264,0
DA:265,0
DA:266,0
DA:272,0
DA:276,0
DA:278,0
DA:282,0
DA:283,0
DA:285,0
DA:301,0
DA:308,0
DA:322,0
DA:338,0
DA:357,0
DA:369,0
DA:381,0
DA:396,0
DA:410,0
DA:492,0
DA:496,0
DA:497,0
DA:504,0
DA:509,0
DA:526,0
DA:604,0
LF:115
LH:0
BRDA:71,0,0,0
BRDA:71,0,1,0
BRDA:103,1,0,0
BRDA:117,2,0,0
BRDA:117,2,1,0
BRDA:128,3,0,0
BRDA:128,3,1,0
BRDA:131,4,0,0
BRDA:131,4,1,0
BRDA:134,5,0,0
BRDA:134,5,1,0
BRDA:148,6,0,0
BRDA:148,7,0,0
BRDA:148,7,1,0
BRDA:167,8,0,0
BRDA:211,9,0,0
BRDA:211,9,1,0
BRDA:211,9,2,0
BRDA:211,9,3,0
BRDA:213,10,0,0
BRDA:216,11,0,0
BRDA:219,12,0,0
BRDA:225,13,0,0
BRDA:225,14,0,0
BRDA:225,14,1,0
BRDA:232,15,0,0
BRDA:238,16,0,0
BRDA:240,17,0,0
BRDA:252,18,0,0
BRDA:262,19,0,0
BRDA:269,20,0,0
BRDA:269,20,1,0
BRDA:276,21,0,0
BRDA:276,21,1,0
BRDA:283,22,0,0
BRDA:283,22,1,0
BRDA:283,22,2,0
BRDA:303,23,0,0
BRDA:303,23,1,0
BRDA:311,24,0,0
BRDA:311,24,1,0
BRDA:340,25,0,0
BRDA:340,25,1,0
BRDA:345,26,0,0
BRDA:345,26,1,0
BRDA:383,27,0,0
BRDA:383,27,1,0
BRDA:387,28,0,0
BRDA:387,28,1,0
BRDA:419,29,0,0
BRDA:419,29,1,0
BRDA:435,30,0,0
BRDA:435,30,1,0
BRDA:435,30,2,0
BRDA:438,31,0,0
BRDA:438,31,1,0
BRDA:452,32,0,0
BRDA:452,32,1,0
BRDA:474,33,0,0
BRDA:474,33,1,0
BRDA:485,34,0,0
BRDA:485,34,1,0
BRDA:496,35,0,0
BRDA:496,36,0,0
BRDA:496,36,1,0
BRDA:526,37,0,0
BRDA:526,37,1,0
BRDA:528,38,0,0
BRDA:528,38,1,0
BRDA:529,39,0,0
BRDA:529,39,1,0
BRDA:534,40,0,0
BRDA:534,40,1,0
BRDA:536,41,0,0
BRDA:536,41,1,0
BRDA:541,42,0,0
BRDA:541,42,1,0
BRDA:572,43,0,0
BRDA:572,43,1,0
BRDA:586,44,0,0
BRDA:586,44,1,0
BRF:81
BRH:0
end_of_record
TN:
SF:src/components/Configuration/SystemSettings.tsx
FN:60,(anonymous_10)
FN:72,(anonymous_11)
FN:76,(anonymous_12)
FN:106,(anonymous_13)
FN:127,(anonymous_14)
FN:135,(anonymous_15)
FN:153,(anonymous_16)
FN:160,(anonymous_17)
FN:179,(anonymous_18)
FN:180,(anonymous_19)
FN:186,(anonymous_20)
FN:197,(anonymous_21)
FN:198,(anonymous_22)
FN:215,(anonymous_23)
FN:225,(anonymous_24)
FN:228,(anonymous_25)
FN:241,(anonymous_26)
FN:244,(anonymous_27)
FN:267,(anonymous_28)
FN:281,(anonymous_29)
FN:295,(anonymous_30)
FN:361,(anonymous_31)
FN:368,(anonymous_32)
FN:402,(anonymous_33)
FN:429,(anonymous_34)
FN:478,(anonymous_35)
FNF:26
FNH:0
FNDA:0,(anonymous_10)
FNDA:0,(anonymous_11)
FNDA:0,(anonymous_12)
FNDA:0,(anonymous_13)
FNDA:0,(anonymous_14)
FNDA:0,(anonymous_15)
FNDA:0,(anonymous_16)
FNDA:0,(anonymous_17)
FNDA:0,(anonymous_18)
FNDA:0,(anonymous_19)
FNDA:0,(anonymous_20)
FNDA:0,(anonymous_21)
FNDA:0,(anonymous_22)
FNDA:0,(anonymous_23)
FNDA:0,(anonymous_24)
FNDA:0,(anonymous_25)
FNDA:0,(anonymous_26)
FNDA:0,(anonymous_27)
FNDA:0,(anonymous_28)
FNDA:0,(anonymous_29)
FNDA:0,(anonymous_30)
FNDA:0,(anonymous_31)
FNDA:0,(anonymous_32)
FNDA:0,(anonymous_33)
FNDA:0,(anonymous_34)
FNDA:0,(anonymous_35)
DA:1,0
DA:2,0
DA:25,0
DA:35,0
DA:36,0
DA:37,0
DA:38,0
DA:60,0
DA:61,0
DA:63,0
DA:64,0
DA:65,0
DA:66,0
DA:67,0
DA:68,0
DA:69,0
DA:70,0
DA:72,0
DA:73,0
DA:76,0
DA:77,0
DA:78,0
DA:79,0
DA:87,0
DA:89,0
DA:90,0
DA:95,0
DA:99,0
DA:107,0
DA:109,0
DA:110,0
DA:114,0
DA:115,0
DA:116,0
DA:118,0
DA:119,0
DA:127,0
DA:128,0
DA:129,0
DA:132,0
DA:135,0
DA:136,0
DA:137,0
DA:139,0
DA:141,0
DA:144,0
DA:146,0
DA:149,0
DA:153,0
DA:154,0
DA:155,0
DA:157,0
DA:160,0
DA:161,0
DA:163,0
DA:165,0
DA:167,0
DA:169,0
DA:171,0
DA:173,0
DA:175,0
DA:179,0
DA:180,0
DA:186,0
DA:187,0
DA:188,0
DA:190,0
DA:191,0
DA:193,0
DA:194,0
DA:197,0
DA:198,0
DA:200,0
DA:215,0
DA:225,0
DA:229,0
DA:241,0
DA:245,0
DA:268,0
DA:282,0
DA:296,0
DA:361,0
DA:368,0
DA:402,0
DA:429,0
DA:478,0
DA:496,0
LF:87
LH:0
BRDA:81,0,0,0
BRDA:81,0,1,0
BRDA:82,1,0,0
BRDA:82,1,1,0
BRDA:83,2,0,0
BRDA:83,2,1,0
BRDA:87,3,0,0
BRDA:87,3,1,0
BRDA:91,4,0,0
BRDA:91,4,1,0
BRDA:107,5,0,0
BRDA:120,6,0,0
BRDA:120,6,1,0
BRDA:137,7,0,0
BRDA:137,7,1,0
BRDA:137,7,2,0
BRDA:137,7,3,0
BRDA:137,7,4,0
BRDA:139,8,0,0
BRDA:139,8,1,0
BRDA:154,9,0,0
BRDA:154,10,0,0
BRDA:154,10,1,0
BRDA:161,11,0,0
BRDA:161,11,1,0
BRDA:161,11,2,0
BRDA:161,11,3,0
BRDA:161,11,4,0
BRDA:161,11,5,0
BRDA:161,11,6,0
BRDA:187,12,0,0
BRDA:190,13,0,0
BRDA:305,14,0,0
BRDA:305,14,1,0
BRDA:308,15,0,0
BRDA:308,15,1,0
BRDA:311,16,0,0
BRDA:311,16,1,0
BRDA:320,17,0,0
BRDA:320,17,1,0
BRDA:333,18,0,0
BRDA:333,18,1,0
BRDA:343,19,0,0
BRDA:343,19,1,0
BRDA:358,20,0,0
BRDA:358,20,1,0
BRDA:363,21,0,0
BRDA:363,21,1,0
BRDA:376,22,0,0
BRDA:376,22,1,0
BRDA:395,23,0,0
BRDA:395,23,1,0
BRDA:395,23,2,0
BRDA:408,24,0,0
BRDA:408,24,1,0
BRDA:418,25,0,0
BRDA:418,25,1,0
BRDA:424,26,0,0
BRDA:424,26,1,0
BRDA:434,27,0,0
BRDA:434,27,1,0
BRDA:434,28,0,0
BRDA:434,28,1,0
BRDA:443,29,0,0
BRDA:443,29,1,0
BRDA:444,30,0,0
BRDA:444,30,1,0
BRDA:452,31,0,0
BRDA:452,31,1,0
BRDA:455,32,0,0
BRDA:455,32,1,0
BRDA:456,33,0,0
BRDA:456,33,1,0
BRDA:460,34,0,0
BRDA:460,34,1,0
BRDA:469,35,0,0
BRDA:469,35,1,0
BRDA:487,36,0,0
BRDA:487,36,1,0
BRF:79
BRH:0
end_of_record
TN:
SF:src/components/Configuration/UserPreferences.tsx
FN:56,TabPanel
FN:71,(anonymous_11)
FN:81,(anonymous_12)
FN:85,(anonymous_13)
FN:101,(anonymous_14)
FN:111,(anonymous_15)
FN:112,(anonymous_16)
FN:114,(anonymous_17)
FN:132,(anonymous_18)
FN:148,(anonymous_19)
FN:151,(anonymous_20)
FN:151,(anonymous_21)
FN:162,(anonymous_22)
FN:163,(anonymous_23)
FN:187,(anonymous_24)
FN:188,(anonymous_25)
FN:191,(anonymous_26)
FN:199,(anonymous_27)
FN:208,(anonymous_28)
FN:249,(anonymous_29)
FN:253,(anonymous_30)
FN:275,(anonymous_31)
FN:288,(anonymous_32)
FN:302,(anonymous_33)
FN:319,(anonymous_34)
FN:330,(anonymous_35)
FN:340,(anonymous_36)
FN:364,(anonymous_37)
FN:375,(anonymous_38)
FN:386,(anonymous_39)
FN:397,(anonymous_40)
FN:413,(anonymous_41)
FN:425,(anonymous_42)
FN:438,(anonymous_43)
FN:460,(anonymous_44)
FN:473,(anonymous_45)
FN:488,(anonymous_46)
FN:506,(anonymous_47)
FN:518,(anonymous_48)
FN:536,(anonymous_49)
FN:558,(anonymous_50)
FN:567,(anonymous_51)
FN:578,(anonymous_52)
FN:594,(anonymous_53)
FN:605,(anonymous_54)
FN:617,(anonymous_55)
FN:641,(anonymous_56)
FN:655,(anonymous_57)
FN:670,(anonymous_58)
FN:689,(anonymous_59)
FN:703,(anonymous_60)
FN:715,(anonymous_61)
FN:734,(anonymous_62)
FN:740,(anonymous_63)
FN:762,(anonymous_64)
FNF:55
FNH:0
FNDA:0,TabPanel
FNDA:0,(anonymous_11)
FNDA:0,(anonymous_12)
FNDA:0,(anonymous_13)
FNDA:0,(anonymous_14)
FNDA:0,(anonymous_15)
FNDA:0,(anonymous_16)
FNDA:0,(anonymous_17)
FNDA:0,(anonymous_18)
FNDA:0,(anonymous_19)
FNDA:0,(anonymous_20)
FNDA:0,(anonymous_21)
FNDA:0,(anonymous_22)
FNDA:0,(anonymous_23)
FNDA:0,(anonymous_24)
FNDA:0,(anonymous_25)
FNDA:0,(anonymous_26)
FNDA:0,(anonymous_27)
FNDA:0,(anonymous_28)
FNDA:0,(anonymous_29)
FNDA:0,(anonymous_30)
FNDA:0,(anonymous_31)
FNDA:0,(anonymous_32)
FNDA:0,(anonymous_33)
FNDA:0,(anonymous_34)
FNDA:0,(anonymous_35)
FNDA:0,(anonymous_36)
FNDA:0,(anonymous_37)
FNDA:0,(anonymous_38)
FNDA:0,(anonymous_39)
FNDA:0,(anonymous_40)
FNDA:0,(anonymous_41)
FNDA:0,(anonymous_42)
FNDA:0,(anonymous_43)
FNDA:0,(anonymous_44)
FNDA:0,(anonymous_45)
FNDA:0,(anonymous_46)
FNDA:0,(anonymous_47)
FNDA:0,(anonymous_48)
FNDA:0,(anonymous_49)
FNDA:0,(anonymous_50)
FNDA:0,(anonymous_51)
FNDA:0,(anonymous_52)
FNDA:0,(anonymous_53)
FNDA:0,(anonymous_54)
FNDA:0,(anonymous_55)
FNDA:0,(anonymous_56)
FNDA:0,(anonymous_57)
FNDA:0,(anonymous_58)
FNDA:0,(anonymous_59)
FNDA:0,(anonymous_60)
FNDA:0,(anonymous_61)
FNDA:0,(anonymous_62)
FNDA:0,(anonymous_63)
FNDA:0,(anonymous_64)
DA:1,0
DA:2,0
DA:28,0
DA:37,0
DA:38,0
DA:57,0
DA:58,0
DA:71,0
DA:72,0
DA:76,0
DA:77,0
DA:78,0
DA:79,0
DA:81,0
DA:82,0
DA:85,0
DA:86,0
DA:87,0
DA:88,0
DA:89,0
DA:91,0
DA:92,0
DA:97,0
DA:101,0
DA:102,0
DA:103,0
DA:111,0
DA:112,0
DA:113,0
DA:114,0
DA:115,0
DA:120,0
DA:132,0
DA:133,0
DA:134,0
DA:135,0
DA:138,0
DA:140,0
DA:141,0
DA:148,0
DA:149,0
DA:150,0
DA:151,0
DA:152,0
DA:154,0
DA:155,0
DA:162,0
DA:163,0
DA:164,0
DA:165,0
DA:167,0
DA:168,0
DA:170,0
DA:172,0
DA:175,0
DA:176,0
DA:178,0
DA:181,0
DA:184,0
DA:187,0
DA:188,0
DA:191,0
DA:192,0
DA:193,0
DA:194,0
DA:195,0
DA:199,0
DA:200,0
DA:201,0
DA:202,0
DA:203,0
DA:204,0
DA:205,0
DA:208,0
DA:209,0
DA:210,0
DA:211,0
DA:212,0
DA:215,0
DA:217,0
DA:225,0
DA:249,0
DA:254,0
DA:275,0
DA:288,0
DA:302,0
DA:319,0
DA:330,0
DA:340,0
DA:364,0
DA:375,0
DA:386,0
DA:397,0
DA:413,0
DA:425,0
DA:438,0
DA:460,0
DA:473,0
DA:488,0
DA:506,0
DA:518,0
DA:536,0
DA:558,0
DA:567,0
DA:578,0
DA:594,0
DA:605,0
DA:617,0
DA:641,0
DA:655,0
DA:670,0
DA:689,0
DA:703,0
DA:715,0
DA:734,0
DA:741,0
DA:762,0
DA:783,0
LF:118
LH:0
BRDA:66,0,0,0
BRDA:66,0,1,0
BRDA:89,1,0,0
BRDA:89,1,1,0
BRDA:93,2,0,0
BRDA:93,2,1,0
BRDA:101,3,0,0
BRDA:113,4,0,0
BRDA:113,4,1,0
BRDA:115,5,0,0
BRDA:115,5,1,0
BRDA:142,6,0,0
BRDA:142,6,1,0
BRDA:156,7,0,0
BRDA:156,7,1,0
BRDA:162,8,0,0
BRDA:164,9,0,0
BRDA:167,10,0,0
BRDA:168,11,0,0
BRDA:168,11,1,0
BRDA:168,11,2,0
BRDA:168,11,3,0
BRDA:168,11,4,0
BRDA:200,12,0,0
BRDA:200,13,0,0
BRDA:200,13,1,0
BRDA:201,14,0,0
BRDA:202,15,0,0
BRDA:203,16,0,0
BRDA:204,17,0,0
BRDA:209,18,0,0
BRDA:210,19,0,0
BRDA:211,20,0,0
BRDA:231,21,0,0
BRDA:231,21,1,0
BRDA:734,22,0,0
BRDA:734,22,1,0
BRDA:734,22,2,0
BRDA:734,22,3,0
BRDA:734,22,4,0
BRDA:734,22,5,0
BRDA:752,23,0,0
BRDA:752,23,1,0
BRDA:772,24,0,0
BRDA:772,24,1,0
BRF:45
BRH:0
end_of_record
TN:
SF:src/components/CreditFacility/CreditFacilityForm.tsx
FN:57,(anonymous_10)
FN:60,(anonymous_11)
FN:72,(anonymous_12)
FN:80,(anonymous_13)
FN:87,(anonymous_14)
FN:97,(anonymous_15)
FN:155,(anonymous_16)
FN:256,(anonymous_17)
FN:309,(anonymous_18)
FN:500,(anonymous_19)
FNF:10
FNH:0
FNDA:0,(anonymous_10)
FNDA:0,(anonymous_11)
FNDA:0,(anonymous_12)
FNDA:0,(anonymous_13)
FNDA:0,(anonymous_14)
FNDA:0,(anonymous_15)
FNDA:0,(anonymous_16)
FNDA:0,(anonymous_17)
FNDA:0,(anonymous_18)
FNDA:0,(anonymous_19)
DA:1,0
DA:2,0
DA:3,0
DA:14,0
DA:15,0
DA:16,0
DA:17,0
DA:18,0
DA:19,0
DA:20,0
DA:44,0
DA:58,0
DA:61,0
DA:72,0
DA:73,0
DA:74,0
DA:75,0
DA:76,0
DA:77,0
DA:78,0
DA:80,0
DA:81,0
DA:82,0
DA:83,0
DA:87,0
DA:88,0
DA:89,0
DA:90,0
DA:92,0
DA:93,0
DA:97,0
DA:98,0
DA:99,0
DA:100,0
DA:101,0
DA:103,0
DA:125,0
DA:126,0
DA:128,0
DA:132,0
DA:156,0
DA:157,0
DA:159,0
DA:164,0
DA:165,0
DA:166,0
DA:168,0
DA:169,0
DA:172,0
DA:174,0
DA:175,0
DA:180,0
DA:185,0
DA:257,0
DA:309,0
DA:500,0
DA:523,0
LF:57
LH:0
BRDA:58,0,0,0
BRDA:58,0,1,0
BRDA:61,1,0,0
BRDA:61,1,1,0
BRDA:82,2,0,0
BRDA:90,3,0,0
BRDA:90,3,1,0
BRDA:112,4,0,0
BRDA:112,4,1,0
BRDA:164,5,0,0
BRDA:164,5,1,0
BRDA:176,6,0,0
BRDA:176,6,1,0
BRDA:189,7,0,0
BRDA:189,7,1,0
BRDA:210,8,0,0
BRDA:210,8,1,0
BRDA:211,9,0,0
BRDA:211,9,1,0
BRDA:223,10,0,0
BRDA:223,10,1,0
BRDA:224,11,0,0
BRDA:224,11,1,0
BRDA:240,12,0,0
BRDA:240,12,1,0
BRDA:241,13,0,0
BRDA:241,13,1,0
BRDA:253,14,0,0
BRDA:253,14,1,0
BRDA:254,15,0,0
BRDA:254,15,1,0
BRDA:279,16,0,0
BRDA:279,16,1,0
BRDA:280,17,0,0
BRDA:280,17,1,0
BRDA:295,18,0,0
BRDA:295,18,1,0
BRDA:296,19,0,0
BRDA:296,19,1,0
BRDA:313,20,0,0
BRDA:313,20,1,0
BRDA:314,21,0,0
BRDA:314,21,1,0
BRDA:328,22,0,0
BRDA:328,22,1,0
BRDA:329,23,0,0
BRDA:329,23,1,0
BRDA:336,24,0,0
BRDA:336,24,1,0
BRDA:345,25,0,0
BRDA:345,25,1,0
BRDA:346,26,0,0
BRDA:346,26,1,0
BRDA:362,27,0,0
BRDA:362,27,1,0
BRDA:363,28,0,0
BRDA:363,28,1,0
BRDA:379,29,0,0
BRDA:379,29,1,0
BRDA:380,30,0,0
BRDA:380,30,1,0
BRDA:404,31,0,0
BRDA:404,31,1,0
BRDA:405,32,0,0
BRDA:405,32,1,0
BRDA:420,33,0,0
BRDA:420,33,1,0
BRDA:421,34,0,0
BRDA:421,34,1,0
BRDA:436,35,0,0
BRDA:436,35,1,0
BRDA:437,36,0,0
BRDA:437,36,1,0
BRDA:511,37,0,0
BRDA:511,37,1,0
BRDA:511,38,0,0
BRDA:511,38,1,0
BRF:77
BRH:0
end_of_record
TN:
SF:src/components/CreditFacility/CreditFacilityList.tsx
FN:56,(anonymous_10)
FN:64,(anonymous_11)
FN:68,(anonymous_12)
FN:81,(anonymous_13)
FN:85,(anonymous_14)
FN:89,(anonymous_15)
FN:93,(anonymous_16)
FN:97,(anonymous_17)
FN:101,(anonymous_18)
FN:116,(anonymous_19)
FN:124,(anonymous_20)
FN:155,(anonymous_21)
FN:195,(anonymous_22)
FN:254,(anonymous_23)
FN:262,(anonymous_24)
FN:273,(anonymous_25)
FN:283,(anonymous_26)
FN:328,(anonymous_27)
FN:340,(anonymous_28)
FN:352,(anonymous_29)
FNF:20
FNH:0
FNDA:0,(anonymous_10)
FNDA:0,(anonymous_11)
FNDA:0,(anonymous_12)
FNDA:0,(anonymous_13)
FNDA:0,(anonymous_14)
FNDA:0,(anonymous_15)
FNDA:0,(anonymous_16)
FNDA:0,(anonymous_17)
FNDA:0,(anonymous_18)
FNDA:0,(anonymous_19)
FNDA:0,(anonymous_20)
FNDA:0,(anonymous_21)
FNDA:0,(anonymous_22)
FNDA:0,(anonymous_23)
FNDA:0,(anonymous_24)
FNDA:0,(anonymous_25)
FNDA:0,(anonymous_26)
FNDA:0,(anonymous_27)
FNDA:0,(anonymous_28)
FNDA:0,(anonymous_29)
DA:1,0
DA:2,0
DA:3,0
DA:23,0
DA:32,0
DA:33,0
DA:34,0
DA:35,0
DA:56,0
DA:57,0
DA:58,0
DA:59,0
DA:60,0
DA:61,0
DA:62,0
DA:64,0
DA:65,0
DA:68,0
DA:69,0
DA:70,0
DA:71,0
DA:72,0
DA:74,0
DA:75,0
DA:77,0
DA:81,0
DA:82,0
DA:85,0
DA:86,0
DA:89,0
DA:90,0
DA:93,0
DA:94,0
DA:97,0
DA:98,0
DA:101,0
DA:102,0
DA:104,0
DA:106,0
DA:108,0
DA:110,0
DA:112,0
DA:116,0
DA:117,0
DA:118,0
DA:119,0
DA:120,0
DA:123,0
DA:125,0
DA:130,0
DA:155,0
DA:196,0
DA:254,0
DA:262,0
DA:273,0
DA:283,0
DA:328,0
DA:340,0
DA:352,0
DA:362,0
LF:60
LH:0
BRDA:102,0,0,0
BRDA:102,0,1,0
BRDA:102,0,2,0
BRDA:102,0,3,0
BRDA:102,0,4,0
BRDA:117,1,0,0
BRDA:118,2,0,0
BRDA:119,3,0,0
BRDA:125,4,0,0
BRDA:125,4,1,0
BRDA:125,4,2,0
BRDA:174,5,0,0
BRDA:174,5,1,0
BRDA:210,6,0,0
BRDA:210,6,1,0
BRDA:267,7,0,0
BRDA:267,7,1,0
BRDA:295,8,0,0
BRDA:295,8,1,0
BRF:19
BRH:0
end_of_record
TN:
SF:src/components/CreditFacility/DrawdownForm.tsx
FN:52,(anonymous_10)
FN:61,(anonymous_11)
FN:68,(anonymous_12)
FN:78,(anonymous_13)
FN:88,(anonymous_14)
FN:110,(anonymous_15)
FN:146,(anonymous_16)
FN:147,(anonymous_17)
FN:153,(anonymous_18)
FN:222,(anonymous_19)
FN:300,(anonymous_20)
FN:315,(anonymous_21)
FN:360,(anonymous_22)
FN:373,(anonymous_23)
FN:386,(anonymous_24)
FNF:15
FNH:0
FNDA:0,(anonymous_10)
FNDA:0,(anonymous_11)
FNDA:0,(anonymous_12)
FNDA:0,(anonymous_13)
FNDA:0,(anonymous_14)
FNDA:0,(anonymous_15)
FNDA:0,(anonymous_16)
FNDA:0,(anonymous_17)
FNDA:0,(anonymous_18)
FNDA:0,(anonymous_19)
FNDA:0,(anonymous_20)
FNDA:0,(anonymous_21)
FNDA:0,(anonymous_22)
FNDA:0,(anonymous_23)
FNDA:0,(anonymous_24)
DA:1,0
DA:2,0
DA:3,0
DA:21,0
DA:22,0
DA:23,0
DA:24,0
DA:25,0
DA:26,0
DA:27,0
DA:28,0
DA:38,0
DA:52,0
DA:53,0
DA:54,0
DA:55,0
DA:56,0
DA:57,0
DA:58,0
DA:59,0
DA:61,0
DA:62,0
DA:63,0
DA:64,0
DA:68,0
DA:69,0
DA:70,0
DA:71,0
DA:73,0
DA:74,0
DA:78,0
DA:79,0
DA:80,0
DA:81,0
DA:83,0
DA:88,0
DA:89,0
DA:90,0
DA:93,0
DA:94,0
DA:96,0
DA:97,0
DA:101,0
DA:111,0
DA:112,0
DA:115,0
DA:116,0
DA:117,0
DA:118,0
DA:121,0
DA:130,0
DA:131,0
DA:132,0
DA:134,0
DA:135,0
DA:140,0
DA:146,0
DA:147,0
DA:148,0
DA:149,0
DA:153,0
DA:156,0
DA:157,0
DA:160,0
DA:161,0
DA:163,0
DA:223,0
DA:300,0
DA:315,0
DA:361,0
DA:374,0
DA:386,0
DA:409,0
LF:73
LH:0
BRDA:62,0,0,0
BRDA:116,1,0,0
BRDA:136,2,0,0
BRDA:136,2,1,0
BRDA:148,3,0,0
BRDA:156,4,0,0
BRDA:160,5,0,0
BRDA:160,5,1,0
BRDA:161,6,0,0
BRDA:161,6,1,0
BRDA:205,7,0,0
BRDA:205,7,1,0
BRDA:271,8,0,0
BRDA:271,8,1,0
BRDA:272,9,0,0
BRDA:272,9,1,0
BRDA:277,10,0,0
BRDA:277,10,1,0
BRDA:291,11,0,0
BRDA:291,11,1,0
BRDA:292,12,0,0
BRDA:292,12,1,0
BRDA:304,13,0,0
BRDA:304,13,1,0
BRDA:305,14,0,0
BRDA:305,14,1,0
BRDA:319,15,0,0
BRDA:319,15,1,0
BRDA:320,16,0,0
BRDA:320,16,1,0
BRDA:341,17,0,0
BRDA:341,17,1,0
BRDA:347,18,0,0
BRDA:347,18,1,0
BRDA:350,19,0,0
BRDA:350,19,1,0
BRDA:355,20,0,0
BRDA:355,20,1,0
BRDA:355,20,2,0
BRDA:368,21,0,0
BRDA:368,21,1,0
BRDA:368,21,2,0
BRDA:395,22,0,0
BRDA:395,22,1,0
BRDA:395,22,2,0
BRDA:397,23,0,0
BRDA:397,23,1,0
BRF:47
BRH:0
end_of_record
TN:
SF:src/components/CreditFacility/PaydownForm.tsx
FN:48,(anonymous_10)
FN:57,(anonymous_11)
FN:66,(anonymous_12)
FN:73,(anonymous_13)
FN:83,(anonymous_14)
FN:92,(anonymous_15)
FN:116,(anonymous_16)
FN:146,(anonymous_17)
FN:147,(anonymous_18)
FN:157,(anonymous_19)
FN:243,(anonymous_20)
FN:371,(anonymous_21)
FN:391,(anonymous_22)
FNF:13
FNH:0
FNDA:0,(anonymous_10)
FNDA:0,(anonymous_11)
FNDA:0,(anonymous_12)
FNDA:0,(anonymous_13)
FNDA:0,(anonymous_14)
FNDA:0,(anonymous_15)
FNDA:0,(anonymous_16)
FNDA:0,(anonymous_17)
FNDA:0,(anonymous_18)
FNDA:0,(anonymous_19)
FNDA:0,(anonymous_20)
FNDA:0,(anonymous_21)
FNDA:0,(anonymous_22)
DA:1,0
DA:2,0
DA:3,0
DA:20,0
DA:21,0
DA:22,0
DA:23,0
DA:24,0
DA:25,0
DA:26,0
DA:27,0
DA:38,0
DA:49,0
DA:57,0
DA:58,0
DA:59,0
DA:60,0
DA:61,0
DA:62,0
DA:63,0
DA:64,0
DA:66,0
DA:67,0
DA:68,0
DA:69,0
DA:73,0
DA:74,0
DA:75,0
DA:76,0
DA:78,0
DA:79,0
DA:83,0
DA:84,0
DA:85,0
DA:86,0
DA:88,0
DA:92,0
DA:93,0
DA:94,0
DA:99,0
DA:101,0
DA:102,0
DA:106,0
DA:117,0
DA:118,0
DA:120,0
DA:130,0
DA:131,0
DA:132,0
DA:134,0
DA:135,0
DA:140,0
DA:146,0
DA:147,0
DA:148,0
DA:149,0
DA:157,0
DA:160,0
DA:161,0
DA:164,0
DA:165,0
DA:167,0
DA:243,0
DA:372,0
DA:391,0
DA:414,0
LF:66
LH:0
BRDA:49,0,0,0
BRDA:49,0,1,0
BRDA:49,1,0,0
BRDA:49,1,1,0
BRDA:67,2,0,0
BRDA:86,3,0,0
BRDA:86,3,1,0
BRDA:136,4,0,0
BRDA:136,4,1,0
BRDA:148,5,0,0
BRDA:160,6,0,0
BRDA:164,7,0,0
BRDA:164,7,1,0
BRDA:165,8,0,0
BRDA:165,8,1,0
BRDA:226,9,0,0
BRDA:226,9,1,0
BRDA:227,10,0,0
BRDA:227,10,1,0
BRDA:232,11,0,0
BRDA:232,11,1,0
BRDA:247,12,0,0
BRDA:247,12,1,0
BRDA:248,13,0,0
BRDA:248,13,1,0
BRDA:287,14,0,0
BRDA:287,14,1,0
BRDA:296,15,0,0
BRDA:296,15,1,0
BRDA:297,16,0,0
BRDA:297,16,1,0
BRDA:332,17,0,0
BRDA:332,17,1,0
BRDA:332,17,2,0
BRDA:345,18,0,0
BRDA:345,18,1,0
BRDA:353,19,0,0
BRDA:353,19,1,0
BRDA:361,20,0,0
BRDA:361,20,1,0
BRDA:366,21,0,0
BRDA:366,21,1,0
BRDA:400,22,0,0
BRDA:400,22,1,0
BRDA:402,23,0,0
BRDA:402,23,1,0
BRF:46
BRH:0
end_of_record
TN:
SF:src/components/Dashboard/Dashboard.tsx
FN:39,(anonymous_9)
FN:45,(anonymous_10)
FN:48,(anonymous_11)
FN:51,(anonymous_12)
FN:73,(anonymous_13)
FN:74,(anonymous_14)
FN:77,(anonymous_15)
FN:78,(anonymous_16)
FN:80,(anonymous_17)
FN:81,(anonymous_18)
FN:84,(anonymous_19)
FN:86,(anonymous_20)
FN:87,(anonymous_21)
FN:89,(anonymous_22)
FN:90,(anonymous_23)
FN:92,(anonymous_24)
FN:93,(anonymous_25)
FN:95,(anonymous_26)
FN:97,(anonymous_27)
FN:100,(anonymous_28)
FN:129,(anonymous_29)
FNF:21
FNH:0
FNDA:0,(anonymous_9)
FNDA:0,(anonymous_10)
FNDA:0,(anonymous_11)
FNDA:0,(anonymous_12)
FNDA:0,(anonymous_13)
FNDA:0,(anonymous_14)
FNDA:0,(anonymous_15)
FNDA:0,(anonymous_16)
FNDA:0,(anonymous_17)
FNDA:0,(anonymous_18)
FNDA:0,(anonymous_19)
FNDA:0,(anonymous_20)
FNDA:0,(anonymous_21)
FNDA:0,(anonymous_22)
FNDA:0,(anonymous_23)
FNDA:0,(anonymous_24)
FNDA:0,(anonymous_25)
FNDA:0,(anonymous_26)
FNDA:0,(anonymous_27)
FNDA:0,(anonymous_28)
FNDA:0,(anonymous_29)
DA:1,0
DA:2,0
DA:14,0
DA:18,0
DA:19,0
DA:20,0
DA:39,0
DA:40,0
DA:41,0
DA:42,0
DA:43,0
DA:45,0
DA:46,0
DA:47,0
DA:48,0
DA:51,0
DA:52,0
DA:53,0
DA:55,0
DA:57,0
DA:65,0
DA:68,0
DA:69,0
DA:70,0
DA:71,0
DA:73,0
DA:74,0
DA:75,0
DA:77,0
DA:78,0
DA:80,0
DA:81,0
DA:83,0
DA:84,0
DA:85,0
DA:86,0
DA:87,0
DA:88,0
DA:89,0
DA:90,0
DA:92,0
DA:93,0
DA:95,0
DA:96,0
DA:97,0
DA:99,0
DA:100,0
DA:103,0
DA:120,0
DA:122,0
DA:123,0
DA:125,0
DA:129,0
DA:130,0
DA:131,0
DA:132,0
DA:133,0
DA:134,0
DA:135,0
DA:137,0
DA:141,0
DA:169,0
DA:170,0
DA:191,0
DA:290,0
LF:65
LH:0
BRDA:68,0,0,0
BRDA:68,0,1,0
BRDA:68,0,2,0
BRDA:69,1,0,0
BRDA:69,1,1,0
BRDA:69,1,2,0
BRDA:70,2,0,0
BRDA:70,2,1,0
BRDA:70,2,2,0
BRDA:71,3,0,0
BRDA:71,3,1,0
BRDA:71,3,2,0
BRDA:73,4,0,0
BRDA:73,4,1,0
BRDA:74,5,0,0
BRDA:74,5,1,0
BRDA:74,5,2,0
BRDA:75,6,0,0
BRDA:75,6,1,0
BRDA:80,7,0,0
BRDA:80,7,1,0
BRDA:81,8,0,0
BRDA:81,8,1,0
BRDA:87,9,0,0
BRDA:87,9,1,0
BRDA:90,10,0,0
BRDA:90,10,1,0
BRDA:92,11,0,0
BRDA:92,11,1,0
BRDA:96,12,0,0
BRDA:96,12,1,0
BRDA:97,13,0,0
BRDA:97,13,1,0
BRDA:99,14,0,0
BRDA:99,14,1,0
BRDA:100,15,0,0
BRDA:100,15,1,0
BRDA:122,16,0,0
BRDA:122,16,1,0
BRDA:130,17,0,0
BRDA:130,17,1,0
BRDA:132,18,0,0
BRDA:132,18,1,0
BRDA:134,19,0,0
BRDA:144,20,0,0
BRDA:144,20,1,0
BRDA:146,21,0,0
BRDA:146,21,1,0
BRDA:147,22,0,0
BRDA:147,22,1,0
BRDA:147,23,0,0
BRDA:147,23,1,0
BRDA:153,24,0,0
BRDA:153,24,1,0
BRDA:153,25,0,0
BRDA:153,25,1,0
BRDA:158,26,0,0
BRDA:158,26,1,0
BRDA:163,27,0,0
BRDA:163,27,1,0
BRDA:163,28,0,0
BRDA:163,28,1,0
BRDA:169,29,0,0
BRDA:169,30,0,0
BRDA:169,30,1,0
BRDA:206,31,0,0
BRDA:206,31,1,0
BRDA:207,32,0,0
BRDA:207,32,1,0
BRDA:213,33,0,0
BRDA:213,33,1,0
BRDA:230,34,0,0
BRDA:230,34,1,0
BRDA:238,35,0,0
BRDA:238,35,1,0
BRDA:249,36,0,0
BRDA:249,36,1,0
BRDA:249,37,0,0
BRDA:249,37,1,0
BRDA:249,38,0,0
BRDA:249,38,1,0
BRDA:254,39,0,0
BRDA:254,39,1,0
BRDA:254,40,0,0
BRDA:254,40,1,0
BRDA:271,41,0,0
BRDA:271,41,1,0
BRDA:279,42,0,0
BRDA:279,42,1,0
BRF:89
BRH:0
end_of_record
TN:
SF:src/components/DataAnalysis/PivotTableBuilder.tsx
FN:75,(anonymous_10)
FN:99,(anonymous_11)
FN:103,(anonymous_12)
FN:109,(anonymous_13)
FN:119,(anonymous_14)
FN:129,(anonymous_15)
FN:139,(anonymous_16)
FN:160,(anonymous_17)
FN:161,(anonymous_18)
FN:164,(anonymous_19)
FN:165,(anonymous_20)
FN:168,(anonymous_21)
FN:169,(anonymous_22)
FN:172,(anonymous_23)
FN:210,(anonymous_24)
FN:237,(anonymous_25)
FN:268,(anonymous_26)
FN:307,(anonymous_27)
FN:310,(anonymous_28)
FN:325,(anonymous_29)
FN:334,(anonymous_30)
FN:336,(anonymous_31)
FN:338,(anonymous_32)
FN:346,(anonymous_33)
FN:367,(anonymous_34)
FN:376,(anonymous_35)
FN:378,(anonymous_36)
FN:380,(anonymous_37)
FN:388,(anonymous_38)
FN:410,(anonymous_39)
FN:417,(anonymous_40)
FN:421,(anonymous_41)
FN:455,(anonymous_42)
FN:478,(anonymous_43)
FN:485,(anonymous_44)
FN:504,(anonymous_45)
FN:512,(anonymous_46)
FN:514,(anonymous_47)
FN:544,(anonymous_48)
FN:548,(anonymous_49)
FN:549,(anonymous_50)
FN:550,(anonymous_51)
FN:551,(anonymous_52)
FN:563,(anonymous_53)
FN:567,(anonymous_54)
FN:568,(anonymous_55)
FN:569,(anonymous_56)
FN:580,(anonymous_57)
FN:596,(anonymous_58)
FN:603,(anonymous_59)
FN:612,(anonymous_60)
FN:621,(anonymous_61)
FN:628,(anonymous_62)
FNF:53
FNH:0
FNDA:0,(anonymous_10)
FNDA:0,(anonymous_11)
FNDA:0,(anonymous_12)
FNDA:0,(anonymous_13)
FNDA:0,(anonymous_14)
FNDA:0,(anonymous_15)
FNDA:0,(anonymous_16)
FNDA:0,(anonymous_17)
FNDA:0,(anonymous_18)
FNDA:0,(anonymous_19)
FNDA:0,(anonymous_20)
FNDA:0,(anonymous_21)
FNDA:0,(anonymous_22)
FNDA:0,(anonymous_23)
FNDA:0,(anonymous_24)
FNDA:0,(anonymous_25)
FNDA:0,(anonymous_26)
FNDA:0,(anonymous_27)
FNDA:0,(anonymous_28)
FNDA:0,(anonymous_29)
FNDA:0,(anonymous_30)
FNDA:0,(anonymous_31)
FNDA:0,(anonymous_32)
FNDA:0,(anonymous_33)
FNDA:0,(anonymous_34)
FNDA:0,(anonymous_35)
FNDA:0,(anonymous_36)
FNDA:0,(anonymous_37)
FNDA:0,(anonymous_38)
FNDA:0,(anonymous_39)
FNDA:0,(anonymous_40)
FNDA:0,(anonymous_41)
FNDA:0,(anonymous_42)
FNDA:0,(anonymous_43)
FNDA:0,(anonymous_44)
FNDA:0,(anonymous_45)
FNDA:0,(anonymous_46)
FNDA:0,(anonymous_47)
FNDA:0,(anonymous_48)
FNDA:0,(anonymous_49)
FNDA:0,(anonymous_50)
FNDA:0,(anonymous_51)
FNDA:0,(anonymous_52)
FNDA:0,(anonymous_53)
FNDA:0,(anonymous_54)
FNDA:0,(anonymous_55)
FNDA:0,(anonymous_56)
FNDA:0,(anonymous_57)
FNDA:0,(anonymous_58)
FNDA:0,(anonymous_59)
FNDA:0,(anonymous_60)
FNDA:0,(anonymous_61)
FNDA:0,(anonymous_62)
DA:1,0
DA:2,0
DA:32,0
DA:40,0
DA:41,0
DA:42,0
DA:75,0
DA:76,0
DA:78,0
DA:79,0
DA:80,0
DA:81,0
DA:82,0
DA:83,0
DA:84,0
DA:85,0
DA:87,0
DA:88,0
DA:90,0
DA:92,0
DA:99,0
DA:100,0
DA:103,0
DA:104,0
DA:105,0
DA:109,0
DA:110,0
DA:111,0
DA:112,0
DA:114,0
DA:115,0
DA:119,0
DA:120,0
DA:121,0
DA:122,0
DA:124,0
DA:125,0
DA:129,0
DA:130,0
DA:135,0
DA:136,0
DA:139,0
DA:140,0
DA:146,0
DA:147,0
DA:160,0
DA:161,0
DA:164,0
DA:165,0
DA:168,0
DA:169,0
DA:172,0
DA:173,0
DA:174,0
DA:175,0
DA:178,0
DA:179,0
DA:181,0
DA:192,0
DA:197,0
DA:198,0
DA:200,0
DA:201,0
DA:206,0
DA:210,0
DA:211,0
DA:212,0
DA:214,0
DA:215,0
DA:226,0
DA:227,0
DA:229,0
DA:230,0
DA:237,0
DA:238,0
DA:239,0
DA:240,0
DA:243,0
DA:244,0
DA:253,0
DA:254,0
DA:255,0
DA:256,0
DA:257,0
DA:258,0
DA:259,0
DA:261,0
DA:263,0
DA:264,0
DA:268,0
DA:269,0
DA:271,0
DA:273,0
DA:274,0
DA:275,0
DA:276,0
DA:277,0
DA:278,0
DA:279,0
DA:280,0
DA:281,0
DA:282,0
DA:286,0
DA:307,0
DA:311,0
DA:325,0
DA:335,0
DA:337,0
DA:339,0
DA:346,0
DA:367,0
DA:377,0
DA:379,0
DA:381,0
DA:388,0
DA:418,0
DA:421,0
DA:455,0
DA:478,0
DA:485,0
DA:505,0
DA:513,0
DA:515,0
DA:544,0
DA:549,0
DA:551,0
DA:563,0
DA:568,0
DA:570,0
DA:580,0
DA:596,0
DA:603,0
DA:612,0
DA:621,0
DA:628,0
DA:635,0
LF:136
LH:0
BRDA:104,0,0,0
BRDA:112,1,0,0
BRDA:112,1,1,0
BRDA:122,2,0,0
BRDA:122,2,1,0
BRDA:144,3,0,0
BRDA:144,3,1,0
BRDA:173,4,0,0
BRDA:173,5,0,0
BRDA:173,5,1,0
BRDA:173,5,2,0
BRDA:202,6,0,0
BRDA:202,6,1,0
BRDA:212,7,0,0
BRDA:231,8,0,0
BRDA:231,8,1,0
BRDA:238,9,0,0
BRDA:269,10,0,0
BRDA:273,11,0,0
BRDA:273,11,1,0
BRDA:273,12,0,0
BRDA:273,12,1,0
BRDA:278,13,0,0
BRDA:278,14,0,0
BRDA:278,14,1,0
BRDA:436,15,0,0
BRDA:436,15,1,0
BRDA:436,15,2,0
BRDA:436,15,3,0
BRDA:439,16,0,0
BRDA:439,16,1,0
BRDA:473,17,0,0
BRDA:473,17,1,0
BRDA:493,18,0,0
BRDA:493,18,1,0
BRDA:505,19,0,0
BRDA:505,19,1,0
BRDA:517,20,0,0
BRDA:517,20,1,0
BRDA:519,21,0,0
BRDA:519,21,1,0
BRDA:529,22,0,0
BRDA:529,22,1,0
BRDA:568,23,0,0
BRDA:568,23,1,0
BRF:45
BRH:0
end_of_record
TN:
SF:src/components/ErrorBoundary/ErrorBoundary.tsx
FN:34,(anonymous_0)
FN:70,(anonymous_1)
FN:79,(anonymous_2)
FN:83,(anonymous_3)
FN:84,(anonymous_4)
FN:45,(anonymous_5)
FN:52,(anonymous_6)
FN:89,(anonymous_7)
FNF:8
FNH:0
FNDA:0,(anonymous_0)
FNDA:0,(anonymous_1)
FNDA:0,(anonymous_2)
FNDA:0,(anonymous_3)
FNDA:0,(anonymous_4)
FNDA:0,(anonymous_5)
FNDA:0,(anonymous_6)
FNDA:0,(anonymous_7)
DA:1,0
DA:2,0
DA:13,0
DA:35,0
DA:37,0
DA:46,0
DA:53,0
DA:59,0
DA:62,0
DA:63,0
DA:70,0
DA:71,0
DA:79,0
DA:80,0
DA:83,0
DA:84,0
DA:90,0
DA:92,0
DA:93,0
DA:96,0
DA:234,0
DA:238,0
LF:22
LH:0
BRDA:62,0,0,0
BRDA:90,1,0,0
BRDA:92,2,0,0
BRDA:152,3,0,0
BRDA:152,3,1,0
BRDA:160,4,0,0
BRDA:160,4,1,0
BRDA:180,5,0,0
BRDA:180,5,1,0
BRDA:203,6,0,0
BRDA:203,6,1,0
BRF:11
BRH:0
end_of_record
TN:
SF:src/components/ErrorBoundary/index.ts
FN:1,(anonymous_1)
FN:2,(anonymous_2)
FNF:2
FNH:0
FNDA:0,(anonymous_1)
FNDA:0,(anonymous_2)
DA:1,0
DA:2,0
LF:2
LH:0
BRF:0
BRH:0
end_of_record
TN:
SF:src/components/ErrorBoundary/withErrorBoundary.tsx
FN:13,withErrorBoundary
FN:19,(anonymous_2)
FN:22,(anonymous_3)
FNF:3
FNH:0
FNDA:0,withErrorBoundary
FNDA:0,(anonymous_2)
FNDA:0,(anonymous_3)
DA:1,0
DA:2,0
DA:17,0
DA:19,0
DA:20,0
DA:24,0
DA:31,0
DA:32,0
DA:37,0
DA:38,0
DA:45,0
DA:49,0
DA:51,0
DA:54,0
LF:14
LH:0
BRDA:15,0,0,0
BRDA:17,1,0,0
BRDA:24,2,0,0
BRDA:24,2,1,0
BRDA:25,3,0,0
BRDA:25,3,1,0
BRDA:31,4,0,0
BRDA:37,5,0,0
BRDA:49,6,0,0
BRDA:49,6,1,0
BRF:10
BRH:0
end_of_record
TN:
SF:src/components/FeeManagement/FeeCalculationForm.tsx
FN:42,(anonymous_9)
FN:69,(anonymous_10)
FN:98,(anonymous_11)
FN:136,(anonymous_12)
FN:137,(anonymous_13)
FN:144,(anonymous_14)
FN:153,(anonymous_15)
FN:163,(anonymous_16)
FN:172,(anonymous_17)
FN:181,(anonymous_18)
FN:181,(anonymous_19)
FN:184,(anonymous_20)
FN:194,(anonymous_21)
FN:202,(anonymous_22)
FN:216,(anonymous_23)
FN:235,(anonymous_24)
FN:244,(anonymous_25)
FN:245,(anonymous_26)
FN:248,(anonymous_27)
FN:256,(anonymous_28)
FN:282,(anonymous_29)
FN:303,(anonymous_30)
FN:309,(anonymous_31)
FN:325,(anonymous_32)
FN:344,(anonymous_33)
FN:363,(anonymous_34)
FN:382,(anonymous_35)
FN:397,(anonymous_36)
FN:418,(anonymous_37)
FN:440,(anonymous_38)
FN:466,(anonymous_39)
FN:482,(anonymous_40)
FN:501,(anonymous_41)
FN:520,(anonymous_42)
FN:534,(anonymous_43)
FN:548,(anonymous_44)
FNF:36
FNH:0
FNDA:0,(anonymous_9)
FNDA:0,(anonymous_10)
FNDA:0,(anonymous_11)
FNDA:0,(anonymous_12)
FNDA:0,(anonymous_13)
FNDA:0,(anonymous_14)
FNDA:0,(anonymous_15)
FNDA:0,(anonymous_16)
FNDA:0,(anonymous_17)
FNDA:0,(anonymous_18)
FNDA:0,(anonymous_19)
FNDA:0,(anonymous_20)
FNDA:0,(anonymous_21)
FNDA:0,(anonymous_22)
FNDA:0,(anonymous_23)
FNDA:0,(anonymous_24)
FNDA:0,(anonymous_25)
FNDA:0,(anonymous_26)
FNDA:0,(anonymous_27)
FNDA:0,(anonymous_28)
FNDA:0,(anonymous_29)
FNDA:0,(anonymous_30)
FNDA:0,(anonymous_31)
FNDA:0,(anonymous_32)
FNDA:0,(anonymous_33)
FNDA:0,(anonymous_34)
FNDA:0,(anonymous_35)
FNDA:0,(anonymous_36)
FNDA:0,(anonymous_37)
FNDA:0,(anonymous_38)
FNDA:0,(anonymous_39)
FNDA:0,(anonymous_40)
FNDA:0,(anonymous_41)
FNDA:0,(anonymous_42)
FNDA:0,(anonymous_43)
FNDA:0,(anonymous_44)
DA:1,0
DA:2,0
DA:3,0
DA:42,0
DA:43,0
DA:44,0
DA:45,0
DA:47,0
DA:63,0
DA:64,0
DA:65,0
DA:66,0
DA:67,0
DA:69,0
DA:71,0
DA:78,0
DA:80,0
DA:98,0
DA:99,0
DA:101,0
DA:102,0
DA:105,0
DA:106,0
DA:109,0
DA:110,0
DA:113,0
DA:114,0
DA:115,0
DA:116,0
DA:117,0
DA:121,0
DA:122,0
DA:125,0
DA:126,0
DA:129,0
DA:130,0
DA:133,0
DA:136,0
DA:137,0
DA:143,0
DA:144,0
DA:145,0
DA:146,0
DA:152,0
DA:153,0
DA:162,0
DA:163,0
DA:164,0
DA:165,0
DA:171,0
DA:172,0
DA:181,0
DA:184,0
DA:185,0
DA:186,0
DA:188,0
DA:189,0
DA:190,0
DA:191,0
DA:194,0
DA:202,0
DA:203,0
DA:205,0
DA:206,0
DA:207,0
DA:208,0
DA:211,0
DA:212,0
DA:214,0
DA:216,0
DA:219,0
DA:225,0
DA:227,0
DA:229,0
DA:231,0
DA:235,0
DA:236,0
DA:244,0
DA:245,0
DA:248,0
DA:250,0
DA:256,0
DA:282,0
DA:303,0
DA:310,0
DA:325,0
DA:344,0
DA:363,0
DA:382,0
DA:397,0
DA:418,0
DA:440,0
DA:466,0
DA:482,0
DA:501,0
DA:520,0
DA:534,0
DA:548,0
DA:655,0
LF:99
LH:0
BRDA:78,0,0,0
BRDA:78,1,0,0
BRDA:78,1,1,0
BRDA:101,2,0,0
BRDA:105,3,0,0
BRDA:109,4,0,0
BRDA:113,5,0,0
BRDA:113,6,0,0
BRDA:113,6,1,0
BRDA:116,7,0,0
BRDA:121,8,0,0
BRDA:121,9,0,0
BRDA:121,9,1,0
BRDA:125,10,0,0
BRDA:125,11,0,0
BRDA:125,11,1,0
BRDA:129,12,0,0
BRDA:143,13,0,0
BRDA:143,14,0,0
BRDA:143,14,1,0
BRDA:145,15,0,0
BRDA:146,16,0,0
BRDA:146,16,1,0
BRDA:148,17,0,0
BRDA:148,17,1,0
BRDA:152,18,0,0
BRDA:162,19,0,0
BRDA:162,20,0,0
BRDA:162,20,1,0
BRDA:164,21,0,0
BRDA:165,22,0,0
BRDA:165,22,1,0
BRDA:167,23,0,0
BRDA:167,23,1,0
BRDA:171,24,0,0
BRDA:188,25,0,0
BRDA:188,26,0,0
BRDA:188,26,1,0
BRDA:206,27,0,0
BRDA:263,28,0,0
BRDA:263,28,1,0
BRDA:266,29,0,0
BRDA:266,29,1,0
BRDA:282,30,0,0
BRDA:282,30,1,0
BRDA:305,31,0,0
BRDA:305,31,1,0
BRDA:313,32,0,0
BRDA:313,32,1,0
BRDA:346,33,0,0
BRDA:346,33,1,0
BRDA:351,34,0,0
BRDA:351,34,1,0
BRDA:365,35,0,0
BRDA:365,35,1,0
BRDA:370,36,0,0
BRDA:370,36,1,0
BRDA:420,37,0,0
BRDA:420,37,1,0
BRDA:426,38,0,0
BRDA:426,38,1,0
BRDA:442,39,0,0
BRDA:442,39,1,0
BRDA:446,40,0,0
BRDA:446,40,1,0
BRDA:566,41,0,0
BRDA:566,41,1,0
BRDA:574,42,0,0
BRDA:574,42,1,0
BRDA:585,43,0,0
BRDA:585,43,1,0
BRDA:593,44,0,0
BRDA:593,44,1,0
BRDA:599,45,0,0
BRDA:599,45,1,0
BRDA:610,46,0,0
BRDA:610,46,1,0
BRDA:610,46,2,0
BRDA:616,47,0,0
BRDA:616,47,1,0
BRF:80
BRH:0
end_of_record
TN:
SF:src/components/FeeManagement/FeeManagementDashboard.tsx
FN:61,(anonymous_9)
FN:75,(anonymous_10)
FN:76,(anonymous_11)
FN:101,(anonymous_12)
FN:121,(anonymous_13)
FN:122,(anonymous_14)
FN:163,(anonymous_15)
FN:173,(anonymous_16)
FN:177,(anonymous_17)
FN:189,(anonymous_18)
FN:199,(anonymous_19)
FN:208,(anonymous_20)
FN:217,(anonymous_21)
FN:223,(anonymous_22)
FN:250,(anonymous_23)
FN:251,(anonymous_24)
FN:261,(anonymous_25)
FN:266,(anonymous_26)
FN:269,(anonymous_27)
FN:291,(anonymous_28)
FN:296,(anonymous_29)
FN:301,(anonymous_30)
FN:302,(anonymous_31)
FN:310,(anonymous_32)
FN:327,(anonymous_33)
FN:336,(anonymous_34)
FN:341,(anonymous_35)
FN:345,(anonymous_36)
FN:346,(anonymous_37)
FN:361,(anonymous_38)
FN:362,(anonymous_39)
FN:365,(anonymous_40)
FN:366,(anonymous_41)
FN:368,(anonymous_42)
FN:369,(anonymous_43)
FN:387,(anonymous_44)
FN:394,(anonymous_45)
FN:488,(anonymous_46)
FN:498,(anonymous_47)
FN:508,(anonymous_48)
FN:518,(anonymous_49)
FN:543,(anonymous_50)
FN:561,(anonymous_51)
FN:563,(anonymous_52)
FN:567,(anonymous_53)
FN:578,(anonymous_54)
FN:619,(anonymous_55)
FN:625,(anonymous_56)
FN:629,(anonymous_57)
FN:635,(anonymous_58)
FN:677,(anonymous_59)
FN:713,(anonymous_60)
FN:720,(anonymous_61)
FN:772,(anonymous_62)
FN:803,(anonymous_63)
FN:810,(anonymous_64)
FN:889,(anonymous_65)
FN:918,(anonymous_66)
FNF:58
FNH:0
FNDA:0,(anonymous_9)
FNDA:0,(anonymous_10)
FNDA:0,(anonymous_11)
FNDA:0,(anonymous_12)
FNDA:0,(anonymous_13)
FNDA:0,(anonymous_14)
FNDA:0,(anonymous_15)
FNDA:0,(anonymous_16)
FNDA:0,(anonymous_17)
FNDA:0,(anonymous_18)
FNDA:0,(anonymous_19)
FNDA:0,(anonymous_20)
FNDA:0,(anonymous_21)
FNDA:0,(anonymous_22)
FNDA:0,(anonymous_23)
FNDA:0,(anonymous_24)
FNDA:0,(anonymous_25)
FNDA:0,(anonymous_26)
FNDA:0,(anonymous_27)
FNDA:0,(anonymous_28)
FNDA:0,(anonymous_29)
FNDA:0,(anonymous_30)
FNDA:0,(anonymous_31)
FNDA:0,(anonymous_32)
FNDA:0,(anonymous_33)
FNDA:0,(anonymous_34)
FNDA:0,(anonymous_35)
FNDA:0,(anonymous_36)
FNDA:0,(anonymous_37)
FNDA:0,(anonymous_38)
FNDA:0,(anonymous_39)
FNDA:0,(anonymous_40)
FNDA:0,(anonymous_41)
FNDA:0,(anonymous_42)
FNDA:0,(anonymous_43)
FNDA:0,(anonymous_44)
FNDA:0,(anonymous_45)
FNDA:0,(anonymous_46)
FNDA:0,(anonymous_47)
FNDA:0,(anonymous_48)
FNDA:0,(anonymous_49)
FNDA:0,(anonymous_50)
FNDA:0,(anonymous_51)
FNDA:0,(anonymous_52)
FNDA:0,(anonymous_53)
FNDA:0,(anonymous_54)
FNDA:0,(anonymous_55)
FNDA:0,(anonymous_56)
FNDA:0,(anonymous_57)
FNDA:0,(anonymous_58)
FNDA:0,(anonymous_59)
FNDA:0,(anonymous_60)
FNDA:0,(anonymous_61)
FNDA:0,(anonymous_62)
FNDA:0,(anonymous_63)
FNDA:0,(anonymous_64)
FNDA:0,(anonymous_65)
FNDA:0,(anonymous_66)
DA:1,0
DA:2,0
DA:3,0
DA:17,0
DA:61,0
DA:62,0
DA:63,0
DA:64,0
DA:65,0
DA:66,0
DA:67,0
DA:68,0
DA:69,0
DA:70,0
DA:71,0
DA:72,0
DA:75,0
DA:76,0
DA:77,0
DA:78,0
DA:80,0
DA:82,0
DA:83,0
DA:84,0
DA:87,0
DA:88,0
DA:90,0
DA:91,0
DA:93,0
DA:98,0
DA:101,0
DA:117,0
DA:120,0
DA:121,0
DA:122,0
DA:137,0
DA:140,0
DA:144,0
DA:145,0
DA:148,0
DA:149,0
DA:152,0
DA:153,0
DA:154,0
DA:156,0
DA:160,0
DA:163,0
DA:164,0
DA:173,0
DA:174,0
DA:177,0
DA:178,0
DA:179,0
DA:180,0
DA:181,0
DA:182,0
DA:183,0
DA:184,0
DA:185,0
DA:189,0
DA:190,0
DA:191,0
DA:192,0
DA:193,0
DA:194,0
DA:195,0
DA:199,0
DA:200,0
DA:201,0
DA:202,0
DA:203,0
DA:204,0
DA:208,0
DA:209,0
DA:210,0
DA:211,0
DA:214,0
DA:217,0
DA:218,0
DA:219,0
DA:221,0
DA:223,0
DA:224,0
DA:225,0
DA:232,0
DA:233,0
DA:237,0
DA:240,0
DA:243,0
DA:244,0
DA:246,0
DA:250,0
DA:251,0
DA:253,0
DA:254,0
DA:255,0
DA:258,0
DA:261,0
DA:262,0
DA:263,0
DA:265,0
DA:266,0
DA:269,0
DA:270,0
DA:271,0
DA:273,0
DA:274,0
DA:278,0
DA:281,0
DA:284,0
DA:285,0
DA:287,0
DA:291,0
DA:293,0
DA:296,0
DA:297,0
DA:298,0
DA:301,0
DA:302,0
DA:303,0
DA:310,0
DA:311,0
DA:312,0
DA:327,0
DA:331,0
DA:332,0
DA:336,0
DA:338,0
DA:341,0
DA:342,0
DA:345,0
DA:346,0
DA:347,0
DA:354,0
DA:355,0
DA:360,0
DA:361,0
DA:362,0
DA:364,0
DA:365,0
DA:366,0
DA:368,0
DA:369,0
DA:372,0
DA:378,0
DA:387,0
DA:388,0
DA:390,0
DA:391,0
DA:394,0
DA:396,0
DA:397,0
DA:404,0
DA:405,0
DA:412,0
DA:488,0
DA:498,0
DA:508,0
DA:518,0
DA:543,0
DA:561,0
DA:564,0
DA:567,0
DA:579,0
DA:585,0
DA:619,0
DA:625,0
DA:630,0
DA:635,0
DA:678,0
DA:713,0
DA:720,0
DA:773,0
DA:803,0
DA:810,0
DA:889,0
DA:918,0
DA:938,0
LF:178
LH:0
BRDA:83,0,0,0
BRDA:83,0,1,0
BRDA:98,1,0,0
BRDA:98,1,1,0
BRDA:104,2,0,0
BRDA:104,2,1,0
BRDA:107,3,0,0
BRDA:107,3,1,0
BRDA:108,4,0,0
BRDA:108,4,1,0
BRDA:109,5,0,0
BRDA:109,5,1,0
BRDA:110,6,0,0
BRDA:110,6,1,0
BRDA:111,7,0,0
BRDA:111,7,1,0
BRDA:112,8,0,0
BRDA:112,8,1,0
BRDA:113,9,0,0
BRDA:113,9,1,0
BRDA:114,10,0,0
BRDA:114,10,1,0
BRDA:121,11,0,0
BRDA:121,11,1,0
BRDA:128,12,0,0
BRDA:128,12,1,0
BRDA:130,13,0,0
BRDA:130,13,1,0
BRDA:169,14,0,0
BRDA:169,14,1,0
BRDA:178,15,0,0
BRDA:178,15,1,0
BRDA:178,15,2,0
BRDA:178,15,3,0
BRDA:178,15,4,0
BRDA:178,15,5,0
BRDA:178,15,6,0
BRDA:190,16,0,0
BRDA:190,16,1,0
BRDA:190,16,2,0
BRDA:190,16,3,0
BRDA:190,16,4,0
BRDA:200,17,0,0
BRDA:200,17,1,0
BRDA:200,17,2,0
BRDA:200,17,3,0
BRDA:209,18,0,0
BRDA:253,19,0,0
BRDA:303,20,0,0
BRDA:303,20,1,0
BRDA:311,21,0,0
BRDA:347,22,0,0
BRDA:347,22,1,0
BRDA:388,23,0,0
BRDA:388,23,1,0
BRDA:390,24,0,0
BRDA:390,24,1,0
BRDA:391,25,0,0
BRDA:391,25,1,0
BRDA:396,26,0,0
BRDA:404,27,0,0
BRDA:490,28,0,0
BRDA:490,28,1,0
BRDA:500,29,0,0
BRDA:500,29,1,0
BRDA:510,30,0,0
BRDA:510,30,1,0
BRDA:520,31,0,0
BRDA:520,31,1,0
BRDA:532,32,0,0
BRDA:532,32,1,0
BRDA:580,33,0,0
BRDA:580,33,1,0
BRDA:582,34,0,0
BRDA:582,34,1,0
BRDA:590,35,0,0
BRDA:590,35,1,0
BRDA:597,36,0,0
BRDA:597,36,1,0
BRDA:609,37,0,0
BRDA:609,37,1,0
BRDA:718,38,0,0
BRDA:718,38,1,0
BRDA:737,39,0,0
BRDA:737,39,1,0
BRDA:785,40,0,0
BRDA:785,40,1,0
BRDA:808,41,0,0
BRDA:808,41,1,0
BRDA:827,42,0,0
BRDA:827,42,1,0
BRDA:877,43,0,0
BRDA:877,43,1,0
BRDA:906,44,0,0
BRDA:906,44,1,0
BRF:95
BRH:0
end_of_record
TN:
SF:src/components/FeeManagement/FeePostingWorkflow.tsx
FN:78,(anonymous_9)
FN:114,(anonymous_10)
FN:118,(anonymous_11)
FN:120,(anonymous_12)
FN:123,(anonymous_13)
FN:139,(anonymous_14)
FN:142,(anonymous_15)
FN:151,(anonymous_16)
FN:159,(anonymous_17)
FN:168,(anonymous_18)
FN:223,(anonymous_19)
FN:262,(anonymous_20)
FN:265,(anonymous_21)
FN:285,(anonymous_22)
FN:286,(anonymous_23)
FN:306,(anonymous_24)
FN:308,(anonymous_25)
FN:312,(anonymous_26)
FN:313,(anonymous_27)
FN:316,(anonymous_28)
FN:334,(anonymous_29)
FN:356,(anonymous_30)
FN:359,(anonymous_31)
FN:359,(anonymous_32)
FN:430,(anonymous_33)
FN:430,(anonymous_34)
FN:442,(anonymous_35)
FN:442,(anonymous_36)
FN:454,(anonymous_37)
FN:454,(anonymous_38)
FN:472,(anonymous_39)
FN:472,(anonymous_40)
FN:489,(anonymous_41)
FN:489,(anonymous_42)
FN:545,(anonymous_43)
FN:557,(anonymous_44)
FN:560,(anonymous_45)
FN:569,(anonymous_46)
FN:573,(anonymous_47)
FN:584,(anonymous_48)
FN:588,(anonymous_49)
FN:604,(anonymous_50)
FN:607,(anonymous_51)
FN:637,(anonymous_52)
FN:637,(anonymous_53)
FN:662,(anonymous_54)
FN:662,(anonymous_55)
FN:691,(anonymous_56)
FN:691,(anonymous_57)
FN:788,(anonymous_58)
FN:788,(anonymous_59)
FN:804,(anonymous_60)
FN:804,(anonymous_61)
FN:840,(anonymous_62)
FN:856,(anonymous_63)
FNF:55
FNH:0
FNDA:0,(anonymous_9)
FNDA:0,(anonymous_10)
FNDA:0,(anonymous_11)
FNDA:0,(anonymous_12)
FNDA:0,(anonymous_13)
FNDA:0,(anonymous_14)
FNDA:0,(anonymous_15)
FNDA:0,(anonymous_16)
FNDA:0,(anonymous_17)
FNDA:0,(anonymous_18)
FNDA:0,(anonymous_19)
FNDA:0,(anonymous_20)
FNDA:0,(anonymous_21)
FNDA:0,(anonymous_22)
FNDA:0,(anonymous_23)
FNDA:0,(anonymous_24)
FNDA:0,(anonymous_25)
FNDA:0,(anonymous_26)
FNDA:0,(anonymous_27)
FNDA:0,(anonymous_28)
FNDA:0,(anonymous_29)
FNDA:0,(anonymous_30)
FNDA:0,(anonymous_31)
FNDA:0,(anonymous_32)
FNDA:0,(anonymous_33)
FNDA:0,(anonymous_34)
FNDA:0,(anonymous_35)
FNDA:0,(anonymous_36)
FNDA:0,(anonymous_37)
FNDA:0,(anonymous_38)
FNDA:0,(anonymous_39)
FNDA:0,(anonymous_40)
FNDA:0,(anonymous_41)
FNDA:0,(anonymous_42)
FNDA:0,(anonymous_43)
FNDA:0,(anonymous_44)
FNDA:0,(anonymous_45)
FNDA:0,(anonymous_46)
FNDA:0,(anonymous_47)
FNDA:0,(anonymous_48)
FNDA:0,(anonymous_49)
FNDA:0,(anonymous_50)
FNDA:0,(anonymous_51)
FNDA:0,(anonymous_52)
FNDA:0,(anonymous_53)
FNDA:0,(anonymous_54)
FNDA:0,(anonymous_55)
FNDA:0,(anonymous_56)
FNDA:0,(anonymous_57)
FNDA:0,(anonymous_58)
FNDA:0,(anonymous_59)
FNDA:0,(anonymous_60)
FNDA:0,(anonymous_61)
FNDA:0,(anonymous_62)
FNDA:0,(anonymous_63)
DA:1,0
DA:2,0
DA:3,0
DA:4,0
DA:70,0
DA:78,0
DA:79,0
DA:80,0
DA:82,0
DA:83,0
DA:84,0
DA:85,0
DA:86,0
DA:88,0
DA:111,0
DA:112,0
DA:114,0
DA:115,0
DA:118,0
DA:119,0
DA:120,0
DA:121,0
DA:122,0
DA:123,0
DA:134,0
DA:139,0
DA:141,0
DA:142,0
DA:151,0
DA:152,0
DA:153,0
DA:156,0
DA:158,0
DA:159,0
DA:162,0
DA:164,0
DA:168,0
DA:169,0
DA:172,0
DA:217,0
DA:219,0
DA:223,0
DA:224,0
DA:226,0
DA:227,0
DA:243,0
DA:244,0
DA:262,0
DA:265,0
DA:266,0
DA:268,0
DA:270,0
DA:271,0
DA:273,0
DA:276,0
DA:277,0
DA:279,0
DA:280,0
DA:282,0
DA:285,0
DA:286,0
DA:287,0
DA:288,0
DA:290,0
DA:293,0
DA:294,0
DA:296,0
DA:297,0
DA:299,0
DA:302,0
DA:303,0
DA:306,0
DA:307,0
DA:308,0
DA:312,0
DA:313,0
DA:316,0
DA:317,0
DA:319,0
DA:320,0
DA:321,0
DA:322,0
DA:323,0
DA:328,0
DA:330,0
DA:334,0
DA:335,0
DA:337,0
DA:357,0
DA:359,0
DA:401,0
DA:430,0
DA:442,0
DA:454,0
DA:472,0
DA:489,0
DA:504,0
DA:546,0
DA:558,0
DA:559,0
DA:560,0
DA:570,0
DA:571,0
DA:572,0
DA:573,0
DA:585,0
DA:586,0
DA:587,0
DA:588,0
DA:604,0
DA:607,0
DA:621,0
DA:637,0
DA:662,0
DA:691,0
DA:728,0
DA:788,0
DA:804,0
DA:823,0
DA:827,0
DA:828,0
DA:835,0
DA:840,0
DA:857,0
DA:935,0
LF:125
LH:0
BRDA:90,0,0,0
BRDA:90,0,1,0
BRDA:119,1,0,0
BRDA:121,2,0,0
BRDA:158,3,0,0
BRDA:226,4,0,0
BRDA:226,4,1,0
BRDA:243,5,0,0
BRDA:268,6,0,0
BRDA:268,6,1,0
BRDA:268,6,2,0
BRDA:268,6,3,0
BRDA:270,7,0,0
BRDA:276,8,0,0
BRDA:279,9,0,0
BRDA:287,10,0,0
BRDA:293,11,0,0
BRDA:296,12,0,0
BRDA:307,13,0,0
BRDA:317,14,0,0
BRDA:321,15,0,0
BRDA:328,16,0,0
BRDA:328,16,1,0
BRDA:335,17,0,0
BRDA:335,17,1,0
BRDA:335,17,2,0
BRDA:335,17,3,0
BRDA:335,17,4,0
BRDA:335,17,5,0
BRDA:347,18,0,0
BRDA:347,18,1,0
BRDA:361,19,0,0
BRDA:361,19,1,0
BRDA:371,20,0,0
BRDA:371,20,1,0
BRDA:385,21,0,0
BRDA:385,21,1,0
BRDA:394,22,0,0
BRDA:394,22,1,0
BRDA:410,23,0,0
BRDA:410,23,1,0
BRDA:456,24,0,0
BRDA:456,24,1,0
BRDA:461,25,0,0
BRDA:461,25,1,0
BRDA:491,26,0,0
BRDA:491,26,1,0
BRDA:495,27,0,0
BRDA:495,27,1,0
BRDA:614,28,0,0
BRDA:614,28,1,0
BRDA:642,29,0,0
BRDA:642,29,1,0
BRDA:650,30,0,0
BRDA:650,30,1,0
BRDA:703,31,0,0
BRDA:703,31,1,0
BRDA:708,32,0,0
BRDA:708,32,1,0
BRDA:713,33,0,0
BRDA:713,33,1,0
BRDA:721,34,0,0
BRDA:721,34,1,0
BRDA:814,35,0,0
BRDA:814,35,1,0
BRDA:827,36,0,0
BRDA:827,37,0,0
BRDA:827,37,1,0
BRDA:857,38,0,0
BRDA:857,38,1,0
BRDA:859,39,0,0
BRDA:859,39,1,0
BRDA:860,40,0,0
BRDA:860,40,1,0
BRDA:865,41,0,0
BRDA:865,41,1,0
BRDA:867,42,0,0
BRDA:867,42,1,0
BRDA:872,43,0,0
BRDA:872,43,1,0
BRDA:903,44,0,0
BRDA:903,44,1,0
BRDA:917,45,0,0
BRDA:917,45,1,0
BRF:84
BRH:0
end_of_record
TN:
SF:src/components/FeeManagement/index.ts
FN:1,(anonymous_1)
FN:2,(anonymous_2)
FNF:2
FNH:0
FNDA:0,(anonymous_1)
FNDA:0,(anonymous_2)
DA:1,0
DA:2,0
LF:2
LH:0
BRF:0
BRH:0
end_of_record
TN:
SF:src/components/FundConfiguration/FundConfigurationList.tsx
FN:35,(anonymous_9)
FN:42,(anonymous_10)
FN:112,(anonymous_11)
FN:122,(anonymous_12)
FN:126,(anonymous_13)
FN:136,(anonymous_14)
FN:146,(anonymous_15)
FN:157,(anonymous_16)
FN:168,(anonymous_17)
FN:174,(anonymous_18)
FN:180,(anonymous_19)
FN:181,(anonymous_20)
FN:185,(anonymous_21)
FN:186,(anonymous_22)
FN:203,(anonymous_23)
FN:213,(anonymous_24)
FN:214,(anonymous_25)
FN:216,(anonymous_26)
FN:217,(anonymous_27)
FN:284,(anonymous_28)
FN:290,(anonymous_29)
FN:301,(anonymous_30)
FN:358,(anonymous_31)
FN:426,(anonymous_32)
FN:433,(anonymous_33)
FN:458,(anonymous_34)
FN:469,(anonymous_35)
FN:480,(anonymous_36)
FN:502,(anonymous_37)
FN:508,(anonymous_38)
FNF:30
FNH:0
FNDA:0,(anonymous_9)
FNDA:0,(anonymous_10)
FNDA:0,(anonymous_11)
FNDA:0,(anonymous_12)
FNDA:0,(anonymous_13)
FNDA:0,(anonymous_14)
FNDA:0,(anonymous_15)
FNDA:0,(anonymous_16)
FNDA:0,(anonymous_17)
FNDA:0,(anonymous_18)
FNDA:0,(anonymous_19)
FNDA:0,(anonymous_20)
FNDA:0,(anonymous_21)
FNDA:0,(anonymous_22)
FNDA:0,(anonymous_23)
FNDA:0,(anonymous_24)
FNDA:0,(anonymous_25)
FNDA:0,(anonymous_26)
FNDA:0,(anonymous_27)
FNDA:0,(anonymous_28)
FNDA:0,(anonymous_29)
FNDA:0,(anonymous_30)
FNDA:0,(anonymous_31)
FNDA:0,(anonymous_32)
FNDA:0,(anonymous_33)
FNDA:0,(anonymous_34)
FNDA:0,(anonymous_35)
FNDA:0,(anonymous_36)
FNDA:0,(anonymous_37)
FNDA:0,(anonymous_38)
DA:1,0
DA:2,0
DA:3,0
DA:35,0
DA:36,0
DA:37,0
DA:38,0
DA:39,0
DA:40,0
DA:42,0
DA:44,0
DA:112,0
DA:113,0
DA:122,0
DA:123,0
DA:126,0
DA:127,0
DA:128,0
DA:129,0
DA:130,0
DA:131,0
DA:132,0
DA:136,0
DA:137,0
DA:138,0
DA:139,0
DA:140,0
DA:141,0
DA:142,0
DA:146,0
DA:147,0
DA:148,0
DA:149,0
DA:150,0
DA:151,0
DA:152,0
DA:153,0
DA:157,0
DA:158,0
DA:159,0
DA:160,0
DA:161,0
DA:162,0
DA:163,0
DA:164,0
DA:168,0
DA:169,0
DA:170,0
DA:171,0
DA:174,0
DA:175,0
DA:176,0
DA:177,0
DA:180,0
DA:181,0
DA:182,0
DA:185,0
DA:186,0
DA:187,0
DA:188,0
DA:199,0
DA:203,0
DA:204,0
DA:206,0
DA:207,0
DA:208,0
DA:212,0
DA:213,0
DA:214,0
DA:215,0
DA:216,0
DA:217,0
DA:219,0
DA:284,0
DA:290,0
DA:301,0
DA:359,0
DA:426,0
DA:433,0
DA:458,0
DA:469,0
DA:480,0
DA:502,0
DA:508,0
DA:522,0
LF:85
LH:0
BRDA:118,0,0,0
BRDA:118,0,1,0
BRDA:127,1,0,0
BRDA:127,1,1,0
BRDA:127,1,2,0
BRDA:127,1,3,0
BRDA:127,1,4,0
BRDA:137,2,0,0
BRDA:137,2,1,0
BRDA:137,2,2,0
BRDA:137,2,3,0
BRDA:137,2,4,0
BRDA:147,3,0,0
BRDA:147,3,1,0
BRDA:147,3,2,0
BRDA:147,3,3,0
BRDA:147,3,4,0
BRDA:147,3,5,0
BRDA:158,4,0,0
BRDA:158,4,1,0
BRDA:158,4,2,0
BRDA:158,4,3,0
BRDA:158,4,4,0
BRDA:158,4,5,0
BRDA:169,5,0,0
BRDA:170,6,0,0
BRDA:175,7,0,0
BRDA:176,8,0,0
BRDA:187,9,0,0
BRDA:204,10,0,0
BRDA:204,10,1,0
BRDA:206,11,0,0
BRDA:206,11,1,0
BRDA:207,12,0,0
BRDA:207,12,1,0
BRDA:208,13,0,0
BRDA:208,13,1,0
BRDA:208,13,2,0
BRDA:351,14,0,0
BRDA:351,14,1,0
BRDA:406,15,0,0
BRDA:406,15,1,0
BRDA:490,16,0,0
BRDA:490,16,1,0
BRDA:508,17,0,0
BRDA:508,17,1,0
BRF:46
BRH:0
end_of_record
TN:
SF:src/components/FundConfiguration/FundConfigurationWizard.tsx
FN:91,(anonymous_9)
FN:195,(anonymous_10)
FN:201,(anonymous_11)
FN:208,(anonymous_12)
FN:229,(anonymous_13)
FN:230,(anonymous_14)
FN:237,(anonymous_15)
FN:243,(anonymous_16)
FN:291,(anonymous_17)
FN:301,(anonymous_18)
FN:307,(anonymous_19)
FN:339,(anonymous_20)
FN:349,(anonymous_21)
FN:371,(anonymous_22)
FN:392,(anonymous_23)
FN:533,(anonymous_24)
FN:534,(anonymous_25)
FN:546,(anonymous_26)
FN:564,(anonymous_27)
FN:582,(anonymous_28)
FN:596,(anonymous_29)
FN:614,(anonymous_30)
FN:630,(anonymous_31)
FN:647,(anonymous_32)
FN:665,(anonymous_33)
FN:679,(anonymous_34)
FN:693,(anonymous_35)
FN:694,(anonymous_36)
FN:706,(anonymous_37)
FN:725,(anonymous_38)
FN:741,(anonymous_39)
FN:761,(anonymous_40)
FN:781,(anonymous_41)
FN:794,(anonymous_42)
FN:809,(anonymous_43)
FN:824,(anonymous_44)
FN:839,(anonymous_45)
FN:853,(anonymous_46)
FN:866,(anonymous_47)
FN:867,(anonymous_48)
FN:869,(anonymous_49)
FN:872,(anonymous_50)
FN:888,(anonymous_51)
FN:907,(anonymous_52)
FN:924,(anonymous_53)
FN:940,(anonymous_54)
FN:954,(anonymous_55)
FN:964,(anonymous_56)
FN:974,(anonymous_57)
FN:992,(anonymous_58)
FN:997,(anonymous_59)
FN:1009,(anonymous_60)
FN:1010,(anonymous_61)
FN:1021,(anonymous_62)
FN:1037,(anonymous_63)
FN:1055,(anonymous_64)
FN:1071,(anonymous_65)
FN:1089,(anonymous_66)
FN:1107,(anonymous_67)
FN:1117,(anonymous_68)
FN:1127,(anonymous_69)
FN:1137,(anonymous_70)
[...]
DA:387,0
DA:390,0
LF:104
LH:0
BRDA:43,0,0,0
BRDA:43,1,0,0
BRDA:43,1,1,0
BRDA:59,2,0,0
BRDA:59,3,0,0
BRDA:59,3,1,0
BRDA:69,4,0,0
BRDA:69,5,0,0
BRDA:69,5,1,0
BRDA:79,6,0,0
BRDA:79,7,0,0
BRDA:79,7,1,0
BRDA:84,8,0,0
BRDA:84,8,1,0
BRDA:89,9,0,0
BRDA:89,10,0,0
BRDA:89,10,1,0
BRDA:99,11,0,0
BRDA:99,12,0,0
BRDA:99,12,1,0
BRDA:109,13,0,0
BRDA:112,14,0,0
BRDA:112,14,1,0
BRDA:119,15,0,0
BRDA:134,16,0,0
BRDA:136,17,0,0
BRDA:136,17,1,0
BRDA:136,17,2,0
BRDA:136,17,3,0
BRDA:136,17,4,0
BRDA:136,17,5,0
BRDA:136,17,6,0
BRDA:136,17,7,0
BRDA:136,17,8,0
BRDA:136,17,9,0
BRDA:136,17,10,0
BRDA:136,17,11,0
BRDA:156,18,0,0
BRDA:157,19,0,0
BRDA:158,20,0,0
BRDA:160,21,0,0
BRDA:160,21,1,0
BRDA:185,22,0,0
BRDA:203,23,0,0
BRDA:209,24,0,0
BRDA:234,25,0,0
BRDA:234,25,1,0
BRDA:256,26,0,0
BRDA:276,27,0,0
BRDA:276,27,1,0
BRDA:276,27,2,0
BRDA:287,28,0,0
BRDA:288,29,0,0
BRDA:289,30,0,0
BRDA:291,31,0,0
BRDA:291,31,1,0
BRDA:291,32,0,0
BRDA:291,32,1,0
BRDA:323,33,0,0
BRDA:323,33,1,0
BRDA:324,34,0,0
BRDA:324,34,1,0
BRDA:365,35,0,0
BRDA:366,36,0,0
BRDA:377,37,0,0
BRDA:377,38,0,0
BRDA:377,38,1,0
BRF:67
BRH:0
end_of_record
TN:
SF:src/utils/formatters.ts
FN:5,(anonymous_0)
FN:12,(anonymous_1)
FN:19,(anonymous_2)
FN:27,(anonymous_3)
FN:32,(anonymous_4)
FNF:5
FNH:0
FNDA:0,(anonymous_0)
FNDA:0,(anonymous_1)
FNDA:0,(anonymous_2)
FNDA:0,(anonymous_3)
FNDA:0,(anonymous_4)
DA:5,0
DA:6,0
DA:12,0
DA:13,0
DA:19,0
DA:20,0
DA:27,0
DA:28,0
DA:29,0
DA:32,0
DA:33,0
DA:34,0
LF:12
LH:0
BRDA:5,0,0,0
BRDA:12,1,0,0
BRDA:19,2,0,0
BRDA:28,3,0,0
BRDA:28,3,1,0
BRDA:33,4,0,0
BRDA:33,4,1,0
BRF:7
BRH:0
end_of_record
TN:
SF:src/utils/helpers.ts
FN:5,(anonymous_0)
FN:16,(anonymous_1)
FN:21,(anonymous_2)
FN:38,(anonymous_3)
FN:50,(anonymous_4)
FN:64,(anonymous_5)
FN:68,(anonymous_6)
FN:71,(anonymous_7)
FN:75,(anonymous_8)
FN:80,(anonymous_9)
FN:89,(anonymous_10)
FN:90,(anonymous_11)
FN:100,(anonymous_12)
FN:101,(anonymous_13)
FN:111,(anonymous_14)
FN:113,(anonymous_15)
FN:122,(anonymous_16)
FN:127,(anonymous_17)
FN:131,(anonymous_18)
FN:136,(anonymous_19)
FN:144,(anonymous_20)
FN:153,(anonymous_21)
FN:158,(anonymous_22)
FN:163,(anonymous_23)
FN:173,(anonymous_24)
FN:177,(anonymous_25)
FN:188,(anonymous_26)
FN:194,(anonymous_27)
FN:196,(anonymous_28)
FN:202,(anonymous_29)
FN:211,(anonymous_30)
FN:219,(anonymous_31)
FN:227,(anonymous_32)
FNF:33
FNH:0
FNDA:0,(anonymous_0)
FNDA:0,(anonymous_1)
FNDA:0,(anonymous_2)
FNDA:0,(anonymous_3)
FNDA:0,(anonymous_4)
FNDA:0,(anonymous_5)
FNDA:0,(anonymous_6)
FNDA:0,(anonymous_7)
FNDA:0,(anonymous_8)
FNDA:0,(anonymous_9)
FNDA:0,(anonymous_10)
FNDA:0,(anonymous_11)
FNDA:0,(anonymous_12)
FNDA:0,(anonymous_13)
FNDA:0,(anonymous_14)
FNDA:0,(anonymous_15)
FNDA:0,(anonymous_16)
FNDA:0,(anonymous_17)
FNDA:0,(anonymous_18)
FNDA:0,(anonymous_19)
FNDA:0,(anonymous_20)
FNDA:0,(anonymous_21)
FNDA:0,(anonymous_22)
FNDA:0,(anonymous_23)
FNDA:0,(anonymous_24)
FNDA:0,(anonymous_25)
FNDA:0,(anonymous_26)
FNDA:0,(anonymous_27)
FNDA:0,(anonymous_28)
FNDA:0,(anonymous_29)
FNDA:0,(anonymous_30)
FNDA:0,(anonymous_31)
FNDA:0,(anonymous_32)
DA:1,0
DA:2,0
DA:5,0
DA:6,0
DA:8,0
DA:9,0
DA:10,0
DA:12,0
DA:16,0
DA:17,0
DA:21,0
DA:25,0
DA:27,0
DA:28,0
DA:30,0
DA:38,0
DA:39,0
DA:41,0
DA:42,0
DA:44,0
DA:50,0
DA:51,0
DA:53,0
DA:54,0
DA:56,0
DA:64,0
DA:65,0
DA:68,0
DA:69,0
DA:71,0
DA:75,0
DA:76,0
DA:77,0
DA:80,0
DA:81,0
DA:89,0
DA:90,0
DA:91,0
DA:92,0
DA:94,0
DA:95,0
DA:96,0
DA:100,0
DA:101,0
DA:102,0
DA:103,0
DA:104,0
DA:106,0
DA:107,0
DA:111,0
DA:112,0
DA:113,0
DA:114,0
DA:115,0
DA:116,0
DA:117,0
DA:122,0
DA:126,0
DA:127,0
DA:128,0
DA:131,0
DA:135,0
DA:136,0
DA:137,0
DA:138,0
DA:141,0
DA:144,0
DA:145,0
DA:146,0
DA:147,0
DA:148,0
DA:149,0
DA:153,0
DA:154,0
DA:155,0
DA:158,0
DA:159,0
DA:160,0
DA:163,0
DA:164,0
DA:165,0
DA:166,0
DA:168,0
DA:173,0
DA:174,0
DA:177,0
DA:178,0
DA:180,0
DA:181,0
DA:182,0
DA:184,0
DA:188,0
DA:194,0
DA:195,0
DA:196,0
DA:201,0
DA:203,0
DA:204,0
DA:205,0
DA:207,0
DA:212,0
DA:213,0
DA:215,0
DA:220,0
DA:221,0
DA:223,0
DA:228,0
DA:229,0
DA:231,0
LF:109
LH:0
BRDA:5,0,0,0
BRDA:6,1,0,0
BRDA:9,2,0,0
BRDA:9,2,1,0
BRDA:10,3,0,0
BRDA:10,3,1,0
BRDA:23,4,0,0
BRDA:25,5,0,0
BRDA:25,6,0,0
BRDA:25,6,1,0
BRDA:25,6,2,0
BRDA:27,7,0,0
BRDA:27,7,1,0
BRDA:28,8,0,0
BRDA:38,9,0,0
BRDA:39,10,0,0
BRDA:39,11,0,0
BRDA:39,11,1,0
BRDA:39,11,2,0
BRDA:41,12,0,0
BRDA:41,12,1,0
BRDA:42,13,0,0
BRDA:50,14,0,0
BRDA:51,15,0,0
BRDA:51,16,0,0
BRDA:51,16,1,0
BRDA:51,16,2,0
BRDA:53,17,0,0
BRDA:53,17,1,0
BRDA:54,18,0,0
BRDA:76,19,0,0
BRDA:89,20,0,0
BRDA:94,21,0,0
BRDA:94,22,0,0
BRDA:94,22,1,0
BRDA:95,23,0,0
BRDA:95,24,0,0
BRDA:95,24,1,0
BRDA:103,25,0,0
BRDA:115,26,0,0
BRDA:137,27,0,0
BRDA:145,28,0,0
BRDA:145,29,0,0
BRDA:145,29,1,0
BRDA:146,30,0,0
BRDA:147,31,0,0
BRDA:148,32,0,0
BRDA:178,33,0,0
BRDA:205,34,0,0
BRDA:205,34,1,0
BRDA:205,35,0,0
BRDA:205,35,1,0
BRDA:207,36,0,0
BRDA:207,36,1,0
BRF:54
BRH:0
end_of_record
TN:
SF:src/utils/performance.ts
FN:48,(anonymous_0)
FN:52,(anonymous_1)
FN:59,(anonymous_2)
FN:66,(anonymous_3)
FN:79,(anonymous_4)
FN:92,(anonymous_5)
FN:105,(anonymous_6)
FN:117,(anonymous_7)
FN:133,(anonymous_8)
FN:144,(anonymous_9)
FN:153,(anonymous_10)
FN:177,(anonymous_11)
FN:198,(anonymous_12)
FN:232,(anonymous_13)
FN:239,(anonymous_14)
FN:246,(anonymous_15)
FN:255,(anonymous_16)
FN:274,(anonymous_17)
FN:275,(anonymous_18)
FN:286,(anonymous_19)
FN:308,(anonymous_20)
FN:314,(anonymous_21)
FN:316,(anonymous_22)
FN:317,(anonymous_23)
FN:330,(anonymous_24)
FN:337,(anonymous_25)
FN:338,(anonymous_26)
FN:341,(anonymous_27)
FN:342,(anonymous_28)
FN:345,(anonymous_29)
FN:346,(anonymous_30)
FN:351,(anonymous_31)
FN:353,(anonymous_32)
FN:357,(anonymous_33)
FN:367,(anonymous_34)
FN:374,(anonymous_35)
FN:380,(anonymous_36)
FN:397,(anonymous_37)
FN:416,(anonymous_38)
FN:422,(anonymous_39)
FN:429,(anonymous_40)
FN:431,(anonymous_41)
FN:444,(anonymous_42)
FN:455,(anonymous_43)
FN:456,(anonymous_44)
FN:464,usePerformanceMonitor
FN:467,(anonymous_46)
FN:471,(anonymous_47)
FN:475,(anonymous_48)
FN:483,(anonymous_49)
FN:484,(anonymous_50)
FN:489,withPerformanceMonitoring
FN:493,(anonymous_52)
FN:497,(anonymous_53)
FN:498,(anonymous_54)
FN:521,(anonymous_55)
FN:527,(anonymous_56)
FN:537,(anonymous_57)
FN:538,(anonymous_58)
FN:552,(anonymous_59)
FN:558,(anonymous_60)
FN:582,(anonymous_61)
FNF:62
FNH:0
FNDA:0,(anonymous_0)
FNDA:0,(anonymous_1)
FNDA:0,(anonymous_2)
FNDA:0,(anonymous_3)
FNDA:0,(anonymous_4)
FNDA:0,(anonymous_5)
FNDA:0,(anonymous_6)
FNDA:0,(anonymous_7)
FNDA:0,(anonymous_8)
FNDA:0,(anonymous_9)
FNDA:0,(anonymous_10)
FNDA:0,(anonymous_11)
FNDA:0,(anonymous_12)
FNDA:0,(anonymous_13)
FNDA:0,(anonymous_14)
FNDA:0,(anonymous_15)
FNDA:0,(anonymous_16)
FNDA:0,(anonymous_17)
FNDA:0,(anonymous_18)
FNDA:0,(anonymous_19)
FNDA:0,(anonymous_20)
FNDA:0,(anonymous_21)
FNDA:0,(anonymous_22)
FNDA:0,(anonymous_23)
FNDA:0,(anonymous_24)
FNDA:0,(anonymous_25)
FNDA:0,(anonymous_26)
FNDA:0,(anonymous_27)
FNDA:0,(anonymous_28)
FNDA:0,(anonymous_29)
FNDA:0,(anonymous_30)
FNDA:0,(anonymous_31)
FNDA:0,(anonymous_32)
FNDA:0,(anonymous_33)
FNDA:0,(anonymous_34)
FNDA:0,(anonymous_35)
FNDA:0,(anonymous_36)
FNDA:0,(anonymous_37)
FNDA:0,(anonymous_38)
FNDA:0,(anonymous_39)
FNDA:0,(anonymous_40)
FNDA:0,(anonymous_41)
FNDA:0,(anonymous_42)
FNDA:0,(anonymous_43)
FNDA:0,(anonymous_44)
FNDA:0,usePerformanceMonitor
FNDA:0,(anonymous_46)
FNDA:0,(anonymous_47)
FNDA:0,(anonymous_48)
FNDA:0,(anonymous_49)
FNDA:0,(anonymous_50)
FNDA:0,withPerformanceMonitoring
FNDA:0,(anonymous_52)
FNDA:0,(anonymous_53)
FNDA:0,(anonymous_54)
FNDA:0,(anonymous_55)
FNDA:0,(anonymous_56)
FNDA:0,(anonymous_57)
FNDA:0,(anonymous_58)
FNDA:0,(anonymous_59)
FNDA:0,(anonymous_60)
FNDA:0,(anonymous_61)
DA:37,0
DA:39,0
DA:40,0
DA:41,0
DA:49,0
DA:53,0
DA:54,0
DA:56,0
DA:60,0
DA:61,0
DA:65,0
DA:66,0
DA:67,0
DA:68,0
DA:71,0
DA:72,0
DA:74,0
DA:78,0
DA:79,0
DA:80,0
DA:81,0
DA:84,0
DA:85,0
DA:87,0
DA:91,0
DA:92,0
DA:93,0
DA:94,0
DA:97,0
DA:98,0
DA:100,0
DA:104,0
DA:105,0
DA:106,0
DA:107,0
DA:110,0
DA:111,0
DA:113,0
DA:118,0
DA:125,0
DA:126,0
DA:134,0
DA:136,0
DA:141,0
DA:142,0
DA:144,0
DA:154,0
DA:167,0
DA:168,0
DA:172,0
DA:173,0
DA:178,0
DA:193,0
DA:194,0
DA:202,0
DA:204,0
DA:205,0
DA:206,0
DA:207,0
DA:209,0
DA:210,0
DA:211,0
DA:217,0
DA:219,0
DA:220,0
DA:222,0
DA:228,0
DA:236,0
DA:238,0
DA:240,0
DA:241,0
DA:243,0
DA:244,0
DA:247,0
DA:248,0
DA:250,0
DA:251,0
DA:261,0
DA:269,0
DA:270,0
DA:275,0
DA:276,0
DA:279,0
DA:280,0
DA:281,0
DA:285,0
DA:286,0
DA:287,0
DA:288,0
DA:289,0
DA:290,0
DA:293,0
DA:294,0
DA:298,0
DA:302,0
DA:303,0
DA:304,0
DA:308,0
DA:309,0
DA:315,0
DA:316,0
DA:317,0
DA:331,0
DA:332,0
DA:334,0
DA:338,0
DA:340,0
DA:341,0
DA:342,0
DA:344,0
DA:345,0
DA:346,0
DA:348,0
DA:351,0
DA:353,0
DA:357,0
DA:363,0
DA:371,0
DA:374,0
DA:375,0
DA:376,0
DA:380,0
DA:381,0
DA:382,0
DA:386,0
DA:387,0
DA:390,0
DA:391,0
DA:394,0
DA:398,0
DA:400,0
DA:412,0
DA:417,0
DA:423,0
DA:429,0
DA:431,0
DA:445,0
DA:446,0
DA:448,0
DA:449,0
DA:452,0
DA:456,0
DA:457,0
DA:459,0
DA:464,0
DA:465,0
DA:467,0
DA:468,0
DA:471,0
DA:472,0
DA:475,0
DA:476,0
DA:479,0
DA:483,0
DA:484,0
DA:489,0
DA:493,0
DA:494,0
DA:495,0
DA:497,0
DA:498,0
DA:499,0
DA:503,0
DA:506,0
DA:508,0
DA:512,0
DA:513,0
DA:522,0
DA:524,0
DA:528,0
DA:537,0
DA:538,0
DA:548,0
DA:550,0
DA:552,0
DA:559,0
DA:561,0
DA:562,0
DA:565,0
DA:566,0
DA:569,0
DA:570,0
DA:573,0
DA:578,0
DA:579,0
DA:582,0
DA:583,0
LF:187
LH:0
BRDA:53,0,0,0
BRDA:60,1,0,0
BRDA:60,2,0,0
BRDA:60,2,1,0
BRDA:125,3,0,0
BRDA:134,4,0,0
BRDA:141,5,0,0
BRDA:161,6,0,0
BRDA:161,6,1,0
BRDA:167,7,0,0
BRDA:172,8,0,0
BRDA:172,9,0,0
BRDA:172,9,1,0
BRDA:181,10,0,0
BRDA:181,10,1,0
BRDA:193,11,0,0
BRDA:209,12,0,0
BRDA:225,13,0,0
BRDA:225,13,1,0
BRDA:266,14,0,0
BRDA:266,14,1,0
BRDA:269,15,0,0
BRDA:280,16,0,0
BRDA:285,17,0,0
BRDA:293,18,0,0
BRDA:303,19,0,0
BRDA:324,20,0,0
BRDA:324,20,1,0
BRDA:331,21,0,0
BRDA:375,22,0,0
BRDA:381,23,0,0
BRDA:386,24,0,0
BRDA:390,25,0,0
BRDA:398,26,0,0
BRDA:398,26,1,0
BRDA:448,27,0,0
BRDA:495,28,0,0
BRDA:495,28,1,0
BRDA:495,28,2,0
BRDA:506,29,0,0
BRDA:506,29,1,0
BRDA:531,30,0,0
BRDA:531,30,1,0
BRDA:532,31,0,0
BRDA:532,31,1,0
BRDA:561,32,0,0
BRDA:565,33,0,0
BRDA:569,34,0,0
BRDA:578,35,0,0
BRF:49
BRH:0
end_of_record
TN:
SF:src/utils/security.ts
FN:60,(anonymous_1)
FN:66,(anonymous_2)
FN:85,(anonymous_3)
FN:95,(anonymous_4)
FN:103,(anonymous_5)
FN:104,(anonymous_6)
FN:110,(anonymous_7)
FN:119,(anonymous_8)
FN:139,(anonymous_9)
FN:181,(anonymous_10)
FN:194,(anonymous_11)
FN:222,(anonymous_12)
FN:237,(anonymous_13)
FN:259,(anonymous_14)
FN:272,(anonymous_15)
FN:281,(anonymous_16)
FN:291,(anonymous_17)
FN:296,(anonymous_18)
FN:302,(anonymous_19)
FN:324,(anonymous_20)
FN:332,(anonymous_21)
FN:340,(anonymous_22)
FN:347,(anonymous_23)
FN:355,(anonymous_24)
FN:359,(anonymous_25)
FN:364,(anonymous_26)
FN:369,(anonymous_27)
FN:372,(anonymous_28)
FN:373,(anonymous_29)
FN:377,(anonymous_30)
FN:398,(anonymous_31)
FN:407,(anonymous_32)
FN:414,(anonymous_33)
FN:422,(anonymous_34)
FN:436,(anonymous_35)
FN:447,(anonymous_36)
FN:462,(anonymous_37)
FN:469,(anonymous_38)
FN:481,(anonymous_39)
FN:494,(anonymous_40)
FN:511,(anonymous_41)
FN:515,(anonymous_42)
FN:535,(anonymous_43)
FN:548,(anonymous_44)
FN:550,(anonymous_45)
FN:554,(anonymous_46)
FNF:46
FNH:0
FNDA:0,(anonymous_1)
FNDA:0,(anonymous_2)
FNDA:0,(anonymous_3)
FNDA:0,(anonymous_4)
FNDA:0,(anonymous_5)
FNDA:0,(anonymous_6)
FNDA:0,(anonymous_7)
FNDA:0,(anonymous_8)
FNDA:0,(anonymous_9)
FNDA:0,(anonymous_10)
FNDA:0,(anonymous_11)
FNDA:0,(anonymous_12)
FNDA:0,(anonymous_13)
FNDA:0,(anonymous_14)
FNDA:0,(anonymous_15)
FNDA:0,(anonymous_16)
FNDA:0,(anonymous_17)
FNDA:0,(anonymous_18)
FNDA:0,(anonymous_19)
FNDA:0,(anonymous_20)
FNDA:0,(anonymous_21)
FNDA:0,(anonymous_22)
FNDA:0,(anonymous_23)
FNDA:0,(anonymous_24)
FNDA:0,(anonymous_25)
FNDA:0,(anonymous_26)
FNDA:0,(anonymous_27)
FNDA:0,(anonymous_28)
FNDA:0,(anonymous_29)
FNDA:0,(anonymous_30)
FNDA:0,(anonymous_31)
FNDA:0,(anonymous_32)
FNDA:0,(anonymous_33)
FNDA:0,(anonymous_34)
FNDA:0,(anonymous_35)
FNDA:0,(anonymous_36)
FNDA:0,(anonymous_37)
FNDA:0,(anonymous_38)
FNDA:0,(anonymous_39)
FNDA:0,(anonymous_40)
FNDA:0,(anonymous_41)
FNDA:0,(anonymous_42)
FNDA:0,(anonymous_43)
FNDA:0,(anonymous_44)
FNDA:0,(anonymous_45)
FNDA:0,(anonymous_46)
DA:1,0
DA:4,0
DA:22,0
DA:37,0
DA:38,0
DA:49,0
DA:61,0
DA:63,0
DA:66,0
DA:67,0
DA:71,0
DA:79,0
DA:86,0
DA:87,0
DA:89,0
DA:96,0
DA:97,0
DA:104,0
DA:111,0
DA:113,0
DA:114,0
DA:115,0
DA:116,0
DA:117,0
DA:118,0
DA:119,0
DA:120,0
DA:124,0
DA:128,0
DA:135,0
DA:140,0
DA:142,0
DA:143,0
DA:146,0
DA:147,0
DA:150,0
DA:151,0
DA:154,0
DA:155,0
DA:158,0
DA:159,0
DA:163,0
DA:168,0
DA:169,0
DA:172,0
DA:182,0
DA:183,0
DA:188,0
DA:195,0
DA:196,0
DA:197,0
DA:199,0
DA:204,0
DA:206,0
DA:214,0
DA:215,0
DA:216,0
DA:217,0
DA:223,0
DA:226,0
DA:227,0
DA:229,0
DA:230,0
DA:231,0
DA:238,0
DA:239,0
DA:240,0
DA:242,0
DA:244,0
DA:245,0
DA:246,0
DA:249,0
DA:251,0
DA:252,0
DA:260,0
DA:261,0
DA:262,0
DA:264,0
DA:265,0
DA:273,0
DA:274,0
DA:275,0
DA:282,0
DA:283,0
DA:285,0
DA:286,0
DA:288,0
DA:292,0
DA:293,0
DA:297,0
DA:298,0
DA:299,0
DA:304,0
DA:305,0
DA:306,0
DA:307,0
DA:309,0
DA:316,0
DA:317,0
DA:318,0
DA:319,0
DA:325,0
DA:326,0
DA:333,0
DA:334,0
DA:341,0
DA:348,0
DA:349,0
DA:352,0
DA:356,0
DA:359,0
DA:360,0
DA:364,0
DA:365,0
DA:370,0
DA:372,0
DA:373,0
DA:378,0
DA:379,0
DA:380,0
DA:382,0
DA:383,0
DA:384,0
DA:392,0
DA:393,0
DA:399,0
DA:400,0
DA:401,0
DA:408,0
DA:415,0
DA:416,0
DA:423,0
DA:430,0
DA:431,0
DA:437,0
DA:438,0
DA:440,0
DA:441,0
DA:444,0
DA:447,0
DA:448,0
DA:450,0
DA:451,0
DA:455,0
DA:456,0
DA:463,0
DA:470,0
DA:477,0
DA:482,0
DA:483,0
DA:484,0
DA:485,0
DA:487,0
DA:495,0
DA:496,0
DA:497,0
DA:499,0
DA:500,0
DA:501,0
DA:503,0
DA:504,0
DA:512,0
DA:517,0
DA:524,0
DA:531,0
DA:536,0
DA:539,0
DA:540,0
DA:541,0
DA:542,0
DA:545,0
DA:549,0
DA:550,0
DA:555,0
DA:563,0
DA:565,0
DA:580,0
DA:582,0
DA:585,0
DA:588,0
LF:180
LH:0
BRDA:61,0,0,0
BRDA:61,1,0,0
BRDA:61,1,1,0
BRDA:89,2,0,0
BRDA:89,2,1,0
BRDA:96,3,0,0
BRDA:96,3,1,0
BRDA:97,4,0,0
BRDA:97,4,1,0
BRDA:97,5,0,0
BRDA:97,5,1,0
BRDA:114,6,0,0
BRDA:114,6,1,0
BRDA:116,7,0,0
BRDA:116,7,1,0
BRDA:116,8,0,0
BRDA:116,8,1,0
BRDA:116,8,2,0
BRDA:118,9,0,0
BRDA:118,9,1,0
BRDA:120,10,0,0
BRDA:120,10,1,0
BRDA:121,11,0,0
BRDA:121,11,1,0
BRDA:142,12,0,0
BRDA:146,13,0,0
BRDA:146,14,0,0
BRDA:146,14,1,0
BRDA:150,15,0,0
BRDA:150,16,0,0
BRDA:150,16,1,0
BRDA:154,17,0,0
BRDA:154,18,0,0
BRDA:154,18,1,0
BRDA:158,19,0,0
BRDA:158,20,0,0
BRDA:158,20,1,0
BRDA:168,21,0,0
BRDA:242,22,0,0
BRDA:242,23,0,0
BRDA:242,23,1,0
BRDA:244,24,0,0
BRDA:262,25,0,0
BRDA:262,25,1,0
BRDA:283,26,0,0
BRDA:378,27,0,0
BRDA:382,28,0,0
BRDA:436,29,0,0
BRDA:436,30,0,0
BRDA:440,31,0,0
BRDA:450,32,0,0
BRDA:497,33,0,0
BRDA:563,34,0,0
BRDA:580,35,0,0
BRF:54
BRH:0
end_of_record
TN:
SF:src/utils/test-utils.tsx
FN:39,setupTestStore
FN:47,(anonymous_12)
FN:55,(anonymous_13)
FN:78,renderWithProviders
FN:96,(anonymous_15)
FN:121,(anonymous_16)
FN:124,(anonymous_17)
FN:140,(anonymous_18)
FN:161,(anonymous_19)
FN:176,(anonymous_20)
FN:192,(anonymous_21)
FN:193,(anonymous_22)
FN:196,(anonymous_23)
FN:201,(anonymous_24)
FN:205,(anonymous_25)
FN:206,(anonymous_26)
FN:218,(anonymous_27)
FN:219,(anonymous_28)
FN:227,(anonymous_29)
FN:242,(anonymous_30)
FN:251,(anonymous_31)
FN:260,(anonymous_32)
FN:267,(anonymous_33)
FNF:23
FNH:0
FNDA:0,setupTestStore
FNDA:0,(anonymous_12)
FNDA:0,(anonymous_13)
FNDA:0,renderWithProviders
FNDA:0,(anonymous_15)
FNDA:0,(anonymous_16)
FNDA:0,(anonymous_17)
FNDA:0,(anonymous_18)
FNDA:0,(anonymous_19)
FNDA:0,(anonymous_20)
FNDA:0,(anonymous_21)
FNDA:0,(anonymous_22)
FNDA:0,(anonymous_23)
FNDA:0,(anonymous_24)
FNDA:0,(anonymous_25)
FNDA:0,(anonymous_26)
FNDA:0,(anonymous_27)
FNDA:0,(anonymous_28)
FNDA:0,(anonymous_29)
FNDA:0,(anonymous_30)
FNDA:0,(anonymous_31)
FNDA:0,(anonymous_32)
FNDA:0,(anonymous_33)
DA:1,0
DA:2,0
DA:3,0
DA:4,0
DA:5,0
DA:6,0
DA:7,0
DA:8,0
DA:9,0
DA:10,0
DA:11,0
DA:15,0
DA:16,0
DA:17,0
DA:20,0
DA:39,0
DA:40,0
DA:48,0
DA:55,0
DA:56,0
DA:78,0
DA:89,0
DA:92,0
DA:93,0
DA:96,0
DA:97,0
DA:113,0
DA:120,0
DA:121,0
DA:124,0
DA:140,0
DA:161,0
DA:176,0
DA:192,0
DA:193,0
DA:196,0
DA:199,0
DA:200,0
DA:201,0
DA:205,0
DA:206,0
DA:207,0
DA:209,0
DA:210,0
DA:211,0
DA:212,0
DA:213,0
DA:218,0
DA:219,0
DA:220,0
DA:222,0
DA:223,0
DA:224,0
DA:227,0
DA:229,0
DA:230,0
DA:231,0
DA:237,0
DA:242,0
DA:243,0
DA:251,0
DA:252,0
DA:260,0
DA:261,0
DA:267,0
DA:268,0
DA:269,0
DA:270,0
DA:271,0
DA:273,0
LF:70
LH:0
BRDA:80,0,0,0
BRDA:83,1,0,0
BRDA:84,2,0,0
BRDA:85,3,0,0
BRDA:86,4,0,0
BRDA:87,5,0,0
BRDA:92,6,0,0
BRDA:124,7,0,0
BRDA:140,8,0,0
BRDA:161,9,0,0
BRDA:176,10,0,0
BRDA:200,11,0,0
BRDA:211,12,0,0
BRDA:223,13,0,0
BRDA:230,14,0,0
BRDA:261,15,0,0
BRDA:261,15,1,0
BRDA:261,15,2,0
BRDA:261,15,3,0
BRDA:273,16,0,0
BRDA:273,16,1,0
BRDA:273,16,2,0
BRDA:273,16,3,0
BRF:23
BRH:0
end_of_record
TN:
SF:src/utils/validation.ts
FN:104,(anonymous_9)
FN:110,(anonymous_10)
FN:116,(anonymous_11)
FN:123,(anonymous_12)
FN:128,(anonymous_13)
FN:138,(anonymous_14)
FN:144,(anonymous_15)
FN:151,(anonymous_16)
FNF:8
FNH:0
FNDA:0,(anonymous_9)
FNDA:0,(anonymous_10)
FNDA:0,(anonymous_11)
FNDA:0,(anonymous_12)
FNDA:0,(anonymous_13)
FNDA:0,(anonymous_14)
FNDA:0,(anonymous_15)
FNDA:0,(anonymous_16)
DA:1,0
DA:5,0
DA:25,0
DA:48,0
DA:61,0
DA:80,0
DA:104,0
DA:105,0
DA:106,0
DA:107,0
DA:110,0
DA:111,0
DA:112,0
DA:113,0
DA:116,0
DA:117,0
DA:118,0
DA:119,0
DA:123,0
DA:124,0
DA:125,0
DA:128,0
DA:129,0
DA:130,0
DA:138,0
DA:139,0
DA:140,0
DA:144,0
DA:145,0
DA:146,0
DA:147,0
DA:149,0
DA:150,0
DA:151,0
DA:152,0
DA:153,0
DA:156,0
DA:158,0
LF:38
LH:0
BRDA:105,0,0,0
BRDA:106,1,0,0
BRDA:106,1,1,0
BRDA:111,2,0,0
BRDA:112,3,0,0
BRDA:112,3,1,0
BRDA:117,4,0,0
BRDA:118,5,0,0
BRDA:118,5,1,0
BRDA:124,6,0,0
BRDA:128,7,0,0
BRDA:129,8,0,0
BRDA:129,8,1,0
BRDA:139,9,0,0
BRDA:139,9,1,0
BRDA:149,10,0,0
BRDA:152,11,0,0
BRF:17
BRH:0
end_of_record
TN:
SF:src/utils/financial/calculations.ts
FN:10,(anonymous_0)
FN:15,(anonymous_1)
FN:19,(anonymous_2)
FN:34,(anonymous_3)
FN:40,(anonymous_4)
FN:56,(anonymous_5)
FN:61,(anonymous_6)
FN:72,(anonymous_7)
FN:98,(anonymous_8)
FN:123,(anonymous_9)
FN:166,(anonymous_10)
FN:173,(anonymous_11)
FN:174,(anonymous_12)
FN:186,(anonymous_13)
FN:204,(anonymous_14)
FN:215,(anonymous_15)
FN:253,(anonymous_16)
FN:271,(anonymous_17)
FN:282,(anonymous_18)
FN:301,(anonymous_19)
FN:312,(anonymous_20)
FN:319,(anonymous_21)
FN:327,(anonymous_22)
FNF:23
FNH:0
FNDA:0,(anonymous_0)
FNDA:0,(anonymous_1)
FNDA:0,(anonymous_2)
FNDA:0,(anonymous_3)
FNDA:0,(anonymous_4)
FNDA:0,(anonymous_5)
FNDA:0,(anonymous_6)
FNDA:0,(anonymous_7)
FNDA:0,(anonymous_8)
FNDA:0,(anonymous_9)
FNDA:0,(anonymous_10)
FNDA:0,(anonymous_11)
FNDA:0,(anonymous_12)
FNDA:0,(anonymous_13)
FNDA:0,(anonymous_14)
FNDA:0,(anonymous_15)
FNDA:0,(anonymous_16)
FNDA:0,(anonymous_17)
FNDA:0,(anonymous_18)
FNDA:0,(anonymous_19)
FNDA:0,(anonymous_20)
FNDA:0,(anonymous_21)
FNDA:0,(anonymous_22)
DA:1,0
DA:5,0
DA:10,0
DA:14,0
DA:15,0
DA:19,0
DA:20,0
DA:21,0
DA:23,0
DA:34,0
DA:39,0
DA:40,0
DA:47,0
DA:50,0
DA:56,0
DA:61,0
DA:62,0
DA:64,0
DA:65,0
DA:66,0
DA:68,0
DA:69,0
DA:70,0
DA:72,0
DA:73,0
DA:76,0
DA:78,0
DA:79,0
DA:84,0
DA:85,0
DA:88,0
DA:89,0
DA:92,0
DA:98,0
DA:103,0
DA:107,0
DA:111,0
DA:113,0
DA:123,0
DA:131,0
DA:132,0
DA:133,0
DA:136,0
DA:137,0
DA:139,0
DA:140,0
DA:150,0
DA:154,0
DA:156,0
DA:158,0
DA:159,0
DA:166,0
DA:169,0
DA:173,0
DA:174,0
DA:176,0
DA:178,0
DA:179,0
DA:186,0
DA:189,0
DA:193,0
DA:194,0
DA:195,0
DA:197,0
DA:204,0
DA:209,0
DA:215,0
DA:221,0
DA:222,0
DA:225,0
DA:227,0
DA:228,0
DA:238,0
DA:242,0
DA:243,0
DA:245,0
DA:246,0
DA:253,0
DA:256,0
DA:260,0
DA:261,0
DA:262,0
DA:264,0
DA:271,0
DA:276,0
DA:282,0
DA:287,0
DA:288,0
DA:295,0
DA:301,0
DA:305,0
DA:306,0
DA:312,0
DA:315,0
DA:318,0
DA:319,0
DA:320,0
DA:321,0
DA:326,0
DA:327,0
DA:328,0
DA:329,0
DA:333,0
LF:103
LH:0
BRDA:58,0,0,0
BRDA:84,1,0,0
BRDA:88,2,0,0
BRDA:103,3,0,0
BRDA:103,3,1,0
BRDA:107,4,0,0
BRDA:107,4,1,0
BRDA:129,5,0,0
BRDA:139,6,0,0
BRDA:158,7,0,0
BRDA:178,8,0,0
BRDA:193,9,0,0
BRDA:227,10,0,0
BRDA:245,11,0,0
BRDA:260,12,0,0
BRDA:284,13,0,0
BRDA:285,14,0,0
BRDA:303,15,0,0
BRDA:320,16,0,0
BRDA:320,17,0,0
BRDA:320,17,1,0
BRDA:328,18,0,0
BRDA:328,19,0,0
BRDA:328,19,1,0
BRDA:328,19,2,0
BRF:25
BRH:0
end_of_record
