TN:
SF:src/app.ts
FN:51,(anonymous_1)
FN:62,(anonymous_2)
FNF:2
FNH:0
FNDA:0,(anonymous_1)
FNDA:0,(anonymous_2)
DA:1,0
DA:2,0
DA:3,0
DA:4,0
DA:5,0
DA:6,0
DA:7,0
DA:8,0
DA:9,0
DA:12,0
DA:13,0
DA:14,0
DA:15,0
DA:16,0
DA:17,0
DA:18,0
DA:19,0
DA:20,0
DA:21,0
DA:22,0
DA:23,0
DA:24,0
DA:25,0
DA:27,0
DA:30,0
DA:31,0
DA:34,0
DA:35,0
DA:36,0
DA:39,0
DA:42,0
DA:48,0
DA:51,0
DA:52,0
DA:58,0
DA:62,0
DA:63,0
DA:71,0
DA:72,0
DA:73,0
DA:74,0
DA:75,0
DA:76,0
DA:77,0
DA:78,0
DA:79,0
DA:80,0
DA:81,0
DA:82,0
DA:83,0
DA:84,0
DA:87,0
DA:88,0
DA:90,0
LF:54
LH:0
BRF:0
BRH:0
end_of_record
TN:
SF:src/config/config.ts
FNF:0
FNH:0
DA:1,0
DA:2,0
DA:4,0
DA:6,0
DA:67,0
LF:5
LH:0
BRDA:7,0,0,0
BRDA:7,0,1,0
BRDA:8,1,0,0
BRDA:8,1,1,0
BRDA:11,2,0,0
BRDA:11,2,1,0
BRDA:12,3,0,0
BRDA:12,3,1,0
BRDA:13,4,0,0
BRDA:13,4,1,0
BRDA:14,5,0,0
BRDA:14,5,1,0
BRDA:15,6,0,0
BRDA:15,6,1,0
BRDA:19,7,0,0
BRDA:19,7,1,0
BRDA:20,8,0,0
BRDA:20,8,1,0
BRDA:21,9,0,0
BRDA:21,9,1,0
BRDA:22,10,0,0
BRDA:22,10,1,0
BRDA:26,11,0,0
BRDA:26,11,1,0
BRDA:30,12,0,0
BRDA:30,12,1,0
BRDA:36,13,0,0
BRDA:36,13,1,0
BRDA:37,14,0,0
BRDA:37,14,1,0
BRDA:40,15,0,0
BRDA:40,15,1,0
BRDA:41,16,0,0
BRDA:41,16,1,0
BRDA:44,17,0,0
BRDA:44,17,1,0
BRDA:48,18,0,0
BRDA:48,18,1,0
BRDA:49,19,0,0
BRDA:49,19,1,0
BRDA:53,20,0,0
BRDA:53,20,1,0
BRDA:54,21,0,0
BRDA:54,21,1,0
BRDA:58,22,0,0
BRDA:58,22,1,0
BRDA:59,23,0,0
BRDA:59,23,1,0
BRDA:63,24,0,0
BRDA:63,24,1,0
BRF:50
BRH:0
end_of_record
TN:
SF:src/controllers/AnalyticsController.ts
FN:14,(anonymous_1)
FN:74,(anonymous_2)
FN:104,(anonymous_3)
FN:140,(anonymous_4)
FN:170,(anonymous_5)
FN:200,(anonymous_6)
FN:227,(anonymous_7)
FN:249,(anonymous_8)
FN:280,(anonymous_9)
FN:306,(anonymous_10)
FN:337,(anonymous_11)
FN:370,(anonymous_12)
FN:395,(anonymous_13)
FN:433,(anonymous_14)
FN:466,(anonymous_15)
FN:498,(anonymous_16)
FN:529,(anonymous_17)
FN:570,(anonymous_18)
FN:611,(anonymous_19)
FN:642,(anonymous_20)
FN:672,(anonymous_21)
FN:704,(anonymous_22)
FNF:22
FNH:0
FNDA:0,(anonymous_1)
FNDA:0,(anonymous_2)
FNDA:0,(anonymous_3)
FNDA:0,(anonymous_4)
FNDA:0,(anonymous_5)
FNDA:0,(anonymous_6)
FNDA:0,(anonymous_7)
FNDA:0,(anonymous_8)
FNDA:0,(anonymous_9)
FNDA:0,(anonymous_10)
FNDA:0,(anonymous_11)
FNDA:0,(anonymous_12)
FNDA:0,(anonymous_13)
FNDA:0,(anonymous_14)
FNDA:0,(anonymous_15)
FNDA:0,(anonymous_16)
FNDA:0,(anonymous_17)
FNDA:0,(anonymous_18)
FNDA:0,(anonymous_19)
FNDA:0,(anonymous_20)
FNDA:0,(anonymous_21)
FNDA:0,(anonymous_22)
DA:2,0
DA:3,0
DA:4,0
DA:5,0
DA:6,0
DA:7,0
DA:9,0
DA:15,0
DA:16,0
DA:17,0
DA:19,0
DA:20,0
DA:23,0
DA:30,0
DA:38,0
DA:45,0
DA:46,0
DA:47,0
DA:55,0
DA:67,0
DA:75,0
DA:76,0
DA:77,0
DA:79,0
DA:81,0
DA:87,0
DA:97,0
DA:105,0
DA:106,0
DA:107,0
DA:109,0
DA:110,0
DA:111,0
DA:113,0
DA:120,0
DA:133,0
DA:141,0
DA:142,0
DA:143,0
DA:145,0
DA:147,0
DA:153,0
DA:163,0
DA:171,0
DA:172,0
DA:173,0
DA:175,0
DA:177,0
DA:183,0
DA:193,0
DA:201,0
DA:202,0
DA:203,0
DA:205,0
DA:206,0
DA:209,0
DA:215,0
DA:220,0
DA:228,0
DA:229,0
DA:231,0
DA:232,0
DA:235,0
DA:237,0
DA:242,0
DA:250,0
DA:251,0
DA:252,0
DA:254,0
DA:255,0
DA:258,0
DA:264,0
DA:273,0
DA:281,0
DA:282,0
DA:284,0
DA:285,0
DA:288,0
DA:294,0
DA:299,0
DA:307,0
DA:308,0
DA:309,0
DA:311,0
DA:312,0
DA:315,0
DA:321,0
DA:330,0
DA:338,0
DA:339,0
DA:340,0
DA:342,0
DA:343,0
DA:346,0
DA:347,0
DA:348,0
DA:350,0
DA:358,0
DA:363,0
DA:371,0
DA:372,0
DA:373,0
DA:375,0
DA:377,0
DA:383,0
DA:388,0
DA:396,0
DA:397,0
DA:398,0
DA:400,0
DA:401,0
DA:404,0
DA:405,0
DA:410,0
DA:416,0
DA:426,0
DA:434,0
DA:435,0
DA:436,0
DA:438,0
DA:439,0
DA:442,0
DA:443,0
DA:449,0
DA:459,0
DA:467,0
DA:468,0
DA:469,0
DA:471,0
DA:472,0
DA:474,0
DA:480,0
DA:482,0
DA:491,0
DA:499,0
DA:500,0
DA:501,0
DA:503,0
DA:504,0
DA:506,0
DA:511,0
DA:513,0
DA:522,0
DA:530,0
DA:531,0
DA:533,0
DA:534,0
DA:536,0
DA:537,0
DA:539,0
DA:543,0
DA:550,0
DA:563,0
DA:571,0
DA:572,0
DA:574,0
DA:575,0
DA:577,0
DA:578,0
DA:580,0
DA:584,0
DA:591,0
DA:604,0
DA:612,0
DA:613,0
DA:615,0
DA:616,0
DA:619,0
DA:623,0
DA:625,0
DA:635,0
DA:643,0
DA:644,0
DA:646,0
DA:647,0
DA:650,0
DA:654,0
DA:656,0
DA:665,0
DA:673,0
DA:674,0
DA:675,0
DA:677,0
DA:678,0
DA:681,0
DA:687,0
DA:697,0
DA:705,0
DA:706,0
DA:707,0
DA:710,0
DA:713,0
DA:721,0
DA:727,0
DA:740,0
DA:745,0
LF:196
LH:0
BRDA:19,0,0,0
BRDA:19,0,1,0
BRDA:33,1,0,0
BRDA:33,1,1,0
BRDA:46,2,0,0
BRDA:59,3,0,0
BRDA:59,3,1,0
BRDA:79,4,0,0
BRDA:79,4,1,0
BRDA:92,5,0,0
BRDA:92,5,1,0
BRDA:109,6,0,0
BRDA:109,6,1,0
BRDA:110,7,0,0
BRDA:110,7,1,0
BRDA:145,8,0,0
BRDA:145,8,1,0
BRDA:158,9,0,0
BRDA:158,9,1,0
BRDA:175,10,0,0
BRDA:175,10,1,0
BRDA:188,11,0,0
BRDA:188,11,1,0
BRDA:205,12,0,0
BRDA:205,13,0,0
BRDA:205,13,1,0
BRDA:231,14,0,0
BRDA:231,15,0,0
BRDA:231,15,1,0
BRDA:254,16,0,0
BRDA:254,17,0,0
BRDA:254,17,1,0
BRDA:284,18,0,0
BRDA:284,19,0,0
BRDA:284,19,1,0
BRDA:311,20,0,0
BRDA:311,21,0,0
BRDA:311,21,1,0
BRDA:342,22,0,0
BRDA:342,23,0,0
BRDA:342,23,1,0
BRDA:375,24,0,0
BRDA:375,24,1,0
BRDA:400,25,0,0
BRDA:438,26,0,0
BRDA:472,27,0,0
BRDA:472,27,1,0
BRDA:477,28,0,0
BRDA:477,28,1,0
BRDA:504,29,0,0
BRDA:504,29,1,0
BRDA:533,30,0,0
BRDA:533,30,1,0
BRDA:534,31,0,0
BRDA:534,31,1,0
BRDA:537,32,0,0
BRDA:537,32,1,0
BRDA:574,33,0,0
BRDA:574,33,1,0
BRDA:575,34,0,0
BRDA:575,34,1,0
BRDA:578,35,0,0
BRDA:578,35,1,0
BRDA:615,36,0,0
BRDA:615,37,0,0
BRDA:615,37,1,0
BRDA:620,38,0,0
BRDA:620,38,1,0
BRDA:646,39,0,0
BRDA:651,40,0,0
BRDA:651,40,1,0
BRDA:677,41,0,0
BRDA:684,42,0,0
BRDA:684,42,1,0
BRDA:692,43,0,0
BRDA:692,43,1,0
BRDA:731,44,0,0
BRDA:731,44,1,0
BRF:78
BRH:0
end_of_record
TN:
SF:src/controllers/CapitalActivityController.ts
FN:21,(anonymous_1)
FN:31,(anonymous_2)
FN:79,(anonymous_3)
FN:149,(anonymous_4)
FN:180,(anonymous_5)
FN:211,(anonymous_6)
FN:245,(anonymous_7)
FN:269,(anonymous_8)
FN:292,(anonymous_9)
FN:308,(anonymous_10)
FN:324,(anonymous_11)
FN:346,(anonymous_12)
FN:362,(anonymous_13)
FN:380,(anonymous_14)
FN:401,(anonymous_15)
FN:419,(anonymous_16)
FN:441,(anonymous_17)
FN:485,(anonymous_18)
FNF:18
FNH:0
FNDA:0,(anonymous_1)
FNDA:0,(anonymous_2)
FNDA:0,(anonymous_3)
FNDA:0,(anonymous_4)
FNDA:0,(anonymous_5)
FNDA:0,(anonymous_6)
FNDA:0,(anonymous_7)
FNDA:0,(anonymous_8)
FNDA:0,(anonymous_9)
FNDA:0,(anonymous_10)
FNDA:0,(anonymous_11)
FNDA:0,(anonymous_12)
FNDA:0,(anonymous_13)
FNDA:0,(anonymous_14)
FNDA:0,(anonymous_15)
FNDA:0,(anonymous_16)
FNDA:0,(anonymous_17)
FNDA:0,(anonymous_18)
DA:2,0
DA:3,0
DA:4,0
DA:5,0
DA:6,0
DA:7,0
DA:8,0
DA:9,0
DA:10,0
DA:11,0
DA:12,0
DA:13,0
DA:22,0
DA:23,0
DA:24,0
DA:25,0
DA:32,0
DA:33,0
DA:34,0
DA:36,0
DA:38,0
DA:39,0
DA:42,0
DA:43,0
DA:46,0
DA:48,0
DA:61,0
DA:71,0
DA:72,0
DA:80,0
DA:81,0
DA:83,0
DA:92,0
DA:93,0
DA:98,0
DA:99,0
DA:116,0
DA:117,0
DA:136,0
DA:141,0
DA:142,0
DA:150,0
DA:151,0
DA:152,0
DA:153,0
DA:156,0
DA:157,0
DA:158,0
DA:161,0
DA:166,0
DA:168,0
DA:170,0
DA:171,0
DA:181,0
DA:182,0
DA:183,0
DA:184,0
DA:187,0
DA:188,0
DA:189,0
DA:192,0
DA:197,0
DA:199,0
DA:201,0
DA:202,0
DA:212,0
DA:213,0
DA:214,0
DA:216,0
DA:217,0
DA:220,0
DA:221,0
DA:222,0
DA:225,0
DA:226,0
DA:227,0
DA:228,0
DA:230,0
DA:233,0
DA:235,0
DA:236,0
DA:246,0
DA:247,0
DA:248,0
DA:250,0
DA:257,0
DA:259,0
DA:260,0
DA:270,0
DA:271,0
DA:272,0
DA:274,0
DA:280,0
DA:282,0
DA:283,0
DA:293,0
DA:294,0
DA:295,0
DA:296,0
DA:298,0
DA:299,0
DA:309,0
DA:310,0
DA:311,0
DA:312,0
DA:314,0
DA:315,0
DA:325,0
DA:326,0
DA:327,0
DA:329,0
DA:334,0
DA:336,0
DA:337,0
DA:347,0
DA:348,0
DA:349,0
DA:350,0
DA:352,0
DA:353,0
DA:363,0
DA:364,0
DA:366,0
DA:368,0
DA:370,0
DA:371,0
DA:381,0
DA:382,0
DA:384,0
DA:389,0
DA:391,0
DA:392,0
DA:402,0
DA:403,0
DA:405,0
DA:407,0
DA:409,0
DA:410,0
DA:420,0
DA:421,0
DA:422,0
DA:424,0
DA:429,0
DA:431,0
DA:432,0
DA:442,0
DA:443,0
DA:444,0
DA:446,0
DA:447,0
DA:448,0
DA:451,0
DA:452,0
DA:455,0
DA:461,0
DA:462,0
DA:466,0
DA:467,0
DA:473,0
DA:475,0
DA:476,0
DA:486,0
DA:487,0
DA:488,0
DA:490,0
DA:491,0
DA:492,0
DA:495,0
DA:496,0
DA:499,0
DA:501,0
DA:503,0
DA:504,0
DA:511,0
LF:174
LH:0
BRDA:34,0,0,0
BRDA:34,1,0,0
BRDA:38,2,0,0
BRDA:42,3,0,0
BRDA:92,4,0,0
BRDA:98,5,0,0
BRDA:98,5,1,0
BRDA:116,6,0,0
BRDA:138,7,0,0
BRDA:138,7,1,0
BRDA:152,8,0,0
BRDA:157,9,0,0
BRDA:172,10,0,0
BRDA:172,10,1,0
BRDA:183,11,0,0
BRDA:188,12,0,0
BRDA:203,13,0,0
BRDA:203,13,1,0
BRDA:216,14,0,0
BRDA:221,15,0,0
BRDA:225,16,0,0
BRDA:225,16,1,0
BRDA:227,17,0,0
BRDA:227,17,1,0
BRDA:237,18,0,0
BRDA:237,18,1,0
BRDA:261,19,0,0
BRDA:261,19,1,0
BRDA:284,20,0,0
BRDA:284,20,1,0
BRDA:300,21,0,0
BRDA:300,21,1,0
BRDA:316,22,0,0
BRDA:316,22,1,0
BRDA:331,23,0,0
BRDA:331,23,1,0
BRDA:338,24,0,0
BRDA:338,24,1,0
BRDA:354,25,0,0
BRDA:354,25,1,0
BRDA:372,26,0,0
BRDA:372,26,1,0
BRDA:393,27,0,0
BRDA:393,27,1,0
BRDA:411,28,0,0
BRDA:411,28,1,0
BRDA:433,29,0,0
BRDA:433,29,1,0
BRDA:447,30,0,0
BRDA:451,31,0,0
BRDA:457,32,0,0
BRDA:457,32,1,0
BRDA:461,33,0,0
BRDA:461,33,1,0
BRDA:466,34,0,0
BRDA:477,35,0,0
BRDA:477,35,1,0
BRDA:491,36,0,0
BRDA:495,37,0,0
BRDA:505,38,0,0
BRDA:505,38,1,0
BRF:61
BRH:0
end_of_record
TN:
SF:src/controllers/ClosingController.ts
FN:9,(anonymous_1)
FN:17,(anonymous_2)
FN:51,(anonymous_3)
FN:73,(anonymous_4)
FN:108,(anonymous_5)
FN:130,(anonymous_6)
FN:152,(anonymous_7)
FN:184,(anonymous_8)
FN:216,(anonymous_9)
FN:260,(anonymous_10)
FN:293,(anonymous_11)
FN:320,(anonymous_12)
FNF:12
FNH:0
FNDA:0,(anonymous_1)
FNDA:0,(anonymous_2)
FNDA:0,(anonymous_3)
FNDA:0,(anonymous_4)
FNDA:0,(anonymous_5)
FNDA:0,(anonymous_6)
FNDA:0,(anonymous_7)
FNDA:0,(anonymous_8)
FNDA:0,(anonymous_9)
FNDA:0,(anonymous_10)
FNDA:0,(anonymous_11)
FNDA:0,(anonymous_12)
DA:2,0
DA:3,0
DA:10,0
DA:11,0
DA:17,0
DA:18,0
DA:19,0
DA:20,0
DA:21,0
DA:23,0
DA:24,0
DA:25,0
DA:28,0
DA:34,0
DA:40,0
DA:41,0
DA:51,0
DA:52,0
DA:53,0
DA:55,0
DA:57,0
DA:62,0
DA:63,0
DA:73,0
DA:74,0
DA:75,0
DA:76,0
DA:77,0
DA:79,0
DA:80,0
DA:81,0
DA:84,0
DA:91,0
DA:97,0
DA:98,0
DA:108,0
DA:109,0
DA:110,0
DA:112,0
DA:114,0
DA:119,0
DA:120,0
DA:130,0
DA:131,0
DA:132,0
DA:134,0
DA:136,0
DA:141,0
DA:142,0
DA:152,0
DA:153,0
DA:154,0
DA:155,0
DA:157,0
DA:158,0
DA:159,0
DA:162,0
DA:167,0
DA:173,0
DA:174,0
DA:184,0
DA:185,0
DA:186,0
DA:187,0
DA:189,0
DA:190,0
DA:191,0
DA:192,0
DA:193,0
DA:195,0
DA:200,0
DA:205,0
DA:206,0
DA:216,0
DA:217,0
DA:218,0
DA:219,0
DA:222,0
DA:228,0
DA:229,0
DA:233,0
DA:236,0
DA:244,0
DA:249,0
DA:250,0
DA:260,0
DA:261,0
DA:262,0
DA:263,0
DA:264,0
DA:266,0
DA:267,0
DA:268,0
DA:271,0
DA:277,0
DA:282,0
DA:283,0
DA:293,0
DA:294,0
DA:295,0
DA:296,0
DA:298,0
DA:300,0
DA:309,0
DA:310,0
DA:320,0
DA:321,0
DA:322,0
DA:324,0
DA:331,0
DA:343,0
DA:344,0
DA:352,0
LF:113
LH:0
BRDA:23,0,0,0
BRDA:43,1,0,0
BRDA:43,1,1,0
BRDA:65,2,0,0
BRDA:65,2,1,0
BRDA:79,3,0,0
BRDA:100,4,0,0
BRDA:100,4,1,0
BRDA:122,5,0,0
BRDA:122,5,1,0
BRDA:144,6,0,0
BRDA:144,6,1,0
BRDA:157,7,0,0
BRDA:176,8,0,0
BRDA:176,8,1,0
BRDA:190,9,0,0
BRDA:191,10,0,0
BRDA:192,11,0,0
BRDA:193,12,0,0
BRDA:208,13,0,0
BRDA:208,13,1,0
BRDA:228,14,0,0
BRDA:241,15,0,0
BRDA:241,15,1,0
BRDA:252,16,0,0
BRDA:252,16,1,0
BRDA:266,17,0,0
BRDA:285,18,0,0
BRDA:285,18,1,0
BRDA:296,19,0,0
BRDA:296,19,1,0
BRDA:312,20,0,0
BRDA:312,20,1,0
BRDA:346,21,0,0
BRDA:346,21,1,0
BRF:35
BRH:0
end_of_record
TN:
SF:src/controllers/CommitmentController.ts
FN:11,(anonymous_1)
FN:14,(anonymous_2)
FN:100,(anonymous_3)
FN:178,(anonymous_4)
FN:218,(anonymous_5)
FN:265,(anonymous_6)
FN:298,(anonymous_7)
FN:358,(anonymous_8)
FN:385,(anonymous_9)
FN:457,(anonymous_10)
FN:484,(anonymous_11)
FN:499,(anonymous_12)
FN:529,(anonymous_13)
FN:562,(anonymous_14)
FN:579,(anonymous_15)
FNF:15
FNH:0
FNDA:0,(anonymous_1)
FNDA:0,(anonymous_2)
FNDA:0,(anonymous_3)
FNDA:0,(anonymous_4)
FNDA:0,(anonymous_5)
FNDA:0,(anonymous_6)
FNDA:0,(anonymous_7)
FNDA:0,(anonymous_8)
FNDA:0,(anonymous_9)
FNDA:0,(anonymous_10)
FNDA:0,(anonymous_11)
FNDA:0,(anonymous_12)
FNDA:0,(anonymous_13)
FNDA:0,(anonymous_14)
FNDA:0,(anonymous_15)
DA:2,0
DA:3,0
DA:5,0
DA:6,0
DA:8,0
DA:12,0
DA:15,0
DA:27,0
DA:30,0
DA:31,0
DA:32,0
DA:36,0
DA:37,0
DA:38,0
DA:42,0
DA:48,0
DA:49,0
DA:53,0
DA:55,0
DA:74,0
DA:91,0
DA:96,0
DA:101,0
DA:111,0
DA:113,0
DA:114,0
DA:116,0
DA:117,0
DA:120,0
DA:121,0
DA:124,0
DA:125,0
DA:128,0
DA:161,0
DA:174,0
DA:179,0
DA:180,0
DA:182,0
DA:205,0
DA:206,0
DA:209,0
DA:214,0
DA:219,0
DA:220,0
DA:222,0
DA:223,0
DA:224,0
DA:235,0
DA:237,0
DA:239,0
DA:256,0
DA:261,0
DA:266,0
DA:267,0
DA:268,0
DA:270,0
DA:271,0
DA:274,0
DA:275,0
DA:276,0
DA:279,0
DA:280,0
DA:281,0
DA:286,0
DA:288,0
DA:294,0
DA:299,0
DA:300,0
DA:307,0
DA:309,0
DA:310,0
DA:311,0
DA:314,0
DA:315,0
DA:317,0
DA:318,0
DA:321,0
DA:322,0
DA:327,0
DA:340,0
DA:354,0
DA:359,0
DA:360,0
DA:362,0
DA:375,0
DA:376,0
DA:380,0
DA:385,0
DA:386,0
DA:388,0
DA:390,0
DA:391,0
DA:393,0
DA:394,0
DA:396,0
DA:397,0
DA:399,0
DA:400,0
DA:403,0
DA:411,0
DA:412,0
DA:413,0
DA:415,0
DA:448,0
DA:453,0
DA:458,0
DA:459,0
DA:460,0
DA:461,0
DA:463,0
DA:464,0
DA:467,0
DA:474,0
DA:480,0
DA:485,0
DA:486,0
DA:488,0
DA:490,0
DA:495,0
DA:500,0
DA:501,0
DA:502,0
DA:503,0
DA:505,0
DA:506,0
DA:509,0
DA:510,0
DA:513,0
DA:519,0
DA:525,0
DA:530,0
DA:531,0
DA:532,0
DA:533,0
DA:535,0
DA:536,0
DA:539,0
DA:546,0
DA:558,0
DA:563,0
DA:564,0
DA:566,0
DA:570,0
DA:575,0
DA:580,0
DA:581,0
DA:583,0
DA:588,0
DA:593,0
LF:149
LH:0
BRDA:31,0,0,0
BRDA:37,1,0,0
BRDA:48,2,0,0
BRDA:103,3,0,0
BRDA:104,4,0,0
BRDA:105,5,0,0
BRDA:106,6,0,0
BRDA:116,7,0,0
BRDA:120,8,0,0
BRDA:124,9,0,0
BRDA:134,10,0,0
BRDA:134,10,1,0
BRDA:144,11,0,0
BRDA:144,11,1,0
BRDA:205,12,0,0
BRDA:223,13,0,0
BRDA:270,14,0,0
BRDA:275,15,0,0
BRDA:280,16,0,0
BRDA:281,17,0,0
BRDA:281,17,1,0
BRDA:302,18,0,0
BRDA:303,19,0,0
BRDA:310,20,0,0
BRDA:317,21,0,0
BRDA:321,22,0,0
BRDA:321,23,0,0
BRDA:321,23,1,0
BRDA:375,24,0,0
BRDA:388,25,0,0
BRDA:388,25,1,0
BRDA:388,25,2,0
BRDA:388,25,3,0
BRDA:438,26,0,0
BRDA:438,26,1,0
BRDA:439,27,0,0
BRDA:439,27,1,0
BRDA:444,28,0,0
BRDA:444,28,1,0
BRDA:463,29,0,0
BRDA:505,30,0,0
BRDA:509,31,0,0
BRDA:509,32,0,0
BRDA:509,32,1,0
BRDA:532,33,0,0
BRDA:535,34,0,0
BRDA:567,35,0,0
BRDA:567,35,1,0
BRF:48
BRH:0
end_of_record
TN:
SF:src/controllers/DocumentController.ts
FN:9,(anonymous_1)
FN:18,(anonymous_2)
FN:43,(anonymous_3)
FN:50,(anonymous_4)
FN:120,(anonymous_5)
FN:158,(anonymous_6)
FN:195,(anonymous_7)
FN:247,(anonymous_8)
FN:292,(anonymous_9)
FN:349,(anonymous_10)
FN:385,(anonymous_11)
FN:407,(anonymous_12)
FN:438,(anonymous_13)
FN:459,(anonymous_14)
FN:479,(anonymous_15)
FN:530,(anonymous_16)
FN:531,(anonymous_17)
FN:557,(anonymous_18)
FN:582,(anonymous_19)
FNF:19
FNH:0
FNDA:0,(anonymous_1)
FNDA:0,(anonymous_2)
FNDA:0,(anonymous_3)
FNDA:0,(anonymous_4)
FNDA:0,(anonymous_5)
FNDA:0,(anonymous_6)
FNDA:0,(anonymous_7)
FNDA:0,(anonymous_8)
FNDA:0,(anonymous_9)
FNDA:0,(anonymous_10)
FNDA:0,(anonymous_11)
FNDA:0,(anonymous_12)
FNDA:0,(anonymous_13)
FNDA:0,(anonymous_14)
FNDA:0,(anonymous_15)
FNDA:0,(anonymous_16)
FNDA:0,(anonymous_17)
FNDA:0,(anonymous_18)
FNDA:0,(anonymous_19)
DA:2,0
DA:3,0
DA:10,0
DA:13,0
DA:19,0
DA:31,0
DA:32,0
DA:34,0
DA:44,0
DA:50,0
DA:51,0
DA:52,0
DA:53,0
DA:55,0
DA:56,0
DA:57,0
DA:60,0
DA:61,0
DA:65,0
DA:77,0
DA:79,0
DA:80,0
DA:84,0
DA:87,0
DA:101,0
DA:103,0
DA:109,0
DA:110,0
DA:120,0
DA:121,0
DA:122,0
DA:123,0
DA:125,0
DA:127,0
DA:128,0
DA:132,0
DA:135,0
DA:140,0
DA:141,0
DA:142,0
DA:147,0
DA:158,0
DA:159,0
DA:160,0
DA:161,0
DA:163,0
DA:164,0
DA:165,0
DA:168,0
DA:171,0
DA:172,0
DA:173,0
DA:175,0
DA:177,0
DA:178,0
DA:179,0
DA:184,0
DA:195,0
DA:196,0
DA:197,0
DA:198,0
DA:199,0
DA:200,0
DA:202,0
DA:203,0
DA:204,0
DA:207,0
DA:208,0
DA:212,0
DA:215,0
DA:216,0
DA:220,0
DA:223,0
DA:230,0
DA:236,0
DA:237,0
DA:247,0
DA:248,0
DA:249,0
DA:250,0
DA:251,0
DA:253,0
DA:254,0
DA:255,0
DA:258,0
DA:259,0
DA:263,0
DA:266,0
DA:273,0
DA:275,0
DA:281,0
DA:282,0
DA:292,0
DA:293,0
DA:306,0
DA:308,0
DA:309,0
DA:310,0
DA:311,0
DA:312,0
DA:313,0
DA:314,0
DA:315,0
DA:316,0
DA:317,0
DA:319,0
DA:320,0
DA:321,0
DA:323,0
DA:325,0
DA:338,0
DA:339,0
DA:349,0
DA:350,0
DA:351,0
DA:352,0
DA:353,0
DA:355,0
DA:356,0
DA:357,0
DA:360,0
DA:362,0
DA:367,0
DA:368,0
DA:369,0
DA:374,0
DA:385,0
DA:386,0
DA:387,0
DA:389,0
DA:391,0
DA:396,0
DA:397,0
DA:407,0
DA:408,0
DA:409,0
DA:410,0
DA:412,0
DA:417,0
DA:418,0
DA:420,0
DA:422,0
DA:427,0
DA:428,0
DA:438,0
DA:439,0
DA:440,0
DA:441,0
DA:443,0
DA:444,0
DA:445,0
DA:448,0
DA:452,0
DA:453,0
DA:455,0
DA:459,0
DA:460,0
DA:463,0
DA:468,0
DA:469,0
DA:479,0
DA:480,0
DA:481,0
DA:482,0
DA:484,0
DA:485,0
DA:486,0
DA:489,0
DA:490,0
DA:494,0
DA:497,0
DA:498,0
DA:502,0
DA:505,0
DA:507,0
DA:508,0
DA:509,0
DA:516,0
DA:522,0
DA:530,0
DA:531,0
DA:533,0
DA:546,0
DA:547,0
DA:557,0
DA:558,0
DA:559,0
DA:561,0
DA:562,0
DA:563,0
DA:564,0
DA:565,0
DA:567,0
DA:569,0
DA:580,0
DA:582,0
DA:584,0
DA:587,0
DA:590,0
DA:593,0
DA:596,0
DA:597,0
DA:601,0
DA:602,0
DA:606,0
DA:608,0
DA:613,0
DA:614,0
DA:622,0
LF:209
LH:0
BRDA:31,0,0,0
BRDA:31,0,1,0
BRDA:55,1,0,0
BRDA:60,2,0,0
BRDA:79,3,0,0
BRDA:79,4,0,0
BRDA:79,4,1,0
BRDA:79,4,2,0
BRDA:96,5,0,0
BRDA:96,5,1,0
BRDA:98,6,0,0
BRDA:98,6,1,0
BRDA:112,7,0,0
BRDA:112,7,1,0
BRDA:127,8,0,0
BRDA:141,9,0,0
BRDA:141,9,1,0
BRDA:141,10,0,0
BRDA:141,10,1,0
BRDA:149,11,0,0
BRDA:149,11,1,0
BRDA:163,12,0,0
BRDA:178,13,0,0
BRDA:178,13,1,0
BRDA:178,14,0,0
BRDA:178,14,1,0
BRDA:186,15,0,0
BRDA:186,15,1,0
BRDA:202,16,0,0
BRDA:207,17,0,0
BRDA:215,18,0,0
BRDA:239,19,0,0
BRDA:239,19,1,0
BRDA:253,20,0,0
BRDA:258,21,0,0
BRDA:258,22,0,0
BRDA:258,22,1,0
BRDA:284,23,0,0
BRDA:284,23,1,0
BRDA:304,24,0,0
BRDA:305,25,0,0
BRDA:309,26,0,0
BRDA:310,27,0,0
BRDA:311,28,0,0
BRDA:312,29,0,0
BRDA:313,30,0,0
BRDA:314,31,0,0
BRDA:315,32,0,0
BRDA:316,33,0,0
BRDA:317,34,0,0
BRDA:341,35,0,0
BRDA:341,35,1,0
BRDA:355,36,0,0
BRDA:368,37,0,0
BRDA:368,37,1,0
BRDA:368,38,0,0
BRDA:368,38,1,0
BRDA:376,39,0,0
BRDA:376,39,1,0
BRDA:399,40,0,0
BRDA:399,40,1,0
BRDA:417,41,0,0
BRDA:418,42,0,0
BRDA:430,43,0,0
BRDA:430,43,1,0
BRDA:443,44,0,0
BRDA:452,45,0,0
BRDA:453,46,0,0
BRDA:460,47,0,0
BRDA:460,47,1,0
BRDA:471,48,0,0
BRDA:471,48,1,0
BRDA:484,49,0,0
BRDA:489,50,0,0
BRDA:489,51,0,0
BRDA:489,51,1,0
BRDA:497,52,0,0
BRDA:497,53,0,0
BRDA:497,53,1,0
BRDA:525,54,0,0
BRDA:525,54,1,0
BRDA:549,55,0,0
BRDA:549,55,1,0
BRDA:562,56,0,0
BRDA:563,57,0,0
BRDA:564,58,0,0
BRDA:565,59,0,0
BRDA:584,60,0,0
BRDA:584,60,1,0
BRDA:587,61,0,0
BRDA:587,61,1,0
BRDA:590,62,0,0
BRDA:590,62,1,0
BRDA:596,63,0,0
BRDA:601,64,0,0
BRDA:606,65,0,0
BRDA:606,65,1,0
BRDA:616,66,0,0
BRDA:616,66,1,0
BRF:99
BRH:0
end_of_record
TN:
SF:src/controllers/FeeController.ts
FN:17,(anonymous_1)
FN:26,(anonymous_2)
FN:82,(anonymous_3)
FN:136,(anonymous_4)
FN:170,(anonymous_5)
FN:214,(anonymous_6)
FN:237,(anonymous_7)
FN:270,(anonymous_8)
FN:295,(anonymous_9)
FN:320,(anonymous_10)
FN:343,(anonymous_11)
FN:357,(anonymous_12)
FN:360,(anonymous_13)
FN:380,(anonymous_14)
FN:415,(anonymous_15)
FN:454,(anonymous_16)
FN:526,(anonymous_17)
FNF:17
FNH:0
FNDA:0,(anonymous_1)
FNDA:0,(anonymous_2)
FNDA:0,(anonymous_3)
FNDA:0,(anonymous_4)
FNDA:0,(anonymous_5)
FNDA:0,(anonymous_6)
FNDA:0,(anonymous_7)
FNDA:0,(anonymous_8)
FNDA:0,(anonymous_9)
FNDA:0,(anonymous_10)
FNDA:0,(anonymous_11)
FNDA:0,(anonymous_12)
FNDA:0,(anonymous_13)
FNDA:0,(anonymous_14)
FNDA:0,(anonymous_15)
FNDA:0,(anonymous_16)
FNDA:0,(anonymous_17)
DA:2,0
DA:3,0
DA:4,0
DA:5,0
DA:6,0
DA:7,0
DA:8,0
DA:9,0
DA:10,0
DA:18,0
DA:19,0
DA:20,0
DA:26,0
DA:27,0
DA:28,0
DA:36,0
DA:38,0
DA:39,0
DA:43,0
DA:46,0
DA:55,0
DA:59,0
DA:72,0
DA:82,0
DA:83,0
DA:84,0
DA:90,0
DA:92,0
DA:93,0
DA:97,0
DA:100,0
DA:113,0
DA:126,0
DA:136,0
DA:137,0
DA:138,0
DA:139,0
DA:141,0
DA:142,0
DA:146,0
DA:149,0
DA:155,0
DA:160,0
DA:170,0
DA:171,0
DA:172,0
DA:173,0
DA:175,0
DA:179,0
DA:180,0
DA:183,0
DA:184,0
DA:185,0
DA:186,0
DA:189,0
DA:199,0
DA:204,0
DA:214,0
DA:215,0
DA:216,0
DA:218,0
DA:222,0
DA:227,0
DA:237,0
DA:238,0
DA:239,0
DA:240,0
DA:242,0
DA:243,0
DA:247,0
DA:250,0
DA:255,0
DA:260,0
DA:270,0
DA:271,0
DA:272,0
DA:273,0
DA:278,0
DA:280,0
DA:285,0
DA:295,0
DA:296,0
DA:297,0
DA:298,0
DA:300,0
DA:305,0
DA:310,0
DA:320,0
DA:321,0
DA:322,0
DA:324,0
DA:328,0
DA:333,0
DA:343,0
DA:344,0
DA:345,0
DA:346,0
DA:348,0
DA:354,0
DA:357,0
DA:360,0
DA:365,0
DA:370,0
DA:380,0
DA:381,0
DA:382,0
DA:383,0
DA:385,0
DA:386,0
DA:390,0
DA:393,0
DA:400,0
DA:405,0
DA:415,0
DA:416,0
DA:417,0
DA:418,0
DA:420,0
DA:424,0
DA:425,0
DA:428,0
DA:429,0
DA:430,0
DA:431,0
DA:434,0
DA:439,0
DA:444,0
DA:454,0
DA:455,0
DA:456,0
DA:457,0
DA:459,0
DA:460,0
DA:463,0
DA:478,0
DA:479,0
DA:480,0
DA:481,0
DA:483,0
DA:485,0
DA:486,0
DA:487,0
DA:489,0
DA:490,0
DA:498,0
DA:499,0
DA:500,0
DA:501,0
DA:502,0
DA:503,0
DA:507,0
DA:508,0
DA:509,0
DA:510,0
DA:511,0
DA:515,0
DA:516,0
DA:517,0
DA:518,0
DA:519,0
DA:525,0
DA:526,0
DA:537,0
DA:553,0
DA:561,0
LF:165
LH:0
BRDA:32,0,0,0
BRDA:34,1,0,0
BRDA:35,2,0,0
BRDA:38,3,0,0
BRDA:38,4,0,0
BRDA:38,4,1,0
BRDA:55,5,0,0
BRDA:55,5,1,0
BRDA:74,6,0,0
BRDA:74,6,1,0
BRDA:88,7,0,0
BRDA:89,8,0,0
BRDA:92,9,0,0
BRDA:100,10,0,0
BRDA:100,10,1,0
BRDA:100,11,0,0
BRDA:100,11,1,0
BRDA:128,12,0,0
BRDA:128,12,1,0
BRDA:141,13,0,0
BRDA:141,14,0,0
BRDA:141,14,1,0
BRDA:162,15,0,0
BRDA:162,15,1,0
BRDA:179,16,0,0
BRDA:183,17,0,0
BRDA:183,18,0,0
BRDA:183,18,1,0
BRDA:185,19,0,0
BRDA:186,20,0,0
BRDA:206,21,0,0
BRDA:206,21,1,0
BRDA:229,22,0,0
BRDA:229,22,1,0
BRDA:242,23,0,0
BRDA:262,24,0,0
BRDA:262,24,1,0
BRDA:287,25,0,0
BRDA:287,25,1,0
BRDA:302,26,0,0
BRDA:302,26,1,0
BRDA:312,27,0,0
BRDA:312,27,1,0
BRDA:325,28,0,0
BRDA:325,28,1,0
BRDA:335,29,0,0
BRDA:335,29,1,0
BRDA:350,30,0,0
BRDA:350,30,1,0
BRDA:372,31,0,0
BRDA:372,31,1,0
BRDA:383,32,0,0
BRDA:385,33,0,0
BRDA:385,34,0,0
BRDA:385,34,1,0
BRDA:407,35,0,0
BRDA:407,35,1,0
BRDA:424,36,0,0
BRDA:428,37,0,0
BRDA:428,38,0,0
BRDA:428,38,1,0
BRDA:430,39,0,0
BRDA:431,40,0,0
BRDA:446,41,0,0
BRDA:446,41,1,0
BRDA:457,42,0,0
BRDA:489,43,0,0
BRDA:498,44,0,0
BRDA:498,44,1,0
BRDA:501,45,0,0
BRDA:507,46,0,0
BRDA:515,47,0,0
BRDA:555,48,0,0
BRDA:555,48,1,0
BRF:74
BRH:0
end_of_record
TN:
SF:src/controllers/FundController.ts
FN:8,(anonymous_0)
FN:30,(anonymous_1)
FN:95,(anonymous_2)
FN:137,(anonymous_3)
FN:166,(anonymous_4)
FN:195,(anonymous_5)
FN:210,(anonymous_6)
FN:211,(anonymous_7)
FN:212,(anonymous_8)
FN:213,(anonymous_9)
FN:234,(anonymous_10)
FNF:11
FNH:0
FNDA:0,(anonymous_0)
FNDA:0,(anonymous_1)
FNDA:0,(anonymous_2)
FNDA:0,(anonymous_3)
FNDA:0,(anonymous_4)
FNDA:0,(anonymous_5)
FNDA:0,(anonymous_6)
FNDA:0,(anonymous_7)
FNDA:0,(anonymous_8)
FNDA:0,(anonymous_9)
FNDA:0,(anonymous_10)
DA:2,0
DA:3,0
DA:5,0
DA:7,0
DA:9,0
DA:10,0
DA:12,0
DA:21,0
DA:26,0
DA:31,0
DA:41,0
DA:43,0
DA:44,0
DA:46,0
DA:47,0
DA:50,0
DA:51,0
DA:54,0
DA:55,0
DA:58,0
DA:59,0
DA:65,0
DA:78,0
DA:91,0
DA:96,0
DA:97,0
DA:99,0
DA:124,0
DA:125,0
DA:128,0
DA:133,0
DA:138,0
DA:139,0
DA:141,0
DA:142,0
DA:143,0
DA:146,0
DA:148,0
DA:157,0
DA:162,0
DA:167,0
DA:168,0
DA:170,0
DA:171,0
DA:172,0
DA:176,0
DA:180,0
DA:181,0
DA:184,0
DA:186,0
DA:191,0
DA:196,0
DA:197,0
DA:199,0
DA:200,0
DA:201,0
DA:205,0
DA:210,0
DA:211,0
DA:212,0
DA:213,0
DA:215,0
DA:225,0
DA:230,0
DA:235,0
DA:236,0
DA:237,0
DA:239,0
DA:240,0
DA:243,0
DA:244,0
DA:245,0
DA:248,0
DA:250,0
DA:256,0
DA:261,0
LF:76
LH:0
BRDA:33,0,0,0
BRDA:34,1,0,0
BRDA:35,2,0,0
BRDA:36,3,0,0
BRDA:46,4,0,0
BRDA:50,5,0,0
BRDA:54,6,0,0
BRDA:58,7,0,0
BRDA:124,8,0,0
BRDA:142,9,0,0
BRDA:171,10,0,0
BRDA:180,11,0,0
BRDA:200,12,0,0
BRDA:221,13,0,0
BRDA:221,13,1,0
BRDA:222,14,0,0
BRDA:222,14,1,0
BRDA:239,15,0,0
BRDA:244,16,0,0
BRF:19
BRH:0
end_of_record
TN:
SF:src/controllers/InvestorController.ts
FN:8,(anonymous_0)
FN:21,(anonymous_1)
FN:81,(anonymous_2)
FN:119,(anonymous_3)
FN:139,(anonymous_4)
FN:171,(anonymous_5)
FN:200,(anonymous_6)
FN:244,(anonymous_7)
FN:273,(anonymous_8)
FN:302,(anonymous_9)
FNF:10
FNH:0
FNDA:0,(anonymous_0)
FNDA:0,(anonymous_1)
FNDA:0,(anonymous_2)
FNDA:0,(anonymous_3)
FNDA:0,(anonymous_4)
FNDA:0,(anonymous_5)
FNDA:0,(anonymous_6)
FNDA:0,(anonymous_7)
FNDA:0,(anonymous_8)
FNDA:0,(anonymous_9)
DA:2,0
DA:3,0
DA:5,0
DA:7,0
DA:9,0
DA:10,0
DA:12,0
DA:17,0
DA:22,0
DA:32,0
DA:34,0
DA:35,0
DA:37,0
DA:38,0
DA:41,0
DA:42,0
DA:45,0
DA:46,0
DA:49,0
DA:50,0
DA:57,0
DA:64,0
DA:77,0
DA:82,0
DA:83,0
DA:85,0
DA:106,0
DA:107,0
DA:110,0
DA:115,0
DA:120,0
DA:121,0
DA:123,0
DA:124,0
DA:125,0
DA:128,0
DA:130,0
DA:135,0
DA:140,0
DA:141,0
DA:143,0
DA:144,0
DA:145,0
DA:149,0
DA:156,0
DA:157,0
DA:160,0
DA:162,0
DA:167,0
DA:172,0
DA:173,0
DA:175,0
DA:176,0
DA:177,0
DA:180,0
DA:200,0
DA:201,0
DA:202,0
DA:203,0
DA:204,0
DA:206,0
DA:221,0
DA:240,0
DA:245,0
DA:246,0
DA:247,0
DA:249,0
DA:250,0
DA:253,0
DA:254,0
DA:255,0
DA:258,0
DA:263,0
DA:269,0
DA:274,0
DA:275,0
DA:276,0
DA:278,0
DA:279,0
DA:282,0
DA:283,0
DA:284,0
DA:287,0
DA:292,0
DA:298,0
DA:303,0
DA:304,0
DA:306,0
DA:307,0
DA:308,0
DA:311,0
DA:337,0
DA:340,0
DA:348,0
DA:353,0
LF:95
LH:0
BRDA:24,0,0,0
BRDA:25,1,0,0
BRDA:26,2,0,0
BRDA:27,3,0,0
BRDA:37,4,0,0
BRDA:41,5,0,0
BRDA:45,6,0,0
BRDA:49,7,0,0
BRDA:106,8,0,0
BRDA:124,9,0,0
BRDA:144,10,0,0
BRDA:156,11,0,0
BRDA:176,12,0,0
BRDA:232,13,0,0
BRDA:232,13,1,0
BRDA:234,14,0,0
BRDA:234,14,1,0
BRDA:249,15,0,0
BRDA:254,16,0,0
BRDA:260,17,0,0
BRDA:260,17,1,0
BRDA:278,18,0,0
BRDA:283,19,0,0
BRDA:289,20,0,0
BRDA:289,20,1,0
BRDA:307,21,0,0
BRDA:320,22,0,0
BRDA:320,22,1,0
BRDA:320,22,2,0
BRDA:327,23,0,0
BRDA:327,23,1,0
BRDA:327,23,2,0
BRDA:337,24,0,0
BRDA:337,24,1,0
BRDA:337,25,0,0
BRDA:337,25,1,0
BRF:36
BRH:0
end_of_record
TN:
SF:src/controllers/InvestorTransferController.ts
FN:7,(anonymous_1)
FN:14,(anonymous_2)
FN:49,(anonymous_3)
FN:84,(anonymous_4)
FN:106,(anonymous_5)
FN:138,(anonymous_6)
FN:180,(anonymous_7)
FN:202,(anonymous_8)
FN:261,(anonymous_9)
FN:288,(anonymous_10)
FN:289,(anonymous_11)
FN:293,(anonymous_12)
FN:313,(anonymous_13)
FN:343,(anonymous_14)
FN:379,(anonymous_15)
FN:397,(anonymous_16)
FN:419,(anonymous_17)
FN:461,(anonymous_18)
FN:508,(anonymous_19)
FN:509,(anonymous_20)
FNF:20
FNH:0
FNDA:0,(anonymous_1)
FNDA:0,(anonymous_2)
FNDA:0,(anonymous_3)
FNDA:0,(anonymous_4)
FNDA:0,(anonymous_5)
FNDA:0,(anonymous_6)
FNDA:0,(anonymous_7)
FNDA:0,(anonymous_8)
FNDA:0,(anonymous_9)
FNDA:0,(anonymous_10)
FNDA:0,(anonymous_11)
FNDA:0,(anonymous_12)
FNDA:0,(anonymous_13)
FNDA:0,(anonymous_14)
FNDA:0,(anonymous_15)
FNDA:0,(anonymous_16)
FNDA:0,(anonymous_17)
FNDA:0,(anonymous_18)
FNDA:0,(anonymous_19)
FNDA:0,(anonymous_20)
DA:2,0
DA:8,0
DA:14,0
DA:15,0
DA:16,0
DA:17,0
DA:18,0
DA:20,0
DA:21,0
DA:22,0
DA:25,0
DA:32,0
DA:38,0
DA:39,0
DA:49,0
DA:50,0
DA:51,0
DA:52,0
DA:53,0
DA:55,0
DA:56,0
DA:57,0
DA:60,0
DA:67,0
DA:73,0
DA:74,0
DA:84,0
DA:85,0
DA:86,0
DA:88,0
DA:90,0
DA:95,0
DA:96,0
DA:106,0
DA:107,0
DA:108,0
DA:109,0
DA:111,0
DA:112,0
DA:113,0
DA:116,0
DA:121,0
DA:127,0
DA:128,0
DA:138,0
DA:139,0
DA:140,0
DA:141,0
DA:142,0
DA:144,0
DA:145,0
DA:146,0
DA:149,0
DA:150,0
DA:154,0
DA:157,0
DA:163,0
DA:169,0
DA:170,0
DA:180,0
DA:181,0
DA:182,0
DA:184,0
DA:186,0
DA:191,0
DA:192,0
DA:202,0
DA:203,0
DA:204,0
DA:214,0
DA:216,0
DA:217,0
DA:218,0
DA:219,0
DA:220,0
DA:221,0
DA:222,0
DA:224,0
DA:230,0
DA:231,0
DA:232,0
DA:233,0
DA:235,0
DA:237,0
DA:250,0
DA:251,0
DA:261,0
DA:262,0
DA:263,0
DA:264,0
DA:266,0
DA:270,0
DA:271,0
DA:272,0
DA:273,0
DA:276,0
DA:281,0
DA:287,0
DA:288,0
DA:289,0
DA:293,0
DA:294,0
DA:297,0
DA:302,0
DA:303,0
DA:313,0
DA:314,0
DA:315,0
DA:316,0
DA:318,0
DA:319,0
DA:320,0
DA:322,0
DA:328,0
DA:340,0
DA:341,0
DA:343,0
DA:345,0
DA:348,0
DA:351,0
DA:352,0
DA:353,0
DA:356,0
DA:357,0
DA:361,0
DA:365,0
DA:366,0
DA:369,0
DA:370,0
DA:374,0
DA:375,0
DA:378,0
DA:379,0
DA:381,0
DA:386,0
DA:387,0
DA:397,0
DA:398,0
DA:399,0
DA:401,0
DA:403,0
DA:408,0
DA:409,0
DA:419,0
DA:420,0
DA:421,0
DA:422,0
DA:424,0
DA:425,0
DA:426,0
DA:430,0
DA:434,0
DA:435,0
DA:440,0
DA:445,0
DA:450,0
DA:451,0
DA:461,0
DA:462,0
DA:463,0
DA:464,0
DA:466,0
DA:467,0
DA:468,0
DA:471,0
DA:472,0
DA:476,0
DA:479,0
DA:481,0
DA:482,0
DA:483,0
DA:494,0
DA:500,0
DA:508,0
DA:509,0
DA:511,0
DA:524,0
DA:525,0
DA:533,0
LF:179
LH:0
BRDA:20,0,0,0
BRDA:41,1,0,0
BRDA:41,1,1,0
BRDA:55,2,0,0
BRDA:76,3,0,0
BRDA:76,3,1,0
BRDA:98,4,0,0
BRDA:98,4,1,0
BRDA:111,5,0,0
BRDA:130,6,0,0
BRDA:130,6,1,0
BRDA:144,7,0,0
BRDA:149,8,0,0
BRDA:172,9,0,0
BRDA:172,9,1,0
BRDA:194,10,0,0
BRDA:194,10,1,0
BRDA:212,11,0,0
BRDA:213,12,0,0
BRDA:217,13,0,0
BRDA:218,14,0,0
BRDA:219,15,0,0
BRDA:220,16,0,0
BRDA:221,17,0,0
BRDA:222,18,0,0
BRDA:253,19,0,0
BRDA:253,19,1,0
BRDA:270,20,0,0
BRDA:271,21,0,0
BRDA:272,22,0,0
BRDA:273,23,0,0
BRDA:305,24,0,0
BRDA:305,24,1,0
BRDA:319,25,0,0
BRDA:320,26,0,0
BRDA:345,27,0,0
BRDA:345,27,1,0
BRDA:348,28,0,0
BRDA:348,28,1,0
BRDA:351,29,0,0
BRDA:351,30,0,0
BRDA:351,30,1,0
BRDA:356,31,0,0
BRDA:356,32,0,0
BRDA:356,32,1,0
BRDA:365,33,0,0
BRDA:369,34,0,0
BRDA:375,35,0,0
BRDA:375,35,1,0
BRDA:378,36,0,0
BRDA:378,36,1,0
BRDA:389,37,0,0
BRDA:389,37,1,0
BRDA:411,38,0,0
BRDA:411,38,1,0
BRDA:424,39,0,0
BRDA:434,40,0,0
BRDA:441,41,0,0
BRDA:441,41,1,0
BRDA:453,42,0,0
BRDA:453,42,1,0
BRDA:466,43,0,0
BRDA:471,44,0,0
BRDA:471,45,0,0
BRDA:471,45,1,0
BRDA:503,46,0,0
BRDA:503,46,1,0
BRDA:527,47,0,0
BRDA:527,47,1,0
BRF:69
BRH:0
end_of_record
TN:
SF:src/controllers/ReportController.ts
FN:19,(anonymous_1)
FN:113,(anonymous_2)
FN:145,(anonymous_3)
FN:166,(anonymous_4)
FN:167,(anonymous_5)
FN:212,(anonymous_6)
FN:256,(anonymous_7)
FN:273,(anonymous_8)
FN:293,(anonymous_9)
FN:304,(anonymous_10)
FN:346,(anonymous_11)
FN:395,(anonymous_12)
FN:409,(anonymous_13)
FN:410,(anonymous_14)
FN:441,(anonymous_15)
FN:489,(anonymous_16)
FN:504,(anonymous_17)
FN:509,(anonymous_18)
FN:526,(anonymous_19)
FN:588,(anonymous_20)
FN:598,(anonymous_21)
FN:619,(anonymous_22)
FN:620,(anonymous_23)
FN:622,(anonymous_24)
FN:653,(anonymous_25)
FN:657,(anonymous_26)
FN:670,(anonymous_27)
FN:678,(anonymous_28)
FN:692,(anonymous_29)
FN:695,(anonymous_30)
FN:719,(anonymous_31)
FN:720,(anonymous_32)
FN:723,(anonymous_33)
FN:724,(anonymous_34)
FN:755,(anonymous_35)
FN:756,(anonymous_36)
FN:758,(anonymous_37)
FN:790,(anonymous_38)
FN:866,(anonymous_39)
FN:904,(anonymous_40)
FN:933,(anonymous_41)
FN:938,(anonymous_42)
FN:969,(anonymous_43)
FN:1060,(anonymous_44)
FN:1091,(anonymous_45)
FN:1126,(anonymous_46)
FN:1154,(anonymous_47)
FN:1158,(anonymous_48)
FN:1188,(anonymous_49)
FNF:49
FNH:0
FNDA:0,(anonymous_1)
FNDA:0,(anonymous_2)
FNDA:0,(anonymous_3)
FNDA:0,(anonymous_4)
FNDA:0,(anonymous_5)
FNDA:0,(anonymous_6)
FNDA:0,(anonymous_7)
FNDA:0,(anonymous_8)
FNDA:0,(anonymous_9)
FNDA:0,(anonymous_10)
FNDA:0,(anonymous_11)
FNDA:0,(anonymous_12)
FNDA:0,(anonymous_13)
FNDA:0,(anonymous_14)
FNDA:0,(anonymous_15)
FNDA:0,(anonymous_16)
FNDA:0,(anonymous_17)
FNDA:0,(anonymous_18)
FNDA:0,(anonymous_19)
FNDA:0,(anonymous_20)
FNDA:0,(anonymous_21)
FNDA:0,(anonymous_22)
FNDA:0,(anonymous_23)
FNDA:0,(anonymous_24)
FNDA:0,(anonymous_25)
FNDA:0,(anonymous_26)
FNDA:0,(anonymous_27)
FNDA:0,(anonymous_28)
FNDA:0,(anonymous_29)
FNDA:0,(anonymous_30)
FNDA:0,(anonymous_31)
FNDA:0,(anonymous_32)
FNDA:0,(anonymous_33)
FNDA:0,(anonymous_34)
FNDA:0,(anonymous_35)
FNDA:0,(anonymous_36)
FNDA:0,(anonymous_37)
FNDA:0,(anonymous_38)
FNDA:0,(anonymous_39)
FNDA:0,(anonymous_40)
FNDA:0,(anonymous_41)
FNDA:0,(anonymous_42)
FNDA:0,(anonymous_43)
FNDA:0,(anonymous_44)
FNDA:0,(anonymous_45)
FNDA:0,(anonymous_46)
FNDA:0,(anonymous_47)
FNDA:0,(anonymous_48)
FNDA:0,(anonymous_49)
DA:2,0
DA:3,0
DA:13,0
DA:14,0
DA:15,0
DA:16,0
DA:18,0
DA:20,0
DA:21,0
DA:22,0
DA:24,0
DA:33,0
DA:34,0
DA:38,0
DA:52,0
DA:53,0
DA:54,0
DA:59,0
DA:77,0
DA:80,0
DA:83,0
DA:85,0
DA:104,0
DA:109,0
DA:114,0
DA:115,0
DA:116,0
DA:118,0
DA:119,0
DA:120,0
DA:123,0
DA:143,0
DA:145,0
DA:149,0
DA:150,0
DA:155,0
DA:166,0
DA:167,0
DA:168,0
DA:170,0
DA:188,0
DA:190,0
DA:203,0
DA:208,0
DA:213,0
DA:219,0
DA:221,0
DA:223,0
DA:224,0
DA:227,0
DA:228,0
DA:231,0
DA:232,0
DA:237,0
DA:255,0
DA:257,0
DA:273,0
DA:274,0
DA:275,0
DA:276,0
DA:278,0
DA:279,0
DA:281,0
DA:283,0
DA:290,0
DA:293,0
DA:304,0
DA:305,0
DA:306,0
DA:307,0
DA:309,0
DA:310,0
DA:315,0
DA:316,0
DA:318,0
DA:325,0
DA:337,0
DA:342,0
DA:347,0
DA:353,0
DA:355,0
DA:357,0
DA:358,0
DA:361,0
DA:362,0
DA:365,0
DA:366,0
DA:369,0
DA:394,0
DA:395,0
DA:398,0
DA:399,0
DA:404,0
DA:409,0
DA:410,0
DA:411,0
DA:413,0
DA:441,0
DA:442,0
DA:443,0
DA:444,0
DA:445,0
DA:446,0
DA:449,0
DA:450,0
DA:455,0
DA:456,0
DA:458,0
DA:468,0
DA:480,0
DA:485,0
DA:490,0
DA:492,0
DA:504,0
DA:505,0
DA:506,0
DA:508,0
DA:509,0
DA:510,0
DA:514,0
DA:522,0
DA:526,0
DA:527,0
DA:528,0
DA:529,0
DA:530,0
DA:532,0
DA:541,0
DA:568,0
DA:584,0
DA:588,0
DA:598,0
DA:610,0
DA:615,0
DA:620,0
DA:622,0
DA:623,0
DA:625,0
DA:627,0
DA:628,0
DA:630,0
DA:631,0
DA:633,0
DA:634,0
DA:637,0
DA:644,0
DA:654,0
DA:657,0
DA:658,0
DA:659,0
DA:660,0
DA:666,0
DA:670,0
DA:671,0
DA:672,0
DA:673,0
DA:678,0
DA:679,0
DA:681,0
DA:693,0
DA:695,0
DA:696,0
DA:697,0
DA:699,0
DA:700,0
DA:707,0
DA:709,0
DA:710,0
DA:711,0
DA:712,0
DA:715,0
DA:718,0
DA:719,0
DA:720,0
DA:724,0
DA:725,0
DA:727,0
DA:729,0
DA:730,0
DA:732,0
DA:733,0
DA:736,0
DA:742,0
DA:743,0
DA:745,0
DA:756,0
DA:758,0
DA:759,0
DA:761,0
DA:763,0
DA:764,0
DA:766,0
DA:767,0
DA:770,0
DA:776,0
DA:791,0
DA:792,0
DA:793,0
DA:795,0
DA:796,0
DA:799,0
DA:806,0
DA:814,0
DA:822,0
DA:829,0
DA:833,0
DA:834,0
DA:837,0
DA:854,0
DA:859,0
DA:867,0
DA:868,0
DA:869,0
DA:871,0
DA:873,0
DA:877,0
DA:878,0
DA:881,0
DA:882,0
DA:892,0
DA:893,0
DA:894,0
DA:900,0
DA:904,0
DA:905,0
DA:908,0
DA:921,0
DA:922,0
DA:923,0
DA:924,0
DA:927,0
DA:932,0
DA:933,0
DA:934,0
DA:935,0
DA:938,0
DA:939,0
DA:940,0
DA:944,0
DA:957,0
DA:962,0
DA:970,0
DA:971,0
DA:972,0
DA:974,0
DA:976,0
DA:977,0
DA:978,0
DA:981,0
DA:995,0
DA:996,0
DA:1006,0
DA:1007,0
DA:1008,0
DA:1014,0
DA:1015,0
DA:1016,0
DA:1018,0
DA:1043,0
DA:1044,0
DA:1045,0
DA:1046,0
DA:1049,0
DA:1054,0
DA:1055,0
DA:1060,0
DA:1061,0
DA:1062,0
DA:1065,0
DA:1079,0
DA:1084,0
DA:1092,0
DA:1093,0
DA:1094,0
DA:1096,0
DA:1098,0
DA:1099,0
DA:1102,0
DA:1103,0
DA:1106,0
DA:1107,0
DA:1112,0
DA:1126,0
DA:1127,0
DA:1128,0
DA:1129,0
DA:1136,0
DA:1137,0
DA:1138,0
DA:1149,0
DA:1153,0
DA:1154,0
DA:1159,0
DA:1160,0
DA:1164,0
DA:1176,0
DA:1181,0
DA:1189,0
DA:1190,0
DA:1191,0
DA:1193,0
DA:1194,0
DA:1196,0
DA:1204,0
DA:1206,0
DA:1207,0
DA:1209,0
DA:1210,0
DA:1213,0
DA:1214,0
DA:1216,0
DA:1217,0
DA:1220,0
DA:1221,0
DA:1222,0
DA:1228,0
DA:1231,0
DA:1232,0
DA:1233,0
DA:1239,0
DA:1242,0
DA:1245,0
DA:1260,0
DA:1266,0
LF:324
LH:0
BRDA:33,0,0,0
BRDA:53,1,0,0
BRDA:53,2,0,0
BRDA:53,2,1,0
BRDA:95,3,0,0
BRDA:95,3,1,0
BRDA:96,4,0,0
BRDA:96,4,1,0
BRDA:119,5,0,0
BRDA:149,6,0,0
BRDA:197,7,0,0
BRDA:197,7,1,0
BRDA:223,8,0,0
BRDA:227,9,0,0
BRDA:231,10,0,0
BRDA:231,11,0,0
BRDA:231,11,1,0
BRDA:278,12,0,0
BRDA:309,13,0,0
BRDA:357,14,0,0
BRDA:361,15,0,0
BRDA:365,16,0,0
BRDA:398,17,0,0
BRDA:449,18,0,0
BRDA:506,19,0,0
BRDA:506,19,1,0
BRDA:508,20,0,0
BRDA:510,21,0,0
BRDA:510,21,1,0
BRDA:528,22,0,0
BRDA:528,22,1,0
BRDA:529,23,0,0
BRDA:529,23,1,0
BRDA:530,24,0,0
BRDA:530,24,1,0
BRDA:625,25,0,0
BRDA:625,25,1,0
BRDA:625,25,2,0
BRDA:647,26,0,0
BRDA:647,26,1,0
BRDA:648,27,0,0
BRDA:648,27,1,0
BRDA:659,28,0,0
BRDA:672,29,0,0
BRDA:699,30,0,0
BRDA:709,31,0,0
BRDA:709,31,1,0
BRDA:711,32,0,0
BRDA:727,33,0,0
BRDA:727,33,1,0
BRDA:749,34,0,0
BRDA:749,34,1,0
BRDA:750,35,0,0
BRDA:750,35,1,0
BRDA:761,36,0,0
BRDA:761,36,1,0
BRDA:781,37,0,0
BRDA:781,37,1,0
BRDA:782,38,0,0
BRDA:782,38,1,0
BRDA:795,39,0,0
BRDA:795,39,1,0
BRDA:833,40,0,0
BRDA:871,41,0,0
BRDA:871,41,1,0
BRDA:877,42,0,0
BRDA:892,43,0,0
BRDA:892,43,1,0
BRDA:932,44,0,0
BRDA:974,45,0,0
BRDA:974,45,1,0
BRDA:977,46,0,0
BRDA:1054,47,0,0
BRDA:1098,48,0,0
BRDA:1102,49,0,0
BRDA:1106,50,0,0
BRDA:1106,51,0,0
BRDA:1106,51,1,0
BRDA:1128,52,0,0
BRDA:1159,53,0,0
BRDA:1159,53,1,0
BRDA:1194,54,0,0
BRDA:1194,54,1,0
BRDA:1204,55,0,0
BRDA:1204,55,1,0
BRDA:1204,55,2,0
BRDA:1204,55,3,0
BRDA:1204,55,4,0
BRDA:1206,56,0,0
BRDA:1213,57,0,0
BRDA:1220,58,0,0
BRDA:1220,58,1,0
BRDA:1221,59,0,0
BRDA:1221,59,1,0
BRDA:1231,60,0,0
BRDA:1231,60,1,0
BRDA:1232,61,0,0
BRDA:1232,61,1,0
BRF:98
BRH:0
end_of_record
TN:
SF:src/controllers/TransactionController.ts
FN:8,(anonymous_0)
FN:122,(anonymous_1)
FN:220,(anonymous_2)
FN:264,(anonymous_3)
FN:316,(anonymous_4)
FN:375,(anonymous_5)
FN:416,(anonymous_6)
FN:466,(anonymous_7)
FN:500,(anonymous_8)
FN:538,(anonymous_9)
FN:549,(anonymous_10)
FNF:11
FNH:0
FNDA:0,(anonymous_0)
FNDA:0,(anonymous_1)
FNDA:0,(anonymous_2)
FNDA:0,(anonymous_3)
FNDA:0,(anonymous_4)
FNDA:0,(anonymous_5)
FNDA:0,(anonymous_6)
FNDA:0,(anonymous_7)
FNDA:0,(anonymous_8)
FNDA:0,(anonymous_9)
FNDA:0,(anonymous_10)
DA:2,0
DA:3,0
DA:5,0
DA:7,0
DA:9,0
DA:31,0
DA:34,0
DA:35,0
DA:36,0
DA:40,0
DA:46,0
DA:47,0
DA:51,0
DA:52,0
DA:58,0
DA:59,0
DA:63,0
DA:88,0
DA:90,0
DA:113,0
DA:118,0
DA:123,0
DA:137,0
DA:139,0
DA:140,0
DA:142,0
DA:143,0
DA:146,0
DA:147,0
DA:150,0
DA:151,0
DA:154,0
DA:155,0
DA:158,0
DA:159,0
DA:162,0
DA:163,0
DA:168,0
DA:169,0
DA:176,0
DA:203,0
DA:216,0
DA:221,0
DA:222,0
DA:224,0
DA:251,0
DA:252,0
DA:255,0
DA:260,0
DA:265,0
DA:266,0
DA:268,0
DA:269,0
DA:270,0
DA:273,0
DA:274,0
DA:286,0
DA:288,0
DA:290,0
DA:307,0
DA:312,0
DA:317,0
DA:318,0
DA:319,0
DA:321,0
DA:322,0
DA:323,0
DA:326,0
DA:327,0
DA:331,0
DA:334,0
DA:357,0
DA:360,0
DA:362,0
DA:371,0
DA:376,0
DA:383,0
DA:385,0
DA:387,0
DA:388,0
DA:391,0
DA:392,0
DA:395,0
DA:396,0
DA:401,0
DA:416,0
DA:417,0
DA:422,0
DA:423,0
DA:432,0
DA:433,0
DA:434,0
DA:436,0
DA:437,0
DA:439,0
DA:442,0
DA:450,0
DA:453,0
DA:462,0
DA:467,0
DA:468,0
DA:470,0
DA:495,0
DA:496,0
DA:500,0
DA:501,0
DA:502,0
DA:503,0
DA:505,0
DA:506,0
DA:508,0
DA:511,0
DA:512,0
DA:514,0
DA:516,0
DA:525,0
DA:534,0
DA:539,0
DA:540,0
DA:542,0
DA:549,0
DA:550,0
DA:552,0
DA:553,0
DA:555,0
DA:556,0
DA:559,0
DA:561,0
DA:562,0
DA:566,0
DA:572,0
DA:573,0
DA:575,0
DA:584,0
LF:134
LH:0
BRDA:20,0,0,0
BRDA:35,1,0,0
BRDA:46,2,0,0
BRDA:51,3,0,0
BRDA:58,4,0,0
BRDA:68,5,0,0
BRDA:68,5,1,0
BRDA:125,6,0,0
BRDA:126,7,0,0
BRDA:127,8,0,0
BRDA:128,9,0,0
BRDA:142,10,0,0
BRDA:146,11,0,0
BRDA:150,12,0,0
BRDA:154,13,0,0
BRDA:158,14,0,0
BRDA:162,15,0,0
BRDA:162,16,0,0
BRDA:162,16,1,0
BRDA:168,17,0,0
BRDA:251,18,0,0
BRDA:269,19,0,0
BRDA:273,20,0,0
BRDA:322,21,0,0
BRDA:326,22,0,0
BRDA:331,23,0,0
BRDA:331,23,1,0
BRDA:345,24,0,0
BRDA:345,24,1,0
BRDA:352,25,0,0
BRDA:352,25,1,0
BRDA:382,26,0,0
BRDA:387,27,0,0
BRDA:391,28,0,0
BRDA:395,29,0,0
BRDA:395,30,0,0
BRDA:395,30,1,0
BRDA:417,31,0,0
BRDA:417,31,1,0
BRDA:418,32,0,0
BRDA:418,32,1,0
BRDA:419,33,0,0
BRDA:419,33,1,0
BRDA:422,34,0,0
BRDA:436,35,0,0
BRDA:436,35,1,0
BRDA:495,36,0,0
BRDA:505,37,0,0
BRDA:505,37,1,0
BRDA:511,38,0,0
BRDA:540,39,0,0
BRDA:552,40,0,0
BRDA:552,40,1,0
BRDA:553,41,0,0
BRDA:559,42,0,0
BRF:55
BRH:0
end_of_record
TN:
SF:src/controllers/WaterfallController.ts
FN:21,(anonymous_1)
FN:32,(anonymous_2)
FN:115,(anonymous_3)
FN:163,(anonymous_4)
FN:215,(anonymous_5)
FN:237,(anonymous_6)
FN:248,(anonymous_7)
FN:283,(anonymous_8)
FN:313,(anonymous_9)
FN:337,(anonymous_10)
FN:381,(anonymous_11)
FN:435,(anonymous_12)
FN:496,(anonymous_13)
FN:508,(anonymous_14)
FN:511,(anonymous_15)
FN:517,(anonymous_16)
FN:541,(anonymous_17)
FN:587,(anonymous_18)
FNF:18
FNH:0
FNDA:0,(anonymous_1)
FNDA:0,(anonymous_2)
FNDA:0,(anonymous_3)
FNDA:0,(anonymous_4)
FNDA:0,(anonymous_5)
FNDA:0,(anonymous_6)
FNDA:0,(anonymous_7)
FNDA:0,(anonymous_8)
FNDA:0,(anonymous_9)
FNDA:0,(anonymous_10)
FNDA:0,(anonymous_11)
FNDA:0,(anonymous_12)
FNDA:0,(anonymous_13)
FNDA:0,(anonymous_14)
FNDA:0,(anonymous_15)
FNDA:0,(anonymous_16)
FNDA:0,(anonymous_17)
FNDA:0,(anonymous_18)
DA:2,0
DA:3,0
DA:4,0
DA:5,0
DA:6,0
DA:7,0
DA:8,0
DA:9,0
DA:10,0
DA:11,0
DA:12,0
DA:22,0
DA:23,0
DA:24,0
DA:25,0
DA:26,0
DA:32,0
DA:33,0
DA:41,0
DA:44,0
DA:45,0
DA:48,0
DA:52,0
DA:53,0
DA:54,0
DA:57,0
DA:61,0
DA:62,0
DA:63,0
DA:66,0
DA:70,0
DA:81,0
DA:83,0
DA:104,0
DA:105,0
DA:115,0
DA:116,0
DA:117,0
DA:119,0
DA:140,0
DA:141,0
DA:144,0
DA:147,0
DA:152,0
DA:153,0
DA:163,0
DA:164,0
DA:165,0
DA:166,0
DA:168,0
DA:170,0
DA:171,0
DA:174,0
DA:175,0
DA:178,0
DA:180,0
DA:191,0
DA:204,0
DA:205,0
DA:215,0
DA:216,0
DA:217,0
DA:219,0
DA:220,0
DA:223,0
DA:227,0
DA:228,0
DA:229,0
DA:232,0
DA:237,0
DA:242,0
DA:248,0
DA:263,0
DA:272,0
DA:273,0
DA:283,0
DA:284,0
DA:285,0
DA:286,0
DA:288,0
DA:289,0
DA:290,0
DA:295,0
DA:296,0
DA:302,0
DA:303,0
DA:313,0
DA:314,0
DA:315,0
DA:317,0
DA:321,0
DA:326,0
DA:327,0
DA:337,0
DA:338,0
DA:339,0
DA:340,0
DA:342,0
DA:344,0
DA:345,0
DA:348,0
DA:349,0
DA:352,0
DA:353,0
DA:356,0
DA:365,0
DA:370,0
DA:371,0
DA:381,0
DA:382,0
DA:383,0
DA:384,0
DA:386,0
DA:387,0
DA:388,0
DA:391,0
DA:394,0
DA:395,0
DA:396,0
DA:399,0
DA:402,0
DA:404,0
DA:405,0
DA:408,0
DA:409,0
DA:412,0
DA:413,0
DA:416,0
DA:418,0
DA:424,0
DA:425,0
DA:435,0
DA:436,0
DA:437,0
DA:438,0
DA:440,0
DA:441,0
DA:442,0
DA:445,0
DA:448,0
DA:449,0
DA:452,0
DA:456,0
DA:460,0
DA:461,0
DA:465,0
DA:468,0
DA:479,0
DA:485,0
DA:486,0
DA:496,0
DA:497,0
DA:498,0
DA:500,0
DA:504,0
DA:508,0
DA:511,0
DA:517,0
DA:525,0
DA:530,0
DA:531,0
DA:541,0
DA:542,0
DA:549,0
DA:551,0
DA:552,0
DA:555,0
DA:558,0
DA:566,0
DA:576,0
DA:577,0
DA:587,0
DA:588,0
DA:596,0
DA:598,0
DA:599,0
DA:602,0
DA:605,0
DA:614,0
DA:625,0
DA:626,0
DA:635,0
DA:636,0
DA:638,0
LF:184
LH:0
BRDA:38,0,0,0
BRDA:44,1,0,0
BRDA:44,2,0,0
BRDA:44,2,1,0
BRDA:44,2,2,0
BRDA:53,3,0,0
BRDA:62,4,0,0
BRDA:76,5,0,0
BRDA:76,5,1,0
BRDA:107,6,0,0
BRDA:107,6,1,0
BRDA:140,7,0,0
BRDA:155,8,0,0
BRDA:155,8,1,0
BRDA:166,9,0,0
BRDA:166,10,0,0
BRDA:170,11,0,0
BRDA:174,12,0,0
BRDA:207,13,0,0
BRDA:207,13,1,0
BRDA:219,14,0,0
BRDA:219,15,0,0
BRDA:219,15,1,0
BRDA:219,15,2,0
BRDA:228,16,0,0
BRDA:228,17,0,0
BRDA:228,17,1,0
BRDA:245,18,0,0
BRDA:245,18,1,0
BRDA:275,19,0,0
BRDA:275,19,1,0
BRDA:286,20,0,0
BRDA:288,21,0,0
BRDA:288,21,1,0
BRDA:305,22,0,0
BRDA:305,22,1,0
BRDA:329,23,0,0
BRDA:329,23,1,0
BRDA:344,24,0,0
BRDA:348,25,0,0
BRDA:352,26,0,0
BRDA:373,27,0,0
BRDA:373,27,1,0
BRDA:387,28,0,0
BRDA:395,29,0,0
BRDA:404,30,0,0
BRDA:408,31,0,0
BRDA:412,32,0,0
BRDA:427,33,0,0
BRDA:427,33,1,0
BRDA:441,34,0,0
BRDA:448,35,0,0
BRDA:460,36,0,0
BRDA:470,37,0,0
BRDA:470,37,1,0
BRDA:488,38,0,0
BRDA:488,38,1,0
BRDA:533,39,0,0
BRDA:533,39,1,0
BRDA:547,40,0,0
BRDA:551,41,0,0
BRDA:551,42,0,0
BRDA:551,42,1,0
BRDA:551,42,2,0
BRDA:551,42,3,0
BRDA:579,43,0,0
BRDA:579,43,1,0
BRDA:598,44,0,0
BRDA:598,45,0,0
BRDA:598,45,1,0
BRDA:598,45,2,0
BRDA:598,45,3,0
BRDA:610,46,0,0
BRDA:610,46,1,0
BRDA:611,47,0,0
BRDA:611,47,1,0
BRDA:628,48,0,0
BRDA:628,48,1,0
BRF:78
BRH:0
end_of_record
TN:
SF:src/controllers/authController.ts
FN:7,(anonymous_1)
FN:20,(anonymous_2)
FN:52,(anonymous_3)
FN:66,(anonymous_4)
FN:103,(anonymous_5)
FN:118,(anonymous_6)
FN:140,(anonymous_7)
FN:158,(anonymous_8)
FN:175,(anonymous_9)
FN:197,(anonymous_10)
FN:214,(anonymous_11)
FN:228,(anonymous_12)
FNF:12
FNH:0
FNDA:0,(anonymous_1)
FNDA:0,(anonymous_2)
FNDA:0,(anonymous_3)
FNDA:0,(anonymous_4)
FNDA:0,(anonymous_5)
FNDA:0,(anonymous_6)
FNDA:0,(anonymous_7)
FNDA:0,(anonymous_8)
FNDA:0,(anonymous_9)
FNDA:0,(anonymous_10)
FNDA:0,(anonymous_11)
FNDA:0,(anonymous_12)
DA:2,0
DA:4,0
DA:6,0
DA:8,0
DA:9,0
DA:11,0
DA:16,0
DA:21,0
DA:22,0
DA:23,0
DA:26,0
DA:33,0
DA:34,0
DA:39,0
DA:48,0
DA:53,0
DA:54,0
DA:55,0
DA:57,0
DA:62,0
DA:67,0
DA:68,0
DA:70,0
DA:71,0
DA:74,0
DA:77,0
DA:84,0
DA:85,0
DA:90,0
DA:99,0
DA:104,0
DA:105,0
DA:106,0
DA:109,0
DA:114,0
DA:119,0
DA:120,0
DA:121,0
DA:124,0
DA:126,0
DA:127,0
DA:129,0
DA:131,0
DA:136,0
DA:141,0
DA:142,0
DA:143,0
DA:146,0
DA:147,0
DA:149,0
DA:154,0
DA:159,0
DA:160,0
DA:161,0
DA:164,0
DA:166,0
DA:171,0
DA:176,0
DA:177,0
DA:178,0
DA:181,0
DA:182,0
DA:184,0
DA:185,0
DA:188,0
DA:193,0
DA:198,0
DA:199,0
DA:200,0
DA:203,0
DA:205,0
DA:210,0
DA:215,0
DA:216,0
DA:217,0
DA:219,0
DA:224,0
DA:229,0
DA:230,0
DA:231,0
DA:233,0
DA:238,0
DA:243,0
LF:83
LH:0
BRDA:70,0,0,0
BRDA:105,1,0,0
BRDA:120,2,0,0
BRDA:126,3,0,0
BRDA:127,4,0,0
BRDA:142,5,0,0
BRDA:160,6,0,0
BRDA:177,7,0,0
BRDA:184,8,0,0
BRDA:199,9,0,0
BRF:10
BRH:0
end_of_record
TN:
SF:src/controllers/creditFacilityController.ts
FN:17,(anonymous_1)
FN:28,(anonymous_2)
FN:75,(anonymous_3)
FN:104,(anonymous_4)
FN:124,(anonymous_5)
FN:144,(anonymous_6)
FN:164,(anonymous_7)
FN:184,(anonymous_8)
FN:220,(anonymous_9)
FN:259,(anonymous_10)
FN:294,(anonymous_11)
FN:329,(anonymous_12)
FN:354,(anonymous_13)
FN:394,(anonymous_14)
FN:429,(anonymous_15)
FN:454,(anonymous_16)
FN:493,(anonymous_17)
FN:524,(anonymous_18)
FN:546,(anonymous_19)
FN:569,(anonymous_20)
FN:591,(anonymous_21)
FN:614,(anonymous_22)
FN:637,(anonymous_23)
FNF:23
FNH:0
FNDA:0,(anonymous_1)
FNDA:0,(anonymous_2)
FNDA:0,(anonymous_3)
FNDA:0,(anonymous_4)
FNDA:0,(anonymous_5)
FNDA:0,(anonymous_6)
FNDA:0,(anonymous_7)
FNDA:0,(anonymous_8)
FNDA:0,(anonymous_9)
FNDA:0,(anonymous_10)
FNDA:0,(anonymous_11)
FNDA:0,(anonymous_12)
FNDA:0,(anonymous_13)
FNDA:0,(anonymous_14)
FNDA:0,(anonymous_15)
FNDA:0,(anonymous_16)
FNDA:0,(anonymous_17)
FNDA:0,(anonymous_18)
FNDA:0,(anonymous_19)
FNDA:0,(anonymous_20)
FNDA:0,(anonymous_21)
FNDA:0,(anonymous_22)
FNDA:0,(anonymous_23)
DA:3,0
DA:4,0
DA:5,0
DA:6,0
DA:7,0
DA:8,0
DA:10,0
DA:18,0
DA:19,0
DA:20,0
DA:21,0
DA:22,0
DA:28,0
DA:29,0
DA:31,0
DA:32,0
DA:53,0
DA:55,0
DA:57,0
DA:63,0
DA:64,0
DA:65,0
DA:75,0
DA:76,0
DA:78,0
DA:79,0
DA:80,0
DA:82,0
DA:84,0
DA:86,0
DA:92,0
DA:93,0
DA:94,0
DA:104,0
DA:105,0
DA:106,0
DA:107,0
DA:109,0
DA:114,0
DA:124,0
DA:125,0
DA:126,0
DA:127,0
DA:129,0
DA:134,0
DA:144,0
DA:145,0
DA:146,0
DA:147,0
DA:149,0
DA:154,0
DA:164,0
DA:165,0
DA:166,0
DA:167,0
DA:169,0
DA:174,0
DA:184,0
DA:185,0
DA:187,0
DA:188,0
DA:189,0
DA:191,0
DA:198,0
DA:200,0
DA:206,0
DA:207,0
DA:208,0
DA:220,0
DA:221,0
DA:223,0
DA:224,0
DA:237,0
DA:239,0
DA:241,0
DA:247,0
DA:248,0
DA:249,0
DA:259,0
DA:260,0
DA:262,0
DA:263,0
DA:264,0
DA:272,0
DA:274,0
DA:276,0
DA:282,0
DA:283,0
DA:284,0
DA:294,0
DA:295,0
DA:297,0
DA:298,0
DA:299,0
DA:307,0
DA:309,0
DA:311,0
DA:317,0
DA:318,0
DA:319,0
DA:329,0
DA:330,0
DA:331,0
DA:332,0
DA:333,0
DA:335,0
DA:337,0
DA:342,0
DA:354,0
DA:355,0
DA:357,0
DA:358,0
DA:372,0
DA:374,0
DA:376,0
DA:382,0
DA:383,0
DA:384,0
DA:394,0
DA:395,0
DA:397,0
DA:398,0
DA:399,0
DA:407,0
DA:409,0
DA:411,0
DA:417,0
DA:418,0
DA:419,0
DA:429,0
DA:430,0
DA:431,0
DA:432,0
DA:433,0
DA:435,0
DA:437,0
DA:442,0
DA:454,0
DA:455,0
DA:457,0
DA:458,0
DA:471,0
DA:473,0
DA:475,0
DA:481,0
DA:482,0
DA:483,0
DA:493,0
DA:494,0
DA:496,0
DA:497,0
DA:498,0
DA:504,0
DA:506,0
DA:512,0
DA:513,0
DA:514,0
DA:524,0
DA:525,0
DA:526,0
DA:527,0
DA:529,0
DA:534,0
DA:546,0
DA:547,0
DA:548,0
DA:549,0
DA:550,0
DA:552,0
DA:554,0
DA:559,0
DA:569,0
DA:570,0
DA:571,0
DA:572,0
DA:574,0
DA:576,0
DA:581,0
DA:591,0
DA:592,0
DA:593,0
DA:594,0
DA:595,0
DA:597,0
DA:599,0
DA:604,0
DA:614,0
DA:615,0
DA:616,0
DA:617,0
DA:618,0
DA:620,0
DA:622,0
DA:627,0
DA:637,0
DA:638,0
DA:639,0
DA:640,0
DA:642,0
DA:647,0
LF:200
LH:0
BRDA:46,0,0,0
BRDA:46,0,1,0
BRDA:64,1,0,0
BRDA:64,1,1,0
BRDA:93,2,0,0
BRDA:93,2,1,0
BRDA:116,3,0,0
BRDA:116,3,1,0
BRDA:136,4,0,0
BRDA:136,4,1,0
BRDA:156,5,0,0
BRDA:156,5,1,0
BRDA:176,6,0,0
BRDA:176,6,1,0
BRDA:207,7,0,0
BRDA:207,7,1,0
BRDA:226,8,0,0
BRDA:226,8,1,0
BRDA:230,9,0,0
BRDA:230,9,1,0
BRDA:232,10,0,0
BRDA:232,10,1,0
BRDA:248,11,0,0
BRDA:248,11,1,0
BRDA:266,12,0,0
BRDA:266,12,1,0
BRDA:283,13,0,0
BRDA:283,13,1,0
BRDA:301,14,0,0
BRDA:301,14,1,0
BRDA:303,15,0,0
BRDA:303,15,1,0
BRDA:318,16,0,0
BRDA:318,16,1,0
BRDA:333,17,0,0
BRDA:333,17,1,0
BRDA:344,18,0,0
BRDA:344,18,1,0
BRDA:360,19,0,0
BRDA:360,19,1,0
BRDA:383,20,0,0
BRDA:383,20,1,0
BRDA:401,21,0,0
BRDA:401,21,1,0
BRDA:403,22,0,0
BRDA:403,22,1,0
BRDA:418,23,0,0
BRDA:418,23,1,0
BRDA:433,24,0,0
BRDA:433,24,1,0
BRDA:444,25,0,0
BRDA:444,25,1,0
BRDA:460,26,0,0
BRDA:460,26,1,0
BRDA:468,27,0,0
BRDA:468,27,1,0
BRDA:482,28,0,0
BRDA:482,28,1,0
BRDA:500,29,0,0
BRDA:500,29,1,0
BRDA:513,30,0,0
BRDA:513,30,1,0
BRDA:536,31,0,0
BRDA:536,31,1,0
BRDA:561,32,0,0
BRDA:561,32,1,0
BRDA:572,33,0,0
BRDA:572,33,1,0
BRDA:583,34,0,0
BRDA:583,34,1,0
BRDA:594,35,0,0
BRDA:594,35,1,0
BRDA:595,36,0,0
BRDA:595,36,1,0
BRDA:606,37,0,0
BRDA:606,37,1,0
BRDA:629,38,0,0
BRDA:629,38,1,0
BRDA:649,39,0,0
BRDA:649,39,1,0
BRF:80
BRH:0
end_of_record
TN:
SF:src/controllers/dataAnalysisController.ts
FN:7,(anonymous_0)
FN:14,(anonymous_1)
FN:48,(anonymous_2)
FN:71,(anonymous_3)
FN:92,(anonymous_4)
FN:124,(anonymous_5)
FN:147,(anonymous_6)
FN:184,(anonymous_7)
FN:193,(anonymous_8)
FN:198,(anonymous_9)
FN:217,(anonymous_10)
FN:273,(anonymous_11)
FN:314,(anonymous_12)
FN:338,(anonymous_13)
FN:390,(anonymous_14)
FNF:15
FNH:0
FNDA:0,(anonymous_0)
FNDA:0,(anonymous_1)
FNDA:0,(anonymous_2)
FNDA:0,(anonymous_3)
FNDA:0,(anonymous_4)
FNDA:0,(anonymous_5)
FNDA:0,(anonymous_6)
FNDA:0,(anonymous_7)
FNDA:0,(anonymous_8)
FNDA:0,(anonymous_9)
FNDA:0,(anonymous_10)
FNDA:0,(anonymous_11)
FNDA:0,(anonymous_12)
FNDA:0,(anonymous_13)
FNDA:0,(anonymous_14)
DA:2,0
DA:4,0
DA:8,0
DA:14,0
DA:15,0
DA:16,0
DA:29,0
DA:31,0
DA:37,0
DA:38,0
DA:48,0
DA:49,0
DA:50,0
DA:51,0
DA:53,0
DA:55,0
DA:60,0
DA:61,0
DA:71,0
DA:72,0
DA:73,0
DA:74,0
DA:76,0
DA:81,0
DA:82,0
DA:92,0
DA:93,0
DA:94,0
DA:105,0
DA:107,0
DA:113,0
DA:114,0
DA:124,0
DA:125,0
DA:126,0
DA:127,0
DA:129,0
DA:131,0
DA:136,0
DA:137,0
DA:147,0
DA:148,0
DA:149,0
DA:150,0
DA:160,0
DA:162,0
DA:165,0
DA:171,0
DA:173,0
DA:174,0
DA:184,0
DA:185,0
DA:186,0
DA:187,0
DA:189,0
DA:192,0
DA:193,0
DA:197,0
DA:198,0
DA:201,0
DA:206,0
DA:207,0
DA:217,0
DA:218,0
DA:219,0
DA:257,0
DA:262,0
DA:263,0
DA:273,0
DA:274,0
DA:275,0
DA:276,0
DA:279,0
DA:291,0
DA:292,0
DA:294,0
DA:303,0
DA:304,0
DA:314,0
DA:315,0
DA:316,0
DA:317,0
DA:320,0
DA:322,0
DA:327,0
DA:328,0
DA:338,0
DA:339,0
DA:340,0
DA:343,0
DA:345,0
DA:346,0
DA:349,0
DA:350,0
DA:353,0
DA:354,0
DA:357,0
DA:358,0
DA:362,0
DA:363,0
DA:365,0
DA:368,0
DA:370,0
DA:379,0
DA:380,0
DA:390,0
DA:391,0
DA:392,0
DA:437,0
DA:442,0
DA:443,0
LF:111
LH:0
BRDA:23,0,0,0
BRDA:23,0,1,0
BRDA:24,1,0,0
BRDA:24,1,1,0
BRDA:26,2,0,0
BRDA:26,2,1,0
BRDA:37,3,0,0
BRDA:37,3,1,0
BRDA:60,4,0,0
BRDA:60,4,1,0
BRDA:81,5,0,0
BRDA:81,5,1,0
BRDA:99,6,0,0
BRDA:99,6,1,0
BRDA:102,7,0,0
BRDA:102,7,1,0
BRDA:113,8,0,0
BRDA:113,8,1,0
BRDA:136,9,0,0
BRDA:136,9,1,0
BRDA:151,10,0,0
BRDA:151,10,1,0
BRDA:154,11,0,0
BRDA:154,11,1,0
BRDA:155,12,0,0
BRDA:155,12,1,0
BRDA:158,13,0,0
BRDA:158,13,1,0
BRDA:173,14,0,0
BRDA:173,14,1,0
BRDA:192,15,0,0
BRDA:197,16,0,0
BRDA:206,17,0,0
BRDA:206,17,1,0
BRDA:262,18,0,0
BRDA:262,18,1,0
BRDA:276,19,0,0
BRDA:276,19,1,0
BRDA:303,20,0,0
BRDA:303,20,1,0
BRDA:327,21,0,0
BRDA:327,21,1,0
BRDA:345,22,0,0
BRDA:345,23,0,0
BRDA:345,23,1,0
BRDA:349,24,0,0
BRDA:353,25,0,0
BRDA:353,26,0,0
BRDA:353,26,1,0
BRDA:357,27,0,0
BRDA:357,28,0,0
BRDA:357,28,1,0
BRDA:379,29,0,0
BRDA:379,29,1,0
BRDA:442,30,0,0
BRDA:442,30,1,0
BRF:56
BRH:0
end_of_record
TN:
SF:src/controllers/enhancedAuthController.ts
FN:10,(anonymous_1)
FN:17,(anonymous_2)
FN:76,(anonymous_3)
FN:110,(anonymous_4)
FN:149,(anonymous_5)
FN:188,(anonymous_6)
FN:225,(anonymous_7)
FN:263,(anonymous_8)
FN:302,(anonymous_9)
FN:344,(anonymous_10)
FN:376,(anonymous_11)
FN:405,(anonymous_12)
FN:427,(anonymous_13)
FN:466,(anonymous_14)
FN:493,(anonymous_15)
FNF:15
FNH:0
FNDA:0,(anonymous_1)
FNDA:0,(anonymous_2)
FNDA:0,(anonymous_3)
FNDA:0,(anonymous_4)
FNDA:0,(anonymous_5)
FNDA:0,(anonymous_6)
FNDA:0,(anonymous_7)
FNDA:0,(anonymous_8)
FNDA:0,(anonymous_9)
FNDA:0,(anonymous_10)
FNDA:0,(anonymous_11)
FNDA:0,(anonymous_12)
FNDA:0,(anonymous_13)
FNDA:0,(anonymous_14)
FNDA:0,(anonymous_15)
DA:3,0
DA:4,0
DA:5,0
DA:7,0
DA:11,0
DA:17,0
DA:18,0
DA:20,0
DA:21,0
DA:33,0
DA:35,0
DA:38,0
DA:45,0
DA:57,0
DA:59,0
DA:60,0
DA:65,0
DA:76,0
DA:77,0
DA:79,0
DA:80,0
DA:81,0
DA:83,0
DA:85,0
DA:91,0
DA:93,0
DA:94,0
DA:99,0
DA:110,0
DA:111,0
DA:113,0
DA:114,0
DA:115,0
DA:117,0
DA:118,0
DA:121,0
DA:123,0
DA:125,0
DA:130,0
DA:132,0
DA:133,0
DA:138,0
DA:149,0
DA:150,0
DA:152,0
DA:153,0
DA:154,0
DA:156,0
DA:157,0
DA:160,0
DA:162,0
DA:164,0
DA:169,0
DA:171,0
DA:172,0
DA:177,0
DA:188,0
DA:189,0
DA:191,0
DA:192,0
DA:197,0
DA:199,0
DA:201,0
DA:206,0
DA:208,0
DA:209,0
DA:214,0
DA:225,0
DA:226,0
DA:228,0
DA:229,0
DA:231,0
DA:232,0
DA:235,0
DA:237,0
DA:239,0
DA:244,0
DA:246,0
DA:247,0
DA:252,0
DA:263,0
DA:264,0
DA:266,0
DA:267,0
DA:268,0
DA:270,0
DA:271,0
DA:274,0
DA:276,0
DA:278,0
DA:283,0
DA:285,0
DA:286,0
DA:291,0
DA:302,0
DA:303,0
DA:305,0
DA:306,0
DA:308,0
DA:309,0
DA:312,0
DA:314,0
DA:316,0
DA:325,0
DA:327,0
DA:328,0
DA:333,0
DA:344,0
DA:345,0
DA:347,0
DA:348,0
DA:350,0
DA:351,0
DA:354,0
DA:357,0
DA:359,0
DA:364,0
DA:366,0
DA:376,0
DA:377,0
DA:379,0
DA:380,0
DA:381,0
DA:383,0
DA:386,0
DA:388,0
DA:393,0
DA:395,0
DA:405,0
DA:406,0
DA:407,0
DA:408,0
DA:410,0
DA:412,0
DA:417,0
DA:427,0
DA:428,0
DA:430,0
DA:431,0
DA:432,0
DA:434,0
DA:435,0
DA:438,0
DA:440,0
DA:442,0
DA:447,0
DA:449,0
DA:450,0
DA:455,0
DA:466,0
DA:467,0
DA:468,0
DA:469,0
DA:471,0
DA:476,0
DA:477,0
DA:482,0
DA:493,0
DA:494,0
DA:495,0
DA:504,0
LF:161
LH:0
BRDA:25,0,0,0
BRDA:25,0,1,0
BRDA:27,1,0,0
BRDA:27,1,1,0
BRDA:28,2,0,0
BRDA:28,2,1,0
BRDA:28,2,2,0
BRDA:54,3,0,0
BRDA:54,3,1,0
BRDA:59,4,0,0
BRDA:59,4,1,0
BRDA:62,5,0,0
BRDA:62,5,1,0
BRDA:80,6,0,0
BRDA:80,6,1,0
BRDA:93,7,0,0
BRDA:93,7,1,0
BRDA:96,8,0,0
BRDA:96,8,1,0
BRDA:114,9,0,0
BRDA:114,9,1,0
BRDA:117,10,0,0
BRDA:132,11,0,0
BRDA:132,11,1,0
BRDA:135,12,0,0
BRDA:135,12,1,0
BRDA:153,13,0,0
BRDA:153,13,1,0
BRDA:156,14,0,0
BRDA:171,15,0,0
BRDA:171,15,1,0
BRDA:174,16,0,0
BRDA:174,16,1,0
BRDA:208,17,0,0
BRDA:208,17,1,0
BRDA:211,18,0,0
BRDA:211,18,1,0
BRDA:231,19,0,0
BRDA:231,20,0,0
BRDA:231,20,1,0
BRDA:246,21,0,0
BRDA:246,21,1,0
BRDA:249,22,0,0
BRDA:249,22,1,0
BRDA:267,23,0,0
BRDA:267,23,1,0
BRDA:270,24,0,0
BRDA:270,25,0,0
BRDA:270,25,1,0
BRDA:285,26,0,0
BRDA:285,26,1,0
BRDA:288,27,0,0
BRDA:288,27,1,0
BRDA:306,28,0,0
BRDA:306,28,1,0
BRDA:308,29,0,0
BRDA:327,30,0,0
BRDA:327,30,1,0
BRDA:330,31,0,0
BRDA:330,31,1,0
BRDA:348,32,0,0
BRDA:348,32,1,0
BRDA:350,33,0,0
BRDA:380,34,0,0
BRDA:380,34,1,0
BRDA:407,35,0,0
BRDA:407,35,1,0
BRDA:431,36,0,0
BRDA:431,36,1,0
BRDA:434,37,0,0
BRDA:449,38,0,0
BRDA:449,38,1,0
BRDA:452,39,0,0
BRDA:452,39,1,0
BRDA:468,40,0,0
BRDA:468,40,1,0
BRDA:476,41,0,0
BRDA:476,41,1,0
BRDA:479,42,0,0
BRDA:479,42,1,0
BRF:80
BRH:0
end_of_record
TN:
SF:src/controllers/fundFamilyController.ts
FN:8,(anonymous_0)
FN:26,(anonymous_1)
FN:74,(anonymous_2)
FN:107,(anonymous_3)
FN:127,(anonymous_4)
FN:153,(anonymous_5)
FN:179,(anonymous_6)
FN:199,(anonymous_7)
FNF:8
FNH:0
FNDA:0,(anonymous_0)
FNDA:0,(anonymous_1)
FNDA:0,(anonymous_2)
FNDA:0,(anonymous_3)
FNDA:0,(anonymous_4)
FNDA:0,(anonymous_5)
FNDA:0,(anonymous_6)
FNDA:0,(anonymous_7)
DA:2,0
DA:4,0
DA:5,0
DA:7,0
DA:9,0
DA:10,0
DA:13,0
DA:14,0
DA:17,0
DA:22,0
DA:27,0
DA:28,0
DA:29,0
DA:31,0
DA:33,0
DA:34,0
DA:41,0
DA:42,0
DA:45,0
DA:59,0
DA:70,0
DA:75,0
DA:76,0
DA:78,0
DA:94,0
DA:95,0
DA:98,0
DA:103,0
DA:108,0
DA:109,0
DA:111,0
DA:112,0
DA:113,0
DA:116,0
DA:118,0
DA:123,0
DA:128,0
DA:129,0
DA:131,0
DA:132,0
DA:133,0
DA:137,0
DA:138,0
DA:139,0
DA:142,0
DA:144,0
DA:149,0
DA:154,0
DA:155,0
DA:156,0
DA:158,0
DA:159,0
DA:160,0
DA:163,0
DA:164,0
DA:165,0
DA:168,0
DA:170,0
DA:175,0
DA:180,0
DA:181,0
DA:183,0
DA:184,0
DA:185,0
DA:188,0
DA:190,0
DA:195,0
DA:200,0
DA:201,0
DA:203,0
DA:224,0
DA:225,0
DA:229,0
DA:249,0
DA:254,0
DA:259,0
LF:76
LH:0
BRDA:13,0,0,0
BRDA:28,1,0,0
BRDA:28,2,0,0
BRDA:33,3,0,0
BRDA:41,4,0,0
BRDA:94,5,0,0
BRDA:112,6,0,0
BRDA:132,7,0,0
BRDA:138,8,0,0
BRDA:159,9,0,0
BRDA:164,10,0,0
BRDA:184,11,0,0
BRDA:224,12,0,0
BRF:13
BRH:0
end_of_record
TN:
SF:src/controllers/generalLedgerController.ts
FN:9,(anonymous_10)
FN:16,(anonymous_11)
FN:59,(anonymous_12)
FN:100,(anonymous_13)
FN:142,(anonymous_14)
FN:174,(anonymous_15)
FN:208,(anonymous_16)
FN:229,(anonymous_17)
FN:246,(anonymous_18)
FN:249,(anonymous_19)
FN:266,(anonymous_20)
FN:294,(anonymous_21)
FN:300,(anonymous_22)
FN:335,(anonymous_23)
FN:344,(anonymous_24)
FN:345,(anonymous_25)
FN:346,(anonymous_26)
FN:404,(anonymous_27)
FN:418,(anonymous_28)
FN:419,(anonymous_29)
FN:422,(anonymous_30)
FN:423,(anonymous_31)
FN:426,(anonymous_32)
FN:427,(anonymous_33)
FN:430,(anonymous_34)
FN:431,(anonymous_35)
FN:434,(anonymous_36)
FN:435,(anonymous_37)
FN:440,(anonymous_38)
FN:492,(anonymous_39)
FNF:30
FNH:0
FNDA:0,(anonymous_10)
FNDA:0,(anonymous_11)
FNDA:0,(anonymous_12)
FNDA:0,(anonymous_13)
FNDA:0,(anonymous_14)
FNDA:0,(anonymous_15)
FNDA:0,(anonymous_16)
FNDA:0,(anonymous_17)
FNDA:0,(anonymous_18)
FNDA:0,(anonymous_19)
FNDA:0,(anonymous_20)
FNDA:0,(anonymous_21)
FNDA:0,(anonymous_22)
FNDA:0,(anonymous_23)
FNDA:0,(anonymous_24)
FNDA:0,(anonymous_25)
FNDA:0,(anonymous_26)
FNDA:0,(anonymous_27)
FNDA:0,(anonymous_28)
FNDA:0,(anonymous_29)
FNDA:0,(anonymous_30)
FNDA:0,(anonymous_31)
FNDA:0,(anonymous_32)
FNDA:0,(anonymous_33)
FNDA:0,(anonymous_34)
FNDA:0,(anonymous_35)
FNDA:0,(anonymous_36)
FNDA:0,(anonymous_37)
FNDA:0,(anonymous_38)
FNDA:0,(anonymous_39)
DA:3,0
DA:4,0
DA:6,0
DA:10,0
DA:16,0
DA:17,0
DA:19,0
DA:20,0
DA:33,0
DA:39,0
DA:41,0
DA:47,0
DA:48,0
DA:49,0
DA:59,0
DA:60,0
DA:62,0
DA:63,0
DA:74,0
DA:80,0
DA:82,0
DA:88,0
DA:89,0
DA:90,0
DA:100,0
DA:101,0
DA:103,0
DA:104,0
DA:117,0
DA:122,0
DA:124,0
DA:130,0
DA:131,0
DA:132,0
DA:142,0
DA:143,0
DA:145,0
DA:146,0
DA:148,0
DA:154,0
DA:156,0
DA:162,0
DA:163,0
DA:164,0
DA:174,0
DA:175,0
DA:177,0
DA:178,0
DA:179,0
DA:181,0
DA:188,0
DA:190,0
DA:196,0
DA:197,0
DA:198,0
DA:208,0
DA:209,0
DA:210,0
DA:211,0
DA:213,0
DA:218,0
DA:219,0
DA:229,0
DA:230,0
DA:231,0
DA:239,0
DA:241,0
DA:247,0
DA:250,0
DA:255,0
DA:256,0
DA:266,0
DA:267,0
DA:268,0
DA:269,0
DA:270,0
DA:272,0
DA:278,0
DA:283,0
DA:284,0
DA:294,0
DA:295,0
DA:296,0
DA:297,0
DA:300,0
DA:302,0
DA:303,0
DA:304,0
DA:306,0
DA:307,0
DA:310,0
DA:319,0
DA:324,0
DA:325,0
DA:335,0
DA:336,0
DA:337,0
DA:338,0
DA:339,0
DA:340,0
DA:341,0
DA:342,0
DA:344,0
DA:345,0
DA:346,0
DA:348,0
DA:352,0
DA:353,0
DA:356,0
DA:357,0
DA:358,0
DA:360,0
DA:361,0
DA:364,0
DA:383,0
DA:393,0
DA:394,0
DA:404,0
DA:405,0
DA:406,0
DA:407,0
DA:410,0
DA:417,0
DA:418,0
DA:419,0
DA:421,0
DA:422,0
DA:423,0
DA:425,0
DA:426,0
DA:427,0
DA:429,0
DA:430,0
DA:431,0
DA:433,0
DA:434,0
DA:435,0
DA:437,0
DA:440,0
DA:441,0
DA:443,0
DA:452,0
DA:459,0
DA:481,0
DA:482,0
DA:492,0
DA:493,0
DA:494,0
DA:496,0
DA:497,0
DA:501,0
DA:504,0
DA:505,0
DA:508,0
DA:509,0
DA:512,0
DA:513,0
DA:515,0
DA:516,0
DA:517,0
DA:518,0
DA:520,0
DA:521,0
DA:524,0
DA:525,0
DA:528,0
DA:529,0
DA:532,0
DA:533,0
DA:537,0
DA:538,0
DA:539,0
DA:543,0
DA:544,0
DA:547,0
DA:549,0
DA:563,0
DA:564,0
LF:178
LH:0
BRDA:35,0,0,0
BRDA:35,0,1,0
BRDA:48,1,0,0
BRDA:48,1,1,0
BRDA:67,2,0,0
BRDA:67,2,1,0
BRDA:76,3,0,0
BRDA:76,3,1,0
BRDA:89,4,0,0
BRDA:89,4,1,0
BRDA:131,5,0,0
BRDA:131,5,1,0
BRDA:150,6,0,0
BRDA:150,6,1,0
BRDA:163,7,0,0
BRDA:163,7,1,0
BRDA:184,8,0,0
BRDA:184,8,1,0
BRDA:197,9,0,0
BRDA:197,9,1,0
BRDA:218,10,0,0
BRDA:218,10,1,0
BRDA:255,11,0,0
BRDA:255,11,1,0
BRDA:269,12,0,0
BRDA:269,12,1,0
BRDA:283,13,0,0
BRDA:283,13,1,0
BRDA:303,14,0,0
BRDA:306,15,0,0
BRDA:324,16,0,0
BRDA:324,16,1,0
BRDA:338,17,0,0
BRDA:338,17,1,0
BRDA:339,18,0,0
BRDA:339,18,1,0
BRDA:341,19,0,0
BRDA:341,19,1,0
BRDA:342,20,0,0
BRDA:342,20,1,0
BRDA:352,21,0,0
BRDA:357,22,0,0
BRDA:360,23,0,0
BRDA:393,24,0,0
BRDA:393,24,1,0
BRDA:407,25,0,0
BRDA:407,25,1,0
BRDA:419,26,0,0
BRDA:419,26,1,0
BRDA:423,27,0,0
BRDA:423,27,1,0
BRDA:427,28,0,0
BRDA:427,28,1,0
BRDA:431,29,0,0
BRDA:431,29,1,0
BRDA:435,30,0,0
BRDA:435,30,1,0
BRDA:448,31,0,0
BRDA:448,31,1,0
BRDA:455,32,0,0
BRDA:455,32,1,0
BRDA:481,33,0,0
BRDA:481,33,1,0
BRDA:496,34,0,0
BRDA:496,35,0,0
BRDA:496,35,1,0
BRDA:508,36,0,0
BRDA:517,37,0,0
BRDA:517,37,1,0
BRDA:518,38,0,0
BRDA:518,38,1,0
BRDA:520,39,0,0
BRDA:520,40,0,0
BRDA:520,40,1,0
BRDA:524,41,0,0
BRDA:524,42,0,0
BRDA:524,42,1,0
BRDA:528,43,0,0
BRDA:528,44,0,0
BRDA:528,44,1,0
BRDA:538,45,0,0
BRDA:543,46,0,0
BRDA:563,47,0,0
BRDA:563,47,1,0
BRF:84
BRH:0
end_of_record
TN:
SF:src/controllers/globalEntityController.ts
FN:8,(anonymous_0)
FN:15,(anonymous_1)
FN:35,(anonymous_2)
FN:55,(anonymous_3)
FN:75,(anonymous_4)
FN:94,(anonymous_5)
FN:106,(anonymous_6)
FN:150,(anonymous_7)
FN:169,(anonymous_8)
FN:188,(anonymous_9)
FN:213,(anonymous_10)
FN:246,(anonymous_11)
FN:257,(anonymous_12)
FN:260,(anonymous_13)
FN:261,(anonymous_14)
FN:262,(anonymous_15)
FN:264,(anonymous_16)
FN:290,(anonymous_17)
FN:352,(anonymous_18)
FN:353,(anonymous_19)
FN:365,(anonymous_20)
FN:366,(anonymous_21)
FNF:22
FNH:0
FNDA:0,(anonymous_0)
FNDA:0,(anonymous_1)
FNDA:0,(anonymous_2)
FNDA:0,(anonymous_3)
FNDA:0,(anonymous_4)
FNDA:0,(anonymous_5)
FNDA:0,(anonymous_6)
FNDA:0,(anonymous_7)
FNDA:0,(anonymous_8)
FNDA:0,(anonymous_9)
FNDA:0,(anonymous_10)
FNDA:0,(anonymous_11)
FNDA:0,(anonymous_12)
FNDA:0,(anonymous_13)
FNDA:0,(anonymous_14)
FNDA:0,(anonymous_15)
FNDA:0,(anonymous_16)
FNDA:0,(anonymous_17)
FNDA:0,(anonymous_18)
FNDA:0,(anonymous_19)
FNDA:0,(anonymous_20)
FNDA:0,(anonymous_21)
DA:2,0
DA:3,0
DA:5,0
DA:9,0
DA:15,0
DA:16,0
DA:17,0
DA:18,0
DA:20,0
DA:25,0
DA:35,0
DA:36,0
DA:37,0
DA:38,0
DA:40,0
DA:45,0
DA:55,0
DA:56,0
DA:57,0
DA:58,0
DA:60,0
DA:65,0
DA:75,0
DA:76,0
DA:77,0
DA:79,0
DA:84,0
DA:94,0
DA:95,0
DA:96,0
DA:106,0
DA:127,0
DA:129,0
DA:140,0
DA:150,0
DA:151,0
DA:152,0
DA:154,0
DA:159,0
DA:169,0
DA:170,0
DA:171,0
DA:172,0
DA:174,0
DA:177,0
DA:188,0
DA:198,0
DA:203,0
DA:213,0
DA:214,0
DA:215,0
DA:216,0
DA:218,0
DA:220,0
DA:231,0
DA:236,0
DA:246,0
DA:247,0
DA:248,0
DA:249,0
DA:252,0
DA:257,0
DA:260,0
DA:261,0
DA:262,0
DA:264,0
DA:275,0
DA:280,0
DA:290,0
DA:291,0
DA:292,0
DA:293,0
DA:295,0
DA:296,0
DA:300,0
DA:303,0
DA:304,0
DA:306,0
DA:307,0
DA:309,0
DA:311,0
DA:312,0
DA:321,0
DA:323,0
DA:324,0
DA:332,0
DA:334,0
DA:335,0
DA:343,0
DA:347,0
DA:352,0
DA:353,0
DA:354,0
DA:355,0
DA:358,0
DA:365,0
DA:366,0
DA:373,0
LF:98
LH:0
BRDA:27,0,0,0
BRDA:27,0,1,0
BRDA:47,1,0,0
BRDA:47,1,1,0
BRDA:67,2,0,0
BRDA:67,2,1,0
BRDA:98,3,0,0
BRDA:98,3,1,0
BRDA:99,4,0,0
BRDA:99,4,1,0
BRDA:101,5,0,0
BRDA:101,5,1,0
BRDA:102,6,0,0
BRDA:102,6,1,0
BRDA:104,7,0,0
BRDA:104,7,1,0
BRDA:105,8,0,0
BRDA:105,8,1,0
BRDA:111,9,0,0
BRDA:111,9,1,0
BRDA:112,10,0,0
BRDA:112,10,1,0
BRDA:114,11,0,0
BRDA:114,11,1,0
BRDA:115,12,0,0
BRDA:115,12,1,0
BRDA:117,13,0,0
BRDA:117,13,1,0
BRDA:118,14,0,0
BRDA:118,14,1,0
BRDA:123,15,0,0
BRDA:123,15,1,0
BRDA:124,16,0,0
BRDA:124,16,1,0
BRDA:142,17,0,0
BRDA:142,17,1,0
BRDA:188,18,0,0
BRDA:188,18,1,0
BRDA:205,19,0,0
BRDA:205,19,1,0
BRDA:226,20,0,0
BRDA:226,20,1,0
BRDA:238,21,0,0
BRDA:238,21,1,0
BRDA:295,22,0,0
BRDA:295,23,0,0
BRDA:295,23,1,0
BRDA:303,24,0,0
BRDA:303,24,1,0
BRDA:309,25,0,0
BRDA:309,25,1,0
BRDA:309,25,2,0
BRF:52
BRH:0
end_of_record
TN:
SF:src/db/database.ts
FN:24,(anonymous_0)
FNF:1
FNH:0
FNDA:0,(anonymous_0)
DA:1,0
DA:2,0
DA:4,0
DA:24,0
DA:25,0
DA:26,0
DA:27,0
DA:29,0
DA:30,0
DA:31,0
DA:34,0
DA:35,0
DA:39,0
LF:13
LH:0
BRDA:11,0,0,0
BRDA:11,0,1,0
BRDA:29,1,0,0
BRF:3
BRH:0
end_of_record
TN:
SF:src/middleware/auth.ts
FN:12,(anonymous_1)
FN:26,(anonymous_2)
FN:39,(anonymous_3)
FN:94,(anonymous_4)
FN:95,(anonymous_5)
FN:110,(anonymous_6)
FNF:6
FNH:0
FNDA:0,(anonymous_1)
FNDA:0,(anonymous_2)
FNDA:0,(anonymous_3)
FNDA:0,(anonymous_4)
FNDA:0,(anonymous_5)
FNDA:0,(anonymous_6)
DA:2,0
DA:3,0
DA:4,0
DA:5,0
DA:12,0
DA:13,0
DA:26,0
DA:27,0
DA:39,0
DA:44,0
DA:48,0
DA:49,0
DA:53,0
DA:54,0
DA:57,0
DA:58,0
DA:62,0
DA:69,0
DA:70,0
DA:71,0
DA:75,0
DA:76,0
DA:80,0
DA:81,0
DA:82,0
DA:84,0
DA:85,0
DA:86,0
DA:87,0
DA:89,0
DA:94,0
DA:95,0
DA:96,0
DA:97,0
DA:100,0
DA:101,0
DA:106,0
DA:110,0
DA:115,0
DA:118,0
DA:119,0
DA:122,0
DA:123,0
DA:126,0
DA:127,0
DA:133,0
DA:134,0
DA:135,0
DA:136,0
DA:140,0
DA:143,0
DA:148,0
DA:149,0
LF:53
LH:0
BRDA:48,0,0,0
BRDA:48,1,0,0
BRDA:48,1,1,0
BRDA:53,2,0,0
BRDA:53,3,0,0
BRDA:53,3,1,0
BRDA:57,4,0,0
BRDA:70,5,0,0
BRDA:75,6,0,0
BRDA:84,7,0,0
BRDA:84,7,1,0
BRDA:86,8,0,0
BRDA:86,8,1,0
BRDA:96,9,0,0
BRDA:100,10,0,0
BRDA:118,11,0,0
BRDA:118,12,0,0
BRDA:118,12,1,0
BRDA:122,13,0,0
BRDA:122,14,0,0
BRDA:122,14,1,0
BRDA:126,15,0,0
BRDA:134,16,0,0
BRDA:134,17,0,0
BRDA:134,17,1,0
BRF:25
BRH:0
end_of_record
TN:
SF:src/middleware/authMiddleware.ts
FN:10,(anonymous_0)
FN:23,(anonymous_1)
FN:24,(anonymous_2)
FNF:3
FNH:0
FNDA:0,(anonymous_0)
FNDA:0,(anonymous_1)
FNDA:0,(anonymous_2)
DA:10,0
DA:13,0
DA:20,0
DA:23,0
DA:24,0
DA:25,0
DA:26,0
DA:27,0
DA:30,0
DA:31,0
DA:32,0
DA:35,0
LF:12
LH:0
BRDA:25,0,0,0
BRDA:30,1,0,0
BRF:2
BRH:0
end_of_record
TN:
SF:src/middleware/errorHandler.ts
FN:8,(anonymous_1)
FN:17,(anonymous_2)
FN:50,(anonymous_3)
FN:62,(anonymous_4)
FNF:4
FNH:0
FNDA:0,(anonymous_1)
FNDA:0,(anonymous_2)
FNDA:0,(anonymous_3)
FNDA:0,(anonymous_4)
DA:2,0
DA:4,0
DA:9,0
DA:10,0
DA:11,0
DA:13,0
DA:17,0
DA:23,0
DA:24,0
DA:27,0
DA:36,0
DA:37,0
DA:38,0
DA:42,0
DA:43,0
DA:44,0
DA:48,0
DA:49,0
DA:50,0
DA:52,0
DA:55,0
DA:62,0
DA:63,0
DA:64,0
LF:24
LH:0
BRDA:36,0,0,0
BRDA:42,1,0,0
BRDA:48,2,0,0
BRDA:55,3,0,0
BRDA:55,3,1,0
BRDA:57,4,0,0
BRDA:57,4,1,0
BRDA:58,5,0,0
BRDA:58,5,1,0
BRF:9
BRH:0
end_of_record
TN:
SF:src/middleware/rateLimiter.ts
FN:17,rateLimiter
FN:30,(anonymous_2)
FN:36,(anonymous_3)
FN:107,adaptiveRateLimiter
FN:110,(anonymous_5)
FN:115,(anonymous_6)
FN:133,(anonymous_7)
FN:155,createEndpointRateLimiter
FN:172,(anonymous_9)
FN:174,(anonymous_10)
FN:184,slidingWindowRateLimiter
FN:200,(anonymous_12)
FNF:12
FNH:0
FNDA:0,rateLimiter
FNDA:0,(anonymous_2)
FNDA:0,(anonymous_3)
FNDA:0,adaptiveRateLimiter
FNDA:0,(anonymous_5)
FNDA:0,(anonymous_6)
FNDA:0,(anonymous_7)
FNDA:0,createEndpointRateLimiter
FNDA:0,(anonymous_9)
FNDA:0,(anonymous_10)
FNDA:0,slidingWindowRateLimiter
FNDA:0,(anonymous_12)
DA:1,0
DA:17,0
DA:18,0
DA:32,0
DA:33,0
DA:34,0
DA:37,0
DA:53,0
DA:62,0
DA:71,0
DA:80,0
DA:89,0
DA:98,0
DA:107,0
DA:108,0
DA:111,0
DA:112,0
DA:113,0
DA:117,0
DA:118,0
DA:121,0
DA:122,0
DA:126,0
DA:127,0
DA:130,0
DA:134,0
DA:137,0
DA:139,0
DA:140,0
DA:143,0
DA:147,0
DA:155,0
DA:156,0
DA:164,0
DA:172,0
DA:173,0
DA:174,0
DA:175,0
DA:177,0
DA:184,0
DA:189,0
DA:194,0
DA:201,0
DA:204,0
DA:206,0
DA:214,0
LF:46
LH:0
BRDA:26,0,0,0
BRDA:26,0,1,0
BRDA:27,1,0,0
BRDA:27,1,1,0
BRDA:28,2,0,0
BRDA:28,2,1,0
BRDA:29,3,0,0
BRDA:29,3,1,0
BRDA:32,4,0,0
BRDA:32,4,1,0
BRDA:32,4,2,0
BRDA:33,5,0,0
BRDA:33,5,1,0
BRDA:111,6,0,0
BRDA:111,6,1,0
BRDA:111,6,2,0
BRDA:112,7,0,0
BRDA:112,7,1,0
BRDA:117,8,0,0
BRDA:117,8,1,0
BRDA:118,9,0,0
BRDA:118,9,1,0
BRDA:118,9,2,0
BRDA:121,10,0,0
BRDA:126,11,0,0
BRDA:126,12,0,0
BRDA:126,12,1,0
BRDA:137,13,0,0
BRDA:139,14,0,0
BRDA:172,15,0,0
BRDA:172,15,1,0
BRDA:174,16,0,0
BRDA:174,16,1,0
BRDA:189,17,0,0
BRDA:189,17,1,0
BRDA:189,18,0,0
BRDA:189,18,1,0
BRDA:198,19,0,0
BRDA:198,19,1,0
BRF:39
BRH:0
end_of_record
TN:
SF:src/middleware/validation.ts
FN:5,(anonymous_1)
FN:6,(anonymous_2)
FN:14,(anonymous_3)
FN:23,(anonymous_4)
FN:24,(anonymous_5)
FN:31,(anonymous_6)
FN:40,(anonymous_7)
FN:41,(anonymous_8)
FN:48,(anonymous_9)
FNF:9
FNH:0
FNDA:0,(anonymous_1)
FNDA:0,(anonymous_2)
FNDA:0,(anonymous_3)
FNDA:0,(anonymous_4)
FNDA:0,(anonymous_5)
FNDA:0,(anonymous_6)
FNDA:0,(anonymous_7)
FNDA:0,(anonymous_8)
FNDA:0,(anonymous_9)
DA:2,0
DA:3,0
DA:5,0
DA:6,0
DA:7,0
DA:12,0
DA:13,0
DA:14,0
DA:16,0
DA:19,0
DA:23,0
DA:24,0
DA:25,0
DA:29,0
DA:30,0
DA:31,0
DA:33,0
DA:36,0
DA:40,0
DA:41,0
DA:42,0
DA:46,0
DA:47,0
DA:48,0
DA:50,0
DA:53,0
DA:58,0
DA:309,0
DA:310,0
DA:311,0
DA:312,0
DA:313,0
DA:314,0
LF:33
LH:0
BRDA:12,0,0,0
BRDA:29,1,0,0
BRDA:46,2,0,0
BRF:3
BRH:0
end_of_record
TN:
SF:src/models/BorrowingBase.ts
FN:77,(anonymous_0)
FN:81,(anonymous_1)
FN:85,(anonymous_2)
FN:89,(anonymous_3)
FN:94,(anonymous_4)
FN:98,(anonymous_5)
FN:102,(anonymous_6)
FN:106,(anonymous_7)
FN:112,(anonymous_8)
FN:116,(anonymous_9)
FN:118,(anonymous_10)
FN:121,(anonymous_11)
FN:123,(anonymous_12)
FN:126,(anonymous_13)
FN:131,(anonymous_14)
FN:134,(anonymous_15)
FN:137,(anonymous_16)
FN:142,(anonymous_17)
FN:151,(anonymous_18)
FN:161,(anonymous_19)
FN:170,(anonymous_20)
FN:175,(anonymous_21)
FN:231,(anonymous_22)
FN:262,initBorrowingBase
FN:310,(anonymous_24)
FN:318,(anonymous_25)
FN:326,(anonymous_26)
FN:334,(anonymous_27)
FNF:28
FNH:0
FNDA:0,(anonymous_0)
FNDA:0,(anonymous_1)
FNDA:0,(anonymous_2)
FNDA:0,(anonymous_3)
FNDA:0,(anonymous_4)
FNDA:0,(anonymous_5)
FNDA:0,(anonymous_6)
FNDA:0,(anonymous_7)
FNDA:0,(anonymous_8)
FNDA:0,(anonymous_9)
FNDA:0,(anonymous_10)
FNDA:0,(anonymous_11)
FNDA:0,(anonymous_12)
FNDA:0,(anonymous_13)
FNDA:0,(anonymous_14)
FNDA:0,(anonymous_15)
FNDA:0,(anonymous_16)
FNDA:0,(anonymous_17)
FNDA:0,(anonymous_18)
FNDA:0,(anonymous_19)
FNDA:0,(anonymous_20)
FNDA:0,(anonymous_21)
FNDA:0,(anonymous_22)
FNDA:0,initBorrowingBase
FNDA:0,(anonymous_24)
FNDA:0,(anonymous_25)
FNDA:0,(anonymous_26)
FNDA:0,(anonymous_27)
DA:1,0
DA:4,0
DA:39,0
DA:78,0
DA:82,0
DA:86,0
DA:90,0
DA:95,0
DA:99,0
DA:103,0
DA:107,0
DA:113,0
DA:117,0
DA:118,0
DA:122,0
DA:123,0
DA:127,0
DA:128,0
DA:132,0
DA:133,0
DA:134,0
DA:138,0
DA:139,0
DA:143,0
DA:144,0
DA:147,0
DA:148,0
DA:152,0
DA:153,0
DA:156,0
DA:157,0
DA:158,0
DA:162,0
DA:163,0
DA:164,0
DA:167,0
DA:171,0
DA:172,0
DA:176,0
DA:177,0
DA:178,0
DA:181,0
DA:182,0
DA:183,0
DA:184,0
DA:185,0
DA:196,0
DA:197,0
DA:198,0
DA:199,0
DA:200,0
DA:211,0
DA:212,0
DA:213,0
DA:214,0
DA:215,0
DA:225,0
DA:232,0
DA:234,0
DA:260,0
DA:262,0
DA:263,0
DA:311,0
DA:312,0
DA:319,0
DA:320,0
DA:327,0
DA:328,0
DA:335,0
DA:336,0
DA:442,0
LF:71
LH:0
BRDA:95,0,0,0
BRDA:95,0,1,0
BRDA:103,1,0,0
BRDA:103,1,1,0
BRDA:107,2,0,0
BRDA:107,2,1,0
BRDA:107,2,2,0
BRDA:113,3,0,0
BRDA:113,3,1,0
BRDA:117,4,0,0
BRDA:117,4,1,0
BRDA:122,5,0,0
BRDA:122,5,1,0
BRDA:127,6,0,0
BRDA:127,6,1,0
BRDA:128,7,0,0
BRDA:128,7,1,0
BRDA:128,7,2,0
BRDA:132,8,0,0
BRDA:132,8,1,0
BRDA:138,9,0,0
BRDA:138,9,1,0
BRDA:139,10,0,0
BRDA:139,10,1,0
BRDA:139,10,2,0
BRDA:143,11,0,0
BRDA:152,12,0,0
BRDA:158,13,0,0
BRDA:158,13,1,0
BRDA:163,14,0,0
BRDA:176,15,0,0
BRDA:176,15,1,0
BRDA:177,16,0,0
BRDA:177,16,1,0
BRDA:181,17,0,0
BRDA:181,18,0,0
BRDA:181,18,1,0
BRDA:184,19,0,0
BRDA:196,20,0,0
BRDA:196,21,0,0
BRDA:196,21,1,0
BRDA:199,22,0,0
BRDA:211,23,0,0
BRDA:211,24,0,0
BRDA:211,24,1,0
BRDA:214,25,0,0
BRDA:312,26,0,0
BRDA:312,26,1,0
BRDA:320,27,0,0
BRDA:320,27,1,0
BRDA:328,28,0,0
BRDA:328,28,1,0
BRDA:336,29,0,0
BRDA:336,29,1,0
BRF:54
BRH:0
end_of_record
TN:
SF:src/models/CapitalActivity.ts
FN:65,(anonymous_1)
FN:131,(anonymous_2)
FN:139,(anonymous_3)
FN:147,(anonymous_4)
FN:155,(anonymous_5)
FNF:5
FNH:0
FNDA:0,(anonymous_1)
FNDA:0,(anonymous_2)
FNDA:0,(anonymous_3)
FNDA:0,(anonymous_4)
FNDA:0,(anonymous_5)
DA:1,0
DA:2,0
DA:66,0
DA:70,0
DA:74,0
DA:78,0
DA:82,0
DA:89,0
DA:132,0
DA:133,0
DA:140,0
DA:141,0
DA:148,0
DA:149,0
DA:156,0
DA:157,0
DA:224,0
DA:225,0
LF:18
LH:0
BRDA:133,0,0,0
BRDA:133,0,1,0
BRDA:141,1,0,0
BRDA:141,1,1,0
BRDA:149,2,0,0
BRDA:149,2,1,0
BRDA:157,3,0,0
BRDA:157,3,1,0
BRF:8
BRH:0
end_of_record
TN:
SF:src/models/CapitalAllocation.ts
FN:56,(anonymous_1)
FN:130,(anonymous_2)
FN:138,(anonymous_3)
FN:146,(anonymous_4)
FN:166,(anonymous_5)
FNF:5
FNH:0
FNDA:0,(anonymous_1)
FNDA:0,(anonymous_2)
FNDA:0,(anonymous_3)
FNDA:0,(anonymous_4)
FNDA:0,(anonymous_5)
DA:1,0
DA:2,0
DA:57,0
DA:61,0
DA:65,0
DA:69,0
DA:73,0
DA:80,0
DA:131,0
DA:132,0
DA:139,0
DA:140,0
DA:147,0
DA:148,0
DA:167,0
DA:168,0
DA:233,0
DA:234,0
LF:18
LH:0
BRDA:132,0,0,0
BRDA:132,0,1,0
BRDA:140,1,0,0
BRDA:140,1,1,0
BRDA:148,2,0,0
BRDA:148,2,1,0
BRDA:168,3,0,0
BRDA:168,3,1,0
BRF:8
BRH:0
end_of_record
TN:
SF:src/models/Closing.ts
FN:56,(anonymous_1)
FN:106,(anonymous_2)
FN:114,(anonymous_3)
FN:122,(anonymous_4)
FNF:4
FNH:0
FNDA:0,(anonymous_1)
FNDA:0,(anonymous_2)
FNDA:0,(anonymous_3)
FNDA:0,(anonymous_4)
DA:1,0
DA:2,0
DA:57,0
DA:61,0
DA:65,0
DA:72,0
DA:107,0
DA:108,0
DA:115,0
DA:116,0
DA:123,0
DA:124,0
DA:196,0
DA:197,0
LF:14
LH:0
BRDA:108,0,0,0
BRDA:108,0,1,0
BRDA:116,1,0,0
BRDA:116,1,1,0
BRDA:124,2,0,0
BRDA:124,2,1,0
BRF:6
BRH:0
end_of_record
TN:
SF:src/models/Commitment.ts
FN:59,(anonymous_1)
FN:117,(anonymous_2)
FN:149,(anonymous_3)
FN:157,(anonymous_4)
FN:165,(anonymous_5)
FN:173,(anonymous_6)
FN:181,(anonymous_7)
FNF:7
FNH:0
FNDA:0,(anonymous_1)
FNDA:0,(anonymous_2)
FNDA:0,(anonymous_3)
FNDA:0,(anonymous_4)
FNDA:0,(anonymous_5)
FNDA:0,(anonymous_6)
FNDA:0,(anonymous_7)
DA:1,0
DA:2,0
DA:60,0
DA:64,0
DA:68,0
DA:72,0
DA:76,0
DA:83,0
DA:118,0
DA:119,0
DA:150,0
DA:151,0
DA:158,0
DA:159,0
DA:166,0
DA:167,0
DA:174,0
DA:175,0
DA:182,0
DA:183,0
DA:221,0
DA:222,0
LF:22
LH:0
BRDA:119,0,0,0
BRDA:119,0,1,0
BRDA:151,1,0,0
BRDA:151,1,1,0
BRDA:159,2,0,0
BRDA:159,2,1,0
BRDA:167,3,0,0
BRDA:167,3,1,0
BRDA:175,4,0,0
BRDA:175,4,1,0
BRDA:183,5,0,0
BRDA:183,5,1,0
BRF:12
BRH:0
end_of_record
TN:
SF:src/models/CreditDrawdown.ts
FN:73,(anonymous_0)
FN:77,(anonymous_1)
FN:81,(anonymous_2)
FN:85,(anonymous_3)
FN:90,(anonymous_4)
FN:94,(anonymous_5)
FN:98,(anonymous_6)
FN:102,(anonymous_7)
FN:106,(anonymous_8)
FN:125,(anonymous_9)
FN:146,(anonymous_10)
FN:156,(anonymous_11)
FN:158,(anonymous_12)
FN:159,(anonymous_13)
FN:163,(anonymous_14)
FN:165,(anonymous_15)
FN:171,initCreditDrawdown
FN:206,(anonymous_17)
FN:261,(anonymous_18)
FN:284,(anonymous_19)
FN:292,(anonymous_20)
FNF:21
FNH:0
FNDA:0,(anonymous_0)
FNDA:0,(anonymous_1)
FNDA:0,(anonymous_2)
FNDA:0,(anonymous_3)
FNDA:0,(anonymous_4)
FNDA:0,(anonymous_5)
FNDA:0,(anonymous_6)
FNDA:0,(anonymous_7)
FNDA:0,(anonymous_8)
FNDA:0,(anonymous_9)
FNDA:0,(anonymous_10)
FNDA:0,(anonymous_11)
FNDA:0,(anonymous_12)
FNDA:0,(anonymous_13)
FNDA:0,(anonymous_14)
FNDA:0,(anonymous_15)
FNDA:0,initCreditDrawdown
FNDA:0,(anonymous_17)
FNDA:0,(anonymous_18)
FNDA:0,(anonymous_19)
FNDA:0,(anonymous_20)
DA:1,0
DA:4,0
DA:37,0
DA:74,0
DA:78,0
DA:82,0
DA:86,0
DA:91,0
DA:95,0
DA:99,0
DA:103,0
DA:107,0
DA:108,0
DA:111,0
DA:112,0
DA:115,0
DA:122,0
DA:126,0
DA:127,0
DA:131,0
DA:138,0
DA:139,0
DA:140,0
DA:142,0
DA:143,0
DA:147,0
DA:149,0
DA:157,0
DA:158,0
DA:159,0
DA:164,0
DA:165,0
DA:169,0
DA:171,0
DA:172,0
DA:207,0
DA:208,0
DA:262,0
DA:263,0
DA:285,0
DA:286,0
DA:293,0
DA:294,0
DA:333,0
LF:44
LH:0
BRDA:78,0,0,0
BRDA:78,0,1,0
BRDA:82,1,0,0
BRDA:82,1,1,0
BRDA:86,2,0,0
BRDA:86,2,1,0
BRDA:107,3,0,0
BRDA:126,4,0,0
BRDA:126,5,0,0
BRDA:126,5,1,0
BRDA:147,6,0,0
BRDA:147,6,1,0
BRDA:150,7,0,0
BRDA:150,7,1,0
BRDA:151,8,0,0
BRDA:151,8,1,0
BRDA:152,9,0,0
BRDA:152,9,1,0
BRDA:157,10,0,0
BRDA:157,10,1,0
BRDA:164,11,0,0
BRDA:164,11,1,0
BRDA:208,12,0,0
BRDA:208,12,1,0
BRDA:263,13,0,0
BRDA:263,13,1,0
BRDA:286,14,0,0
BRDA:286,14,1,0
BRDA:294,15,0,0
BRDA:294,15,1,0
BRF:30
BRH:0
end_of_record
TN:
SF:src/models/CreditFacility.ts
FN:70,(anonymous_0)
FN:74,(anonymous_1)
FN:78,(anonymous_2)
FN:82,(anonymous_3)
FN:86,(anonymous_4)
FN:90,(anonymous_5)
FN:94,(anonymous_6)
FN:99,(anonymous_7)
FN:119,(anonymous_8)
FN:124,(anonymous_9)
FN:132,(anonymous_10)
FN:144,(anonymous_11)
FN:150,(anonymous_12)
FN:158,initCreditFacility
FN:189,(anonymous_14)
FN:198,(anonymous_15)
FN:206,(anonymous_16)
FN:214,(anonymous_17)
FN:230,(anonymous_18)
FN:238,(anonymous_19)
FN:246,(anonymous_20)
FN:276,(anonymous_21)
FNF:22
FNH:0
FNDA:0,(anonymous_0)
FNDA:0,(anonymous_1)
FNDA:0,(anonymous_2)
FNDA:0,(anonymous_3)
FNDA:0,(anonymous_4)
FNDA:0,(anonymous_5)
FNDA:0,(anonymous_6)
FNDA:0,(anonymous_7)
FNDA:0,(anonymous_8)
FNDA:0,(anonymous_9)
FNDA:0,(anonymous_10)
FNDA:0,(anonymous_11)
FNDA:0,(anonymous_12)
FNDA:0,initCreditFacility
FNDA:0,(anonymous_14)
FNDA:0,(anonymous_15)
FNDA:0,(anonymous_16)
FNDA:0,(anonymous_17)
FNDA:0,(anonymous_18)
FNDA:0,(anonymous_19)
FNDA:0,(anonymous_20)
FNDA:0,(anonymous_21)
DA:1,0
DA:3,0
DA:36,0
DA:71,0
DA:75,0
DA:79,0
DA:83,0
DA:87,0
DA:91,0
DA:95,0
DA:100,0
DA:101,0
DA:103,0
DA:104,0
DA:107,0
DA:108,0
DA:111,0
DA:112,0
DA:113,0
DA:116,0
DA:120,0
DA:125,0
DA:126,0
DA:127,0
DA:129,0
DA:133,0
DA:134,0
DA:137,0
DA:138,0
DA:139,0
DA:141,0
DA:145,0
DA:146,0
DA:147,0
DA:151,0
DA:152,0
DA:156,0
DA:158,0
DA:159,0
DA:190,0
DA:191,0
DA:199,0
DA:200,0
DA:207,0
DA:208,0
DA:215,0
DA:216,0
DA:231,0
DA:232,0
DA:239,0
DA:240,0
DA:247,0
DA:248,0
DA:277,0
DA:278,0
DA:324,0
LF:56
LH:0
BRDA:87,0,0,0
BRDA:87,0,1,0
BRDA:91,1,0,0
BRDA:91,1,1,0
BRDA:95,2,0,0
BRDA:95,2,1,0
BRDA:103,3,0,0
BRDA:107,4,0,0
BRDA:111,5,0,0
BRDA:111,6,0,0
BRDA:111,6,1,0
BRDA:120,7,0,0
BRDA:120,7,1,0
BRDA:124,8,0,0
BRDA:132,9,0,0
BRDA:133,10,0,0
BRDA:144,11,0,0
BRDA:147,12,0,0
BRDA:147,12,1,0
BRDA:152,13,0,0
BRDA:152,13,1,0
BRDA:191,14,0,0
BRDA:191,14,1,0
BRDA:200,15,0,0
BRDA:200,15,1,0
BRDA:208,16,0,0
BRDA:208,16,1,0
BRDA:216,17,0,0
BRDA:216,17,1,0
BRDA:232,18,0,0
BRDA:232,18,1,0
BRDA:240,19,0,0
BRDA:240,19,1,0
BRDA:248,20,0,0
BRDA:248,20,1,0
BRDA:278,21,0,0
BRDA:278,21,1,0
BRF:37
BRH:0
end_of_record
TN:
SF:src/models/CreditPaydown.ts
FN:79,(anonymous_0)
FN:83,(anonymous_1)
FN:87,(anonymous_2)
FN:91,(anonymous_3)
FN:95,(anonymous_4)
FN:99,(anonymous_5)
FN:103,(anonymous_6)
FN:108,(anonymous_7)
FN:112,(anonymous_8)
FN:116,(anonymous_9)
FN:120,(anonymous_10)
FN:131,(anonymous_11)
FN:136,(anonymous_12)
FN:141,(anonymous_13)
FN:150,(anonymous_14)
FN:161,(anonymous_15)
FN:170,(anonymous_16)
FN:181,(anonymous_17)
FN:216,(anonymous_18)
FN:235,initCreditPaydown
FN:270,(anonymous_20)
FN:278,(anonymous_21)
FN:286,(anonymous_22)
FN:294,(anonymous_23)
FN:344,(anonymous_24)
FN:352,(anonymous_25)
FN:360,(anonymous_26)
FNF:27
FNH:0
FNDA:0,(anonymous_0)
FNDA:0,(anonymous_1)
FNDA:0,(anonymous_2)
FNDA:0,(anonymous_3)
FNDA:0,(anonymous_4)
FNDA:0,(anonymous_5)
FNDA:0,(anonymous_6)
FNDA:0,(anonymous_7)
FNDA:0,(anonymous_8)
FNDA:0,(anonymous_9)
FNDA:0,(anonymous_10)
FNDA:0,(anonymous_11)
FNDA:0,(anonymous_12)
FNDA:0,(anonymous_13)
FNDA:0,(anonymous_14)
FNDA:0,(anonymous_15)
FNDA:0,(anonymous_16)
FNDA:0,(anonymous_17)
FNDA:0,(anonymous_18)
FNDA:0,initCreditPaydown
FNDA:0,(anonymous_20)
FNDA:0,(anonymous_21)
FNDA:0,(anonymous_22)
FNDA:0,(anonymous_23)
FNDA:0,(anonymous_24)
FNDA:0,(anonymous_25)
FNDA:0,(anonymous_26)
DA:1,0
DA:4,0
DA:40,0
DA:80,0
DA:84,0
DA:88,0
DA:92,0
DA:96,0
DA:100,0
DA:104,0
DA:109,0
DA:113,0
DA:117,0
DA:122,0
DA:123,0
DA:128,0
DA:132,0
DA:133,0
DA:134,0
DA:136,0
DA:137,0
DA:142,0
DA:143,0
DA:144,0
DA:145,0
DA:147,0
DA:151,0
DA:152,0
DA:155,0
DA:156,0
DA:158,0
DA:162,0
DA:163,0
DA:166,0
DA:167,0
DA:171,0
DA:172,0
DA:173,0
DA:175,0
DA:182,0
DA:183,0
DA:184,0
DA:186,0
DA:217,0
DA:233,0
DA:235,0
DA:236,0
DA:271,0
DA:272,0
DA:279,0
DA:280,0
DA:287,0
DA:288,0
DA:295,0
DA:296,0
DA:345,0
DA:346,0
DA:353,0
DA:354,0
DA:361,0
DA:362,0
DA:421,0
LF:62
LH:0
BRDA:96,0,0,0
BRDA:96,0,1,0
BRDA:100,1,0,0
BRDA:100,1,1,0
BRDA:104,2,0,0
BRDA:104,2,1,0
BRDA:109,3,0,0
BRDA:109,3,1,0
BRDA:117,4,0,0
BRDA:117,4,1,0
BRDA:123,5,0,0
BRDA:123,5,1,0
BRDA:132,6,0,0
BRDA:132,6,1,0
BRDA:133,7,0,0
BRDA:133,7,1,0
BRDA:134,8,0,0
BRDA:134,8,1,0
BRDA:151,9,0,0
BRDA:162,10,0,0
BRDA:272,11,0,0
BRDA:272,11,1,0
BRDA:280,12,0,0
BRDA:280,12,1,0
BRDA:288,13,0,0
BRDA:288,13,1,0
BRDA:296,14,0,0
BRDA:296,14,1,0
BRDA:346,15,0,0
BRDA:346,15,1,0
BRDA:354,16,0,0
BRDA:354,16,1,0
BRDA:362,17,0,0
BRDA:362,17,1,0
BRF:34
BRH:0
end_of_record
TN:
SF:src/models/DistributionAllocation.ts
FN:66,(anonymous_1)
FN:140,(anonymous_2)
FN:148,(anonymous_3)
FN:156,(anonymous_4)
FN:164,(anonymous_5)
FN:172,(anonymous_6)
FN:180,(anonymous_7)
FN:188,(anonymous_8)
FN:196,(anonymous_9)
FN:204,(anonymous_10)
FN:212,(anonymous_11)
FNF:11
FNH:0
FNDA:0,(anonymous_1)
FNDA:0,(anonymous_2)
FNDA:0,(anonymous_3)
FNDA:0,(anonymous_4)
FNDA:0,(anonymous_5)
FNDA:0,(anonymous_6)
FNDA:0,(anonymous_7)
FNDA:0,(anonymous_8)
FNDA:0,(anonymous_9)
FNDA:0,(anonymous_10)
FNDA:0,(anonymous_11)
DA:1,0
DA:2,0
DA:67,0
DA:71,0
DA:75,0
DA:79,0
DA:83,0
DA:90,0
DA:141,0
DA:142,0
DA:149,0
DA:150,0
DA:157,0
DA:158,0
DA:165,0
DA:166,0
DA:173,0
DA:174,0
DA:181,0
DA:182,0
DA:189,0
DA:190,0
DA:197,0
DA:198,0
DA:205,0
DA:206,0
DA:213,0
DA:214,0
DA:286,0
DA:287,0
LF:30
LH:0
BRDA:142,0,0,0
BRDA:142,0,1,0
BRDA:150,1,0,0
BRDA:150,1,1,0
BRDA:158,2,0,0
BRDA:158,2,1,0
BRDA:166,3,0,0
BRDA:166,3,1,0
BRDA:174,4,0,0
BRDA:174,4,1,0
BRDA:182,5,0,0
BRDA:182,5,1,0
BRDA:190,6,0,0
BRDA:190,6,1,0
BRDA:198,7,0,0
BRDA:198,7,1,0
BRDA:206,8,0,0
BRDA:206,8,1,0
BRDA:214,9,0,0
BRDA:214,9,1,0
BRF:20
BRH:0
end_of_record
TN:
SF:src/models/DistributionEvent.ts
FN:53,(anonymous_1)
FN:57,(anonymous_2)
FN:61,(anonymous_3)
FN:65,(anonymous_4)
FN:69,(anonymous_5)
FN:73,(anonymous_6)
FN:78,(anonymous_7)
FN:84,(anonymous_8)
FN:88,(anonymous_9)
FN:92,(anonymous_10)
FN:96,(anonymous_11)
FN:101,(anonymous_12)
FN:155,(anonymous_13)
FN:163,(anonymous_14)
FN:171,(anonymous_15)
FN:183,(anonymous_16)
FN:195,(anonymous_17)
FN:203,(anonymous_18)
FNF:18
FNH:0
FNDA:0,(anonymous_1)
FNDA:0,(anonymous_2)
FNDA:0,(anonymous_3)
FNDA:0,(anonymous_4)
FNDA:0,(anonymous_5)
FNDA:0,(anonymous_6)
FNDA:0,(anonymous_7)
FNDA:0,(anonymous_8)
FNDA:0,(anonymous_9)
FNDA:0,(anonymous_10)
FNDA:0,(anonymous_11)
FNDA:0,(anonymous_12)
FNDA:0,(anonymous_13)
FNDA:0,(anonymous_14)
FNDA:0,(anonymous_15)
FNDA:0,(anonymous_16)
FNDA:0,(anonymous_17)
FNDA:0,(anonymous_18)
DA:1,0
DA:2,0
DA:3,0
DA:54,0
DA:58,0
DA:62,0
DA:66,0
DA:70,0
DA:74,0
DA:79,0
DA:80,0
DA:81,0
DA:85,0
DA:89,0
DA:93,0
DA:97,0
DA:102,0
DA:106,0
DA:110,0
DA:117,0
DA:156,0
DA:157,0
DA:164,0
DA:165,0
DA:172,0
DA:173,0
DA:184,0
DA:185,0
DA:196,0
DA:197,0
DA:204,0
DA:205,0
DA:257,0
DA:258,0
LF:34
LH:0
BRDA:70,0,0,0
BRDA:70,0,1,0
BRDA:80,1,0,0
BRDA:80,1,1,0
BRDA:85,2,0,0
BRDA:85,2,1,0
BRDA:89,3,0,0
BRDA:89,3,1,0
BRDA:97,4,0,0
BRDA:97,4,1,0
BRDA:157,5,0,0
BRDA:157,5,1,0
BRDA:165,6,0,0
BRDA:165,6,1,0
BRDA:173,7,0,0
BRDA:173,7,1,0
BRDA:185,8,0,0
BRDA:185,8,1,0
BRDA:197,9,0,0
BRDA:197,9,1,0
BRDA:205,10,0,0
BRDA:205,10,1,0
BRF:22
BRH:0
end_of_record
TN:
SF:src/models/FeeBasis.ts
FN:37,(anonymous_1)
[...]
BRDA:76,3,1,0
BRDA:83,4,0,0
BRDA:83,5,0,0
BRDA:83,5,1,0
BRDA:87,6,0,0
BRDA:87,7,0,0
BRDA:87,7,1,0
BRDA:94,8,0,0
BRDA:94,8,1,0
BRDA:102,9,0,0
BRDA:106,10,0,0
BRDA:130,11,0,0
BRDA:150,12,0,0
BRDA:154,13,0,0
BRDA:160,14,0,0
BRDA:189,15,0,0
BRDA:193,16,0,0
BRDA:199,17,0,0
BRDA:231,18,0,0
BRDA:236,19,0,0
BRDA:236,19,1,0
BRDA:239,20,0,0
BRDA:244,21,0,0
BRDA:244,21,1,0
BRDA:254,22,0,0
BRDA:259,23,0,0
BRDA:259,23,1,0
BRDA:269,24,0,0
BRDA:274,25,0,0
BRDA:274,25,1,0
BRDA:296,26,0,0
BRDA:321,27,0,0
BRDA:335,28,0,0
BRDA:338,29,0,0
BRDA:338,30,0,0
BRDA:338,30,1,0
BRF:40
BRH:0
end_of_record
TN:
SF:src/services/CarriedInterestFeeService.ts
FN:38,(anonymous_1)
FN:100,(anonymous_2)
FN:165,(anonymous_3)
FN:220,(anonymous_4)
FN:265,(anonymous_5)
FN:299,(anonymous_6)
FN:341,(anonymous_7)
FN:349,(anonymous_8)
FN:374,(anonymous_9)
FN:421,(anonymous_10)
FNF:10
FNH:0
FNDA:0,(anonymous_1)
FNDA:0,(anonymous_2)
FNDA:0,(anonymous_3)
FNDA:0,(anonymous_4)
FNDA:0,(anonymous_5)
FNDA:0,(anonymous_6)
FNDA:0,(anonymous_7)
FNDA:0,(anonymous_8)
FNDA:0,(anonymous_9)
FNDA:0,(anonymous_10)
DA:1,0
DA:2,0
DA:3,0
DA:4,0
DA:5,0
DA:6,0
DA:39,0
DA:42,0
DA:43,0
DA:44,0
DA:48,0
DA:51,0
DA:54,0
DA:57,0
DA:58,0
DA:63,0
DA:87,0
DA:105,0
DA:106,0
DA:107,0
DA:111,0
DA:114,0
DA:115,0
DA:118,0
DA:121,0
DA:124,0
DA:125,0
DA:130,0
DA:152,0
DA:173,0
DA:190,0
DA:191,0
DA:192,0
DA:193,0
DA:195,0
DA:196,0
DA:197,0
DA:199,0
DA:200,0
DA:201,0
DA:204,0
DA:205,0
DA:207,0
DA:224,0
DA:232,0
DA:233,0
DA:235,0
DA:236,0
DA:237,0
DA:238,0
DA:239,0
DA:244,0
DA:245,0
DA:246,0
DA:249,0
DA:251,0
DA:266,0
DA:267,0
DA:268,0
DA:272,0
DA:281,0
DA:282,0
DA:284,0
DA:285,0
DA:286,0
DA:287,0
DA:288,0
DA:290,0
DA:293,0
DA:304,0
DA:305,0
DA:308,0
DA:309,0
DA:310,0
DA:312,0
DA:313,0
DA:315,0
DA:316,0
DA:317,0
DA:318,0
DA:319,0
DA:323,0
DA:324,0
DA:327,0
DA:328,0
DA:329,0
DA:332,0
DA:333,0
DA:335,0
DA:342,0
DA:343,0
DA:354,0
DA:359,0
DA:360,0
DA:361,0
DA:362,0
DA:365,0
DA:383,0
DA:384,0
DA:385,0
DA:388,0
DA:389,0
DA:390,0
DA:393,0
DA:395,0
DA:397,0
DA:398,0
DA:401,0
DA:402,0
DA:404,0
DA:411,0
DA:422,0
DA:423,0
DA:424,0
DA:427,0
DA:428,0
DA:431,0
DA:432,0
DA:436,0
LF:119
LH:0
BRDA:39,0,0,0
BRDA:43,1,0,0
BRDA:58,2,0,0
BRDA:58,2,1,0
BRDA:76,3,0,0
BRDA:76,3,1,0
BRDA:81,4,0,0
BRDA:81,4,1,0
BRDA:106,5,0,0
BRDA:125,6,0,0
BRDA:125,6,1,0
BRDA:205,7,0,0
BRDA:205,7,1,0
BRDA:236,8,0,0
BRDA:236,8,1,0
BRDA:238,9,0,0
BRDA:244,10,0,0
BRDA:244,10,1,0
BRDA:246,11,0,0
BRDA:246,11,1,0
BRDA:267,12,0,0
BRDA:304,13,0,0
BRDA:315,14,0,0
BRDA:315,14,1,0
BRDA:318,15,0,0
BRDA:323,16,0,0
BRDA:333,17,0,0
BRDA:333,17,1,0
BRDA:359,18,0,0
BRDA:359,19,0,0
BRDA:359,19,1,0
BRDA:361,20,0,0
BRDA:362,21,0,0
BRDA:384,22,0,0
BRDA:395,23,0,0
BRDA:423,24,0,0
BRDA:427,25,0,0
BRF:37
BRH:0
end_of_record
TN:
SF:src/services/FeeService.ts
FN:16,(anonymous_1)
FN:25,(anonymous_2)
FN:32,(anonymous_3)
FN:39,(anonymous_4)
FN:46,(anonymous_5)
FNF:5
FNH:0
FNDA:0,(anonymous_1)
FNDA:0,(anonymous_2)
FNDA:0,(anonymous_3)
FNDA:0,(anonymous_4)
FNDA:0,(anonymous_5)
DA:1,0
DA:2,0
DA:3,0
DA:17,0
DA:18,0
DA:19,0
DA:26,0
DA:33,0
DA:40,0
DA:51,0
DA:53,0
DA:54,0
DA:55,0
DA:57,0
DA:59,0
DA:69,0
DA:82,0
LF:17
LH:0
BRDA:57,0,0,0
BRDA:57,0,1,0
BRDA:57,0,2,0
BRDA:60,1,0,0
BRDA:60,1,1,0
BRF:5
BRH:0
end_of_record
TN:
SF:src/services/ManagementFeeService.ts
FN:32,(anonymous_1)
FN:103,(anonymous_2)
FN:139,(anonymous_3)
FN:187,(anonymous_4)
FN:204,(anonymous_5)
FN:224,(anonymous_6)
FN:245,(anonymous_7)
FN:265,(anonymous_8)
FN:270,(anonymous_9)
FN:286,(anonymous_10)
FN:294,(anonymous_11)
FN:301,(anonymous_12)
FN:330,(anonymous_13)
FN:347,(anonymous_14)
FNF:14
FNH:0
FNDA:0,(anonymous_1)
FNDA:0,(anonymous_2)
FNDA:0,(anonymous_3)
FNDA:0,(anonymous_4)
FNDA:0,(anonymous_5)
FNDA:0,(anonymous_6)
FNDA:0,(anonymous_7)
FNDA:0,(anonymous_8)
FNDA:0,(anonymous_9)
FNDA:0,(anonymous_10)
FNDA:0,(anonymous_11)
FNDA:0,(anonymous_12)
FNDA:0,(anonymous_13)
FNDA:0,(anonymous_14)
DA:1,0
DA:2,0
DA:3,0
DA:4,0
DA:5,0
DA:6,0
DA:7,0
DA:8,0
DA:40,0
DA:43,0
DA:44,0
DA:45,0
DA:49,0
DA:54,0
DA:55,0
DA:56,0
DA:57,0
DA:60,0
DA:82,0
DA:88,0
DA:90,0
DA:104,0
DA:107,0
DA:109,0
DA:110,0
DA:113,0
DA:114,0
DA:117,0
DA:118,0
DA:119,0
DA:121,0
DA:122,0
DA:123,0
DA:125,0
DA:130,0
DA:144,0
DA:145,0
DA:146,0
DA:149,0
DA:150,0
DA:151,0
DA:153,0
DA:154,0
DA:158,0
DA:159,0
DA:161,0
DA:194,0
DA:196,0
DA:203,0
DA:204,0
DA:209,0
DA:211,0
DA:212,0
DA:215,0
DA:218,0
DA:230,0
DA:249,0
DA:256,0
DA:264,0
DA:265,0
DA:269,0
DA:270,0
DA:274,0
DA:276,0
DA:287,0
DA:288,0
DA:295,0
DA:306,0
DA:311,0
DA:312,0
DA:313,0
DA:314,0
DA:317,0
DA:331,0
DA:332,0
DA:333,0
DA:336,0
DA:337,0
DA:340,0
DA:341,0
DA:351,0
DA:352,0
DA:353,0
DA:356,0
DA:365,0
DA:369,0
LF:86
LH:0
BRDA:37,0,0,0
BRDA:39,1,0,0
BRDA:44,2,0,0
BRDA:49,3,0,0
BRDA:49,3,1,0
BRDA:104,4,0,0
BRDA:109,5,0,0
BRDA:121,6,0,0
BRDA:121,6,1,0
BRDA:145,7,0,0
BRDA:194,8,0,0
BRDA:194,8,1,0
BRDA:211,9,0,0
BRDA:277,10,0,0
BRDA:277,10,1,0
BRDA:311,11,0,0
BRDA:311,12,0,0
BRDA:311,12,1,0
BRDA:313,13,0,0
BRDA:314,14,0,0
BRDA:332,15,0,0
BRDA:336,16,0,0
BRDA:352,17,0,0
BRF:23
BRH:0
end_of_record
TN:
SF:src/services/PerformanceAnalyticsService.ts
FN:37,(anonymous_0)
FN:61,(anonymous_1)
FN:94,(anonymous_2)
FN:112,(anonymous_3)
FN:123,(anonymous_4)
FN:151,(anonymous_5)
FN:187,(anonymous_6)
FN:223,(anonymous_7)
FN:257,(anonymous_8)
FN:263,(anonymous_9)
FN:300,(anonymous_10)
FN:306,(anonymous_11)
FN:340,(anonymous_12)
FN:344,(anonymous_13)
FN:355,(anonymous_14)
FN:359,(anonymous_15)
FN:381,(anonymous_16)
FN:389,(anonymous_17)
FN:406,(anonymous_18)
FN:412,(anonymous_19)
FN:427,(anonymous_20)
FN:431,(anonymous_21)
FN:446,(anonymous_22)
FN:468,(anonymous_23)
FN:476,(anonymous_24)
FN:483,(anonymous_25)
FNF:26
FNH:0
FNDA:0,(anonymous_0)
FNDA:0,(anonymous_1)
FNDA:0,(anonymous_2)
FNDA:0,(anonymous_3)
FNDA:0,(anonymous_4)
FNDA:0,(anonymous_5)
FNDA:0,(anonymous_6)
FNDA:0,(anonymous_7)
FNDA:0,(anonymous_8)
FNDA:0,(anonymous_9)
FNDA:0,(anonymous_10)
FNDA:0,(anonymous_11)
FNDA:0,(anonymous_12)
FNDA:0,(anonymous_13)
FNDA:0,(anonymous_14)
FNDA:0,(anonymous_15)
FNDA:0,(anonymous_16)
FNDA:0,(anonymous_17)
FNDA:0,(anonymous_18)
FNDA:0,(anonymous_19)
FNDA:0,(anonymous_20)
FNDA:0,(anonymous_21)
FNDA:0,(anonymous_22)
FNDA:0,(anonymous_23)
FNDA:0,(anonymous_24)
FNDA:0,(anonymous_25)
DA:1,0
DA:2,0
DA:32,0
DA:42,0
DA:43,0
DA:44,0
DA:47,0
DA:51,0
DA:52,0
DA:53,0
DA:56,0
DA:61,0
DA:62,0
DA:66,0
DA:69,0
DA:76,0
DA:88,0
DA:99,0
DA:100,0
DA:101,0
DA:104,0
DA:108,0
DA:109,0
DA:112,0
DA:113,0
DA:114,0
DA:115,0
DA:118,0
DA:123,0
DA:124,0
DA:127,0
DA:128,0
DA:135,0
DA:157,0
DA:166,0
DA:167,0
DA:168,0
DA:170,0
DA:171,0
DA:172,0
DA:174,0
DA:181,0
DA:193,0
DA:197,0
DA:209,0
DA:210,0
DA:212,0
DA:228,0
DA:229,0
DA:232,0
DA:233,0
DA:234,0
DA:236,0
DA:237,0
DA:239,0
DA:240,0
DA:241,0
DA:247,0
DA:251,0
DA:261,0
DA:263,0
DA:264,0
DA:265,0
DA:267,0
DA:269,0
DA:270,0
DA:272,0
DA:273,0
DA:276,0
DA:277,0
DA:285,0
DA:288,0
DA:294,0
DA:306,0
DA:307,0
DA:309,0
DA:311,0
DA:312,0
DA:314,0
DA:315,0
DA:318,0
DA:325,0
DA:326,0
DA:328,0
DA:331,0
DA:341,0
DA:344,0
DA:349,0
DA:350,0
DA:351,0
DA:352,0
DA:354,0
DA:355,0
DA:356,0
DA:359,0
DA:360,0
DA:363,0
DA:364,0
DA:367,0
DA:368,0
DA:371,0
DA:372,0
DA:375,0
DA:384,0
DA:386,0
DA:387,0
DA:389,0
DA:390,0
DA:391,0
DA:393,0
DA:394,0
DA:396,0
DA:400,0
DA:410,0
DA:412,0
DA:413,0
DA:415,0
DA:416,0
DA:418,0
DA:421,0
DA:428,0
DA:429,0
DA:431,0
DA:432,0
DA:433,0
DA:434,0
DA:435,0
DA:436,0
DA:440,0
DA:449,0
DA:455,0
DA:457,0
DA:458,0
DA:459,0
DA:462,0
DA:469,0
DA:470,0
DA:477,0
DA:484,0
DA:486,0
DA:488,0
DA:490,0
DA:492,0
DA:493,0
DA:495,0
DA:500,0
LF:146
LH:0
BRDA:43,0,0,0
BRDA:52,1,0,0
BRDA:71,2,0,0
BRDA:71,2,1,0
BRDA:78,3,0,0
BRDA:78,3,1,0
BRDA:79,4,0,0
BRDA:79,4,1,0
BRDA:80,5,0,0
BRDA:80,5,1,0
BRDA:81,6,0,0
BRDA:81,6,1,0
BRDA:83,7,0,0
BRDA:83,7,1,0
BRDA:84,8,0,0
BRDA:84,8,1,0
BRDA:100,9,0,0
BRDA:108,10,0,0
BRDA:114,11,0,0
BRDA:137,12,0,0
BRDA:137,12,1,0
BRDA:138,13,0,0
BRDA:138,13,1,0
BRDA:139,14,0,0
BRDA:139,14,1,0
BRDA:140,15,0,0
BRDA:140,15,1,0
BRDA:142,16,0,0
BRDA:142,16,1,0
BRDA:143,17,0,0
BRDA:143,17,1,0
BRDA:155,18,0,0
BRDA:225,19,0,0
BRDA:228,20,0,0
BRDA:228,20,1,0
BRDA:267,21,0,0
BRDA:267,21,1,0
BRDA:276,22,0,0
BRDA:285,23,0,0
BRDA:285,24,0,0
BRDA:285,24,1,0
BRDA:309,25,0,0
BRDA:309,25,1,0
BRDA:326,26,0,0
BRDA:326,27,0,0
BRDA:326,27,1,0
BRDA:341,28,0,0
BRDA:346,29,0,0
BRDA:346,29,1,0
BRDA:363,30,0,0
BRDA:367,31,0,0
BRDA:375,32,0,0
BRDA:375,32,1,0
BRDA:375,33,0,0
BRDA:375,33,1,0
BRDA:393,34,0,0
BRDA:393,34,1,0
BRDA:400,35,0,0
BRDA:400,35,1,0
BRDA:415,36,0,0
BRDA:433,37,0,0
BRDA:433,37,1,0
BRDA:435,38,0,0
BRDA:440,39,0,0
BRDA:440,39,1,0
BRDA:455,40,0,0
BRDA:455,40,1,0
BRDA:458,41,0,0
BRDA:486,42,0,0
BRDA:486,42,1,0
BRDA:486,42,2,0
BRDA:486,42,3,0
BRF:72
BRH:0
end_of_record
TN:
SF:src/services/PreferredReturnService.ts
FN:25,(anonymous_0)
FN:86,(anonymous_1)
FN:98,(anonymous_2)
FN:131,(anonymous_3)
FN:151,(anonymous_4)
FN:215,(anonymous_5)
FN:233,(anonymous_6)
FN:278,(anonymous_7)
FN:295,(anonymous_8)
FN:327,(anonymous_9)
FN:357,(anonymous_10)
FN:366,(anonymous_11)
FNF:12
FNH:0
FNDA:0,(anonymous_0)
FNDA:0,(anonymous_1)
FNDA:0,(anonymous_2)
FNDA:0,(anonymous_3)
FNDA:0,(anonymous_4)
FNDA:0,(anonymous_5)
FNDA:0,(anonymous_6)
FNDA:0,(anonymous_7)
FNDA:0,(anonymous_8)
FNDA:0,(anonymous_9)
FNDA:0,(anonymous_10)
FNDA:0,(anonymous_11)
DA:1,0
DA:20,0
DA:32,0
DA:34,0
DA:41,0
DA:44,0
DA:47,0
DA:49,0
DA:72,0
DA:79,0
DA:91,0
DA:92,0
DA:108,0
DA:112,0
DA:114,0
DA:115,0
DA:121,0
DA:122,0
DA:128,0
DA:131,0
DA:141,0
DA:163,0
DA:165,0
DA:166,0
DA:168,0
DA:169,0
DA:171,0
DA:172,0
DA:174,0
DA:175,0
DA:178,0
DA:179,0
DA:182,0
DA:186,0
DA:188,0
DA:205,0
DA:233,0
DA:235,0
DA:236,0
DA:241,0
DA:243,0
DA:244,0
DA:245,0
DA:248,0
DA:251,0
DA:256,0
DA:262,0
DA:264,0
DA:271,0
DA:278,0
DA:285,0
DA:300,0
DA:302,0
DA:303,0
DA:306,0
DA:307,0
DA:310,0
DA:311,0
DA:314,0
DA:315,0
DA:318,0
DA:333,0
DA:335,0
DA:336,0
DA:338,0
DA:339,0
DA:341,0
DA:342,0
DA:344,0
DA:345,0
DA:348,0
DA:349,0
DA:351,0
DA:366,0
DA:367,0
DA:369,0
DA:371,0
DA:372,0
DA:373,0
DA:376,0
DA:377,0
DA:379,0
DA:383,0
DA:387,0
DA:388,0
DA:399,0
DA:403,0
LF:87
LH:0
BRDA:79,0,0,0
BRDA:79,0,1,0
BRDA:155,1,0,0
BRDA:163,2,0,0
BRDA:163,2,1,0
BRDA:163,2,2,0
BRDA:163,2,3,0
BRDA:245,3,0,0
BRDA:245,3,1,0
BRDA:302,4,0,0
BRDA:306,5,0,0
BRDA:306,6,0,0
BRDA:306,6,1,0
BRDA:310,7,0,0
BRDA:314,8,0,0
BRDA:333,9,0,0
BRDA:333,9,1,0
BRDA:333,9,2,0
BRDA:333,9,3,0
BRDA:373,10,0,0
BRDA:373,10,1,0
BRDA:376,11,0,0
BRDA:376,11,1,0
BRDA:387,12,0,0
BRDA:387,13,0,0
BRDA:387,13,1,0
BRF:26
BRH:0
end_of_record
TN:
SF:src/services/TierAuditService.ts
FN:25,(anonymous_1)
FN:42,(anonymous_2)
FN:93,(anonymous_3)
FN:149,(anonymous_4)
FN:211,(anonymous_5)
FN:259,(anonymous_6)
FN:316,(anonymous_7)
FN:378,(anonymous_8)
FN:393,(anonymous_9)
FN:412,(anonymous_10)
FN:458,(anonymous_11)
FN:468,(anonymous_12)
FN:497,(anonymous_13)
FN:515,(anonymous_14)
FNF:14
FNH:0
FNDA:0,(anonymous_1)
FNDA:0,(anonymous_2)
FNDA:0,(anonymous_3)
FNDA:0,(anonymous_4)
FNDA:0,(anonymous_5)
FNDA:0,(anonymous_6)
FNDA:0,(anonymous_7)
FNDA:0,(anonymous_8)
FNDA:0,(anonymous_9)
FNDA:0,(anonymous_10)
FNDA:0,(anonymous_11)
FNDA:0,(anonymous_12)
FNDA:0,(anonymous_13)
FNDA:0,(anonymous_14)
DA:1,0
DA:2,0
DA:3,0
DA:4,0
DA:29,0
DA:31,0
DA:32,0
DA:33,0
DA:36,0
DA:46,0
DA:49,0
DA:52,0
DA:55,0
DA:58,0
DA:61,0
DA:64,0
DA:65,0
DA:66,0
DA:84,0
DA:87,0
DA:94,0
DA:95,0
DA:98,0
DA:105,0
DA:106,0
DA:115,0
DA:116,0
DA:123,0
DA:150,0
DA:151,0
DA:153,0
DA:154,0
DA:155,0
DA:157,0
DA:159,0
DA:160,0
DA:161,0
DA:162,0
DA:163,0
DA:166,0
DA:167,0
DA:168,0
DA:169,0
DA:172,0
DA:173,0
DA:174,0
DA:175,0
DA:178,0
DA:179,0
DA:180,0
DA:183,0
DA:184,0
DA:187,0
DA:212,0
DA:213,0
DA:214,0
DA:216,0
DA:232,0
DA:260,0
DA:261,0
DA:262,0
DA:264,0
DA:267,0
DA:275,0
DA:276,0
DA:284,0
DA:291,0
DA:317,0
DA:318,0
DA:319,0
DA:320,0
DA:322,0
DA:325,0
DA:336,0
DA:337,0
DA:338,0
DA:345,0
DA:379,0
DA:381,0
DA:382,0
DA:383,0
DA:387,0
DA:405,0
DA:411,0
DA:412,0
DA:413,0
DA:420,0
DA:422,0
DA:423,0
DA:424,0
DA:425,0
DA:426,0
DA:427,0
DA:438,0
DA:446,0
DA:464,0
DA:465,0
DA:466,0
DA:468,0
DA:469,0
DA:472,0
DA:474,0
DA:475,0
DA:478,0
DA:479,0
DA:482,0
DA:483,0
DA:486,0
DA:505,0
DA:506,0
DA:512,0
DA:515,0
DA:516,0
DA:517,0
DA:518,0
DA:523,0
DA:524,0
DA:527,0
DA:535,0
LF:119
LH:0
BRDA:115,0,0,0
BRDA:157,1,0,0
BRDA:157,1,1,0
BRDA:157,1,2,0
BRDA:157,1,3,0
BRDA:157,1,4,0
BRDA:161,2,0,0
BRDA:161,2,1,0
BRDA:168,3,0,0
BRDA:168,3,1,0
BRDA:174,4,0,0
BRDA:174,4,1,0
BRDA:202,5,0,0
BRDA:202,5,1,0
BRDA:364,6,0,0
BRDA:364,6,1,0
BRDA:382,7,0,0
BRDA:382,8,0,0
BRDA:382,8,1,0
BRDA:423,9,0,0
BRDA:426,10,0,0
BRDA:426,11,0,0
BRDA:426,11,1,0
BRDA:429,12,0,0
BRDA:429,12,1,0
BRDA:431,13,0,0
BRDA:431,13,1,0
BRDA:442,14,0,0
BRDA:442,14,1,0
BRDA:466,15,0,0
BRDA:466,15,1,0
BRDA:474,16,0,0
BRDA:478,17,0,0
BRDA:482,18,0,0
BRDA:517,19,0,0
BRF:35
BRH:0
end_of_record
TN:
SF:src/services/WaterfallCalculationService.ts
FN:65,(anonymous_1)
FN:75,(anonymous_2)
FN:132,(anonymous_3)
FN:143,(anonymous_4)
FN:170,(anonymous_5)
FN:255,(anonymous_6)
FN:284,(anonymous_7)
FN:299,(anonymous_8)
FN:309,(anonymous_9)
FN:353,(anonymous_10)
FN:399,(anonymous_11)
FN:407,(anonymous_12)
FN:421,(anonymous_13)
FN:432,(anonymous_14)
FN:433,(anonymous_15)
FN:456,(anonymous_16)
FN:461,(anonymous_17)
FN:466,(anonymous_18)
FN:467,(anonymous_19)
FN:470,(anonymous_20)
FN:471,(anonymous_21)
FN:474,(anonymous_22)
FN:475,(anonymous_23)
FN:478,(anonymous_24)
FN:479,(anonymous_25)
FN:482,(anonymous_26)
FN:483,(anonymous_27)
FN:486,(anonymous_28)
FN:487,(anonymous_29)
FN:503,(anonymous_30)
FN:515,(anonymous_31)
FN:534,(anonymous_32)
FN:559,(anonymous_33)
FN:563,(anonymous_34)
FN:580,(anonymous_35)
FNF:35
FNH:0
FNDA:0,(anonymous_1)
FNDA:0,(anonymous_2)
FNDA:0,(anonymous_3)
FNDA:0,(anonymous_4)
FNDA:0,(anonymous_5)
FNDA:0,(anonymous_6)
FNDA:0,(anonymous_7)
FNDA:0,(anonymous_8)
FNDA:0,(anonymous_9)
FNDA:0,(anonymous_10)
FNDA:0,(anonymous_11)
FNDA:0,(anonymous_12)
FNDA:0,(anonymous_13)
FNDA:0,(anonymous_14)
FNDA:0,(anonymous_15)
FNDA:0,(anonymous_16)
FNDA:0,(anonymous_17)
FNDA:0,(anonymous_18)
FNDA:0,(anonymous_19)
FNDA:0,(anonymous_20)
FNDA:0,(anonymous_21)
FNDA:0,(anonymous_22)
FNDA:0,(anonymous_23)
FNDA:0,(anonymous_24)
FNDA:0,(anonymous_25)
FNDA:0,(anonymous_26)
FNDA:0,(anonymous_27)
FNDA:0,(anonymous_28)
FNDA:0,(anonymous_29)
FNDA:0,(anonymous_30)
FNDA:0,(anonymous_31)
FNDA:0,(anonymous_32)
FNDA:0,(anonymous_33)
FNDA:0,(anonymous_34)
FNDA:0,(anonymous_35)
DA:1,0
DA:2,0
DA:3,0
DA:6,0
DA:7,0
DA:8,0
DA:9,0
DA:10,0
DA:11,0
DA:66,0
DA:67,0
DA:68,0
DA:69,0
DA:76,0
DA:78,0
DA:79,0
DA:80,0
DA:84,0
DA:87,0
DA:90,0
DA:93,0
DA:101,0
DA:108,0
DA:111,0
DA:114,0
DA:116,0
DA:124,0
DA:125,0
DA:138,0
DA:139,0
DA:140,0
DA:143,0
DA:145,0
DA:146,0
DA:154,0
DA:155,0
DA:156,0
DA:159,0
DA:160,0
DA:164,0
DA:177,0
DA:178,0
DA:180,0
DA:182,0
DA:189,0
DA:190,0
DA:191,0
DA:194,0
DA:200,0
DA:201,0
DA:202,0
DA:205,0
DA:211,0
DA:212,0
DA:213,0
DA:217,0
DA:218,0
DA:223,0
DA:226,0
DA:230,0
DA:249,0
DA:262,0
DA:263,0
DA:264,0
DA:266,0
DA:268,0
DA:289,0
DA:303,0
DA:313,0
DA:355,0
DA:393,0
DA:401,0
DA:407,0
DA:408,0
DA:412,0
DA:421,0
DA:422,0
DA:426,0
DA:427,0
DA:428,0
DA:431,0
DA:432,0
DA:433,0
DA:435,0
DA:439,0
DA:461,0
DA:462,0
DA:465,0
DA:466,0
DA:467,0
DA:469,0
DA:470,0
DA:471,0
DA:473,0
DA:474,0
DA:475,0
DA:477,0
DA:478,0
DA:479,0
DA:481,0
DA:482,0
DA:483,0
DA:485,0
DA:486,0
DA:487,0
DA:489,0
DA:508,0
DA:515,0
DA:539,0
DA:541,0
DA:542,0
DA:550,0
DA:553,0
DA:560,0
DA:563,0
DA:564,0
DA:567,0
DA:568,0
DA:572,0
DA:573,0
DA:574,0
DA:575,0
DA:580,0
DA:581,0
DA:584,0
DA:585,0
DA:588,0
DA:596,0
DA:598,0
LF:129
LH:0
BRDA:79,0,0,0
BRDA:125,1,0,0
BRDA:125,1,1,0
BRDA:159,2,0,0
BRDA:180,3,0,0
BRDA:180,3,1,0
BRDA:180,3,2,0
BRDA:180,3,3,0
BRDA:180,3,4,0
BRDA:266,4,0,0
BRDA:266,4,1,0
BRDA:408,5,0,0
BRDA:408,5,1,0
BRDA:435,6,0,0
BRDA:435,6,1,0
BRDA:567,7,0,0
BRDA:574,8,0,0
BRDA:584,9,0,0
BRF:18
BRH:0
end_of_record
TN:
SF:src/services/authService.ts
FN:22,(anonymous_1)
FN:56,(anonymous_2)
FN:109,(anonymous_3)
FN:145,(anonymous_4)
FN:174,(anonymous_5)
FN:201,(anonymous_6)
FN:219,(anonymous_7)
FN:246,(anonymous_8)
FN:277,(anonymous_9)
FNF:9
FNH:0
FNDA:0,(anonymous_1)
FNDA:0,(anonymous_2)
FNDA:0,(anonymous_3)
FNDA:0,(anonymous_4)
FNDA:0,(anonymous_5)
FNDA:0,(anonymous_6)
FNDA:0,(anonymous_7)
FNDA:0,(anonymous_8)
FNDA:0,(anonymous_9)
DA:1,0
DA:2,0
DA:3,0
DA:4,0
DA:5,0
DA:6,0
DA:7,0
DA:8,0
DA:21,0
DA:29,0
DA:31,0
DA:32,0
DA:33,0
DA:37,0
DA:46,0
DA:48,0
DA:49,0
DA:51,0
DA:52,0
DA:57,0
DA:59,0
DA:63,0
DA:64,0
DA:67,0
DA:68,0
DA:72,0
DA:73,0
DA:74,0
DA:77,0
DA:84,0
DA:85,0
DA:90,0
DA:91,0
DA:94,0
DA:95,0
DA:98,0
DA:99,0
DA:101,0
DA:102,0
DA:104,0
DA:105,0
DA:110,0
DA:111,0
DA:112,0
DA:115,0
DA:120,0
DA:121,0
DA:125,0
DA:126,0
DA:127,0
DA:131,0
DA:132,0
DA:135,0
DA:136,0
DA:138,0
DA:140,0
DA:141,0
DA:146,0
DA:147,0
DA:148,0
DA:149,0
DA:153,0
DA:158,0
DA:159,0
DA:162,0
DA:164,0
DA:169,0
DA:170,0
DA:175,0
DA:176,0
DA:177,0
DA:178,0
DA:181,0
DA:188,0
DA:189,0
DA:190,0
DA:191,0
DA:194,0
DA:196,0
DA:197,0
DA:202,0
DA:203,0
DA:204,0
DA:205,0
DA:208,0
DA:209,0
DA:210,0
DA:212,0
DA:214,0
DA:215,0
DA:224,0
DA:225,0
DA:226,0
DA:227,0
DA:231,0
DA:232,0
DA:236,0
DA:237,0
DA:239,0
DA:241,0
DA:242,0
DA:247,0
DA:248,0
DA:249,0
DA:251,0
DA:255,0
DA:256,0
DA:262,0
DA:263,0
DA:264,0
DA:266,0
DA:270,0
DA:272,0
DA:273,0
DA:278,0
DA:280,0
DA:286,0
DA:292,0
DA:293,0
DA:297,0
DA:298,0
DA:299,0
DA:300,0
DA:302,0
DA:304,0
DA:305,0
DA:310,0
LF:127
LH:0
BRDA:32,0,0,0
BRDA:42,1,0,0
BRDA:42,1,1,0
BRDA:63,2,0,0
BRDA:63,3,0,0
BRDA:63,3,1,0
BRDA:67,4,0,0
BRDA:72,5,0,0
BRDA:73,6,0,0
BRDA:84,7,0,0
BRDA:120,8,0,0
BRDA:126,9,0,0
BRDA:126,10,0,0
BRDA:126,10,1,0
BRDA:148,11,0,0
BRDA:177,12,0,0
BRDA:177,13,0,0
BRDA:177,13,1,0
BRDA:188,14,0,0
BRDA:204,15,0,0
BRDA:226,16,0,0
BRDA:231,17,0,0
BRDA:249,18,0,0
BRDA:292,19,0,0
BRDA:292,20,0,0
BRDA:292,20,1,0
BRDA:292,20,2,0
BRF:27
BRH:0
end_of_record
TN:
SF:src/utils/apiHelpers.ts
FN:20,(anonymous_0)
FN:28,(anonymous_1)
FN:35,(anonymous_2)
FN:41,(anonymous_3)
FN:47,(anonymous_4)
FN:61,(anonymous_5)
FN:82,(anonymous_6)
FN:84,(anonymous_7)
FN:85,(anonymous_8)
FN:88,(anonymous_9)
FN:100,(anonymous_10)
FN:111,(anonymous_11)
FN:115,(anonymous_12)
FN:121,(anonymous_13)
FN:127,(anonymous_14)
FN:132,(anonymous_15)
FN:136,(anonymous_16)
FN:152,(anonymous_17)
FN:171,(anonymous_18)
FN:183,(anonymous_19)
FNF:20
FNH:0
FNDA:0,(anonymous_0)
FNDA:0,(anonymous_1)
FNDA:0,(anonymous_2)
FNDA:0,(anonymous_3)
FNDA:0,(anonymous_4)
FNDA:0,(anonymous_5)
FNDA:0,(anonymous_6)
FNDA:0,(anonymous_7)
FNDA:0,(anonymous_8)
FNDA:0,(anonymous_9)
FNDA:0,(anonymous_10)
FNDA:0,(anonymous_11)
FNDA:0,(anonymous_12)
FNDA:0,(anonymous_13)
FNDA:0,(anonymous_14)
FNDA:0,(anonymous_15)
FNDA:0,(anonymous_16)
FNDA:0,(anonymous_17)
FNDA:0,(anonymous_18)
FNDA:0,(anonymous_19)
DA:2,0
DA:19,0
DA:21,0
DA:22,0
DA:23,0
DA:25,0
DA:29,0
DA:30,0
DA:32,0
DA:36,0
DA:37,0
DA:40,0
DA:41,0
DA:48,0
DA:50,0
DA:51,0
DA:52,0
DA:53,0
DA:54,0
DA:55,0
DA:58,0
DA:66,0
DA:83,0
DA:84,0
DA:85,0
DA:89,0
DA:91,0
DA:92,0
DA:93,0
DA:97,0
DA:101,0
DA:103,0
DA:112,0
DA:116,0
DA:117,0
DA:118,0
DA:122,0
DA:123,0
DA:124,0
DA:128,0
DA:129,0
DA:133,0
DA:137,0
DA:138,0
DA:140,0
DA:141,0
DA:144,0
DA:145,0
DA:149,0
DA:159,0
DA:172,0
DA:174,0
DA:175,0
DA:176,0
DA:180,0
DA:189,0
DA:190,0
DA:192,0
DA:199,0
DA:200,0
DA:207,0
DA:208,0
DA:209,0
DA:212,0
DA:216,0
LF:65
LH:0
BRDA:21,0,0,0
BRDA:21,0,1,0
BRDA:22,1,0,0
BRDA:22,1,1,0
BRDA:28,2,0,0
BRDA:29,3,0,0
BRDA:29,3,1,0
BRDA:30,4,0,0
BRDA:30,4,1,0
BRDA:36,5,0,0
BRDA:36,6,0,0
BRDA:36,6,1,0
BRDA:50,7,0,0
BRDA:50,7,1,0
BRDA:50,8,0,0
BRDA:50,8,1,0
BRDA:52,9,0,0
BRDA:52,9,1,0
BRDA:54,10,0,0
BRDA:58,11,0,0
BRDA:58,11,1,0
BRDA:85,12,0,0
BRDA:85,12,1,0
BRDA:92,13,0,0
BRDA:92,14,0,0
BRDA:92,14,1,0
BRDA:92,14,2,0
BRDA:92,14,3,0
BRDA:100,15,0,0
BRDA:101,16,0,0
BRDA:101,16,1,0
BRDA:111,17,0,0
BRDA:129,18,0,0
BRDA:129,18,1,0
BRDA:132,19,0,0
BRDA:144,20,0,0
BRDA:144,21,0,0
BRDA:144,21,1,0
BRDA:175,22,0,0
BRDA:183,23,0,0
BRDA:199,24,0,0
BRDA:199,25,0,0
BRDA:199,25,1,0
BRDA:207,26,0,0
BRF:44
BRH:0
end_of_record
TN:
SF:src/utils/logger.ts
FNF:0
FNH:0
DA:1,0
DA:2,0
DA:3,0
DA:4,0
DA:7,0
DA:8,0
DA:9,0
DA:12,0
DA:37,0
DA:38,0
DA:48,0
LF:11
LH:0
BRDA:8,0,0,0
BRDA:37,1,0,0
BRF:2
BRH:0
end_of_record
